mpif90 -DWWM_MPI -DMPIVERSION=2 -DUSE_WWM -DWWM_SOLVER -DSHYFEM_COUPLING -DST42 -DWW3_QB -DNCDF -I/home/aron/opt/netcdf3_gfortran/include -Waliasing -Wampersand -Wconversion -Wsurprising -Wintrinsics-std -Wno-tabs -Wintrinsic-shadow -Wline-truncation -Wreal-q-constant -g -ggdb -fcheck=all -fbacktrace -pedantic-errors -ffree-line-length-none   -DSNL4_TSA   -c elfe_glbl.F90
mpif90 -DWWM_MPI -DMPIVERSION=2 -DUSE_WWM -DWWM_SOLVER -DSHYFEM_COUPLING -DST42 -DWW3_QB -DNCDF -I/home/aron/opt/netcdf3_gfortran/include -Waliasing -Wampersand -Wconversion -Wsurprising -Wintrinsics-std -Wno-tabs -Wintrinsic-shadow -Wline-truncation -Wreal-q-constant -g -ggdb -fcheck=all -fbacktrace -pedantic-errors -ffree-line-length-none   -DSNL4_TSA   -c elfe_msgp.F90
mpif.h:16.18:
    Included at elfe_msgp.F90:28:

       CHARACTER*1 MPI_ARGVS_NULL(1,1)
                  1
Warning: Obsolescent feature: Old-style character length at (1)
mpif.h:17.18:
    Included at elfe_msgp.F90:28:

       CHARACTER*1 MPI_ARGV_NULL(1)
                  1
Warning: Obsolescent feature: Old-style character length at (1)
mpif.h:528.16:
    Included at elfe_msgp.F90:28:

       integer*8 MPI_DISPLACEMENT_CURRENT
                1
Warning: Nonstandard type declaration INTEGER*8 at (1)
mpif.h:546.13:
    Included at elfe_msgp.F90:28:

       REAL*8 MPI_WTIME, MPI_WTICK
             1
Warning: Nonstandard type declaration REAL*8 at (1)
mpif.h:547.13:
    Included at elfe_msgp.F90:28:

       REAL*8 PMPI_WTIME, PMPI_WTICK
             1
Warning: Nonstandard type declaration REAL*8 at (1)
mpif90 -DWWM_MPI -DMPIVERSION=2 -DUSE_WWM -DWWM_SOLVER -DSHYFEM_COUPLING -DST42 -DWW3_QB -DNCDF -I/home/aron/opt/netcdf3_gfortran/include -Waliasing -Wampersand -Wconversion -Wsurprising -Wintrinsics-std -Wno-tabs -Wintrinsic-shadow -Wline-truncation -Wreal-q-constant -g -ggdb -fcheck=all -fbacktrace -pedantic-errors -ffree-line-length-none   -DSNL4_TSA   -c solver_subs.F90
mpif.h:16.18:
    Included at solver_subs.F90:23:

       CHARACTER*1 MPI_ARGVS_NULL(1,1)
                  1
Warning: Obsolescent feature: Old-style character length at (1)
mpif.h:17.18:
    Included at solver_subs.F90:23:

       CHARACTER*1 MPI_ARGV_NULL(1)
                  1
Warning: Obsolescent feature: Old-style character length at (1)
mpif.h:528.16:
    Included at solver_subs.F90:23:

       integer*8 MPI_DISPLACEMENT_CURRENT
                1
Warning: Nonstandard type declaration INTEGER*8 at (1)
mpif.h:546.13:
    Included at solver_subs.F90:23:

       REAL*8 MPI_WTIME, MPI_WTICK
             1
Warning: Nonstandard type declaration REAL*8 at (1)
mpif.h:547.13:
    Included at solver_subs.F90:23:

       REAL*8 PMPI_WTIME, PMPI_WTICK
             1
Warning: Nonstandard type declaration REAL*8 at (1)
mpif.h:16.18:
    Included at solver_subs.F90:231:

       CHARACTER*1 MPI_ARGVS_NULL(1,1)
                  1
Warning: Obsolescent feature: Old-style character length at (1)
mpif.h:17.18:
    Included at solver_subs.F90:231:

       CHARACTER*1 MPI_ARGV_NULL(1)
                  1
Warning: Obsolescent feature: Old-style character length at (1)
mpif.h:528.16:
    Included at solver_subs.F90:231:

       integer*8 MPI_DISPLACEMENT_CURRENT
                1
Warning: Nonstandard type declaration INTEGER*8 at (1)
mpif.h:546.13:
    Included at solver_subs.F90:231:

       REAL*8 MPI_WTIME, MPI_WTICK
             1
Warning: Nonstandard type declaration REAL*8 at (1)
mpif.h:547.13:
    Included at solver_subs.F90:231:

       REAL*8 PMPI_WTIME, PMPI_WTICK
             1
Warning: Nonstandard type declaration REAL*8 at (1)
mpif90 -DWWM_MPI -DMPIVERSION=2 -DUSE_WWM -DWWM_SOLVER -DSHYFEM_COUPLING -DST42 -DWW3_QB -DNCDF -I/home/aron/opt/netcdf3_gfortran/include -Waliasing -Wampersand -Wconversion -Wsurprising -Wintrinsics-std -Wno-tabs -Wintrinsic-shadow -Wline-truncation -Wreal-q-constant -g -ggdb -fcheck=all -fbacktrace -pedantic-errors -ffree-line-length-none   -DSNL4_TSA   -c io_subs.F90
mpif.h:16.18:
    Included at io_subs.F90:70:

       CHARACTER*1 MPI_ARGVS_NULL(1,1)
                  1
Warning: Obsolescent feature: Old-style character length at (1)
mpif.h:17.18:
    Included at io_subs.F90:70:

       CHARACTER*1 MPI_ARGV_NULL(1)
                  1
Warning: Obsolescent feature: Old-style character length at (1)
mpif.h:528.16:
    Included at io_subs.F90:70:

       integer*8 MPI_DISPLACEMENT_CURRENT
                1
Warning: Nonstandard type declaration INTEGER*8 at (1)
mpif.h:546.13:
    Included at io_subs.F90:70:

       REAL*8 MPI_WTIME, MPI_WTICK
             1
Warning: Nonstandard type declaration REAL*8 at (1)
mpif.h:547.13:
    Included at io_subs.F90:70:

       REAL*8 PMPI_WTIME, PMPI_WTICK
             1
Warning: Nonstandard type declaration REAL*8 at (1)
mpif90 -DWWM_MPI -DMPIVERSION=2 -DUSE_WWM -DWWM_SOLVER -DSHYFEM_COUPLING -DST42 -DWW3_QB -DNCDF -I/home/aron/opt/netcdf3_gfortran/include -Waliasing -Wampersand -Wconversion -Wsurprising -Wintrinsics-std -Wno-tabs -Wintrinsic-shadow -Wline-truncation -Wreal-q-constant -g -ggdb -fcheck=all -fbacktrace -pedantic-errors -ffree-line-length-none   -DSNL4_TSA   -c grid_subs.F90
mpif.h:16.18:
    Included at grid_subs.F90:299:

       CHARACTER*1 MPI_ARGVS_NULL(1,1)
                  1
Warning: Obsolescent feature: Old-style character length at (1)
mpif.h:17.18:
    Included at grid_subs.F90:299:

       CHARACTER*1 MPI_ARGV_NULL(1)
                  1
Warning: Obsolescent feature: Old-style character length at (1)
mpif.h:528.16:
    Included at grid_subs.F90:299:

       integer*8 MPI_DISPLACEMENT_CURRENT
                1
Warning: Nonstandard type declaration INTEGER*8 at (1)
mpif.h:546.13:
    Included at grid_subs.F90:299:

       REAL*8 MPI_WTIME, MPI_WTICK
             1
Warning: Nonstandard type declaration REAL*8 at (1)
mpif.h:547.13:
    Included at grid_subs.F90:299:

       REAL*8 PMPI_WTIME, PMPI_WTICK
             1
Warning: Nonstandard type declaration REAL*8 at (1)
mpif.h:16.18:
    Included at grid_subs.F90:794:

       CHARACTER*1 MPI_ARGVS_NULL(1,1)
                  1
Warning: Obsolescent feature: Old-style character length at (1)
mpif.h:17.18:
    Included at grid_subs.F90:794:

       CHARACTER*1 MPI_ARGV_NULL(1)
                  1
Warning: Obsolescent feature: Old-style character length at (1)
mpif.h:528.16:
    Included at grid_subs.F90:794:

       integer*8 MPI_DISPLACEMENT_CURRENT
                1
Warning: Nonstandard type declaration INTEGER*8 at (1)
mpif.h:546.13:
    Included at grid_subs.F90:794:

       REAL*8 MPI_WTIME, MPI_WTICK
             1
Warning: Nonstandard type declaration REAL*8 at (1)
mpif.h:547.13:
    Included at grid_subs.F90:794:

       REAL*8 PMPI_WTIME, PMPI_WTICK
             1
Warning: Nonstandard type declaration REAL*8 at (1)
grid_subs.F90:365.10:

    xproj=xnd; yproj=ynd
          1
Warning: Possible change of value in conversion from REAL(8) to REAL(4) at (1)
grid_subs.F90:365.21:

    xproj=xnd; yproj=ynd
                     1
Warning: Possible change of value in conversion from REAL(8) to REAL(4) at (1)
grid_subs.F90:374.15:

      xproj(i)=2*rearth*xnd(i)/(rearth+znd(i))
               1
Warning: Possible change of value in conversion from REAL(8) to REAL(4) at (1)
grid_subs.F90:375.15:

      yproj(i)=2*rearth*ynd(i)/(rearth+znd(i))
               1
Warning: Possible change of value in conversion from REAL(8) to REAL(4) at (1)
grid_subs.F90:465.20:

    xyz(2*(ie-1)+1)=xtmp
                    1
Warning: Possible change of value in conversion from REAL(8) to REAL(4) at (1)
grid_subs.F90:466.20:

    xyz(2*(ie-1)+2)=ytmp
                    1
Warning: Possible change of value in conversion from REAL(8) to REAL(4) at (1)
grid_subs.F90:469.15:

        kbetmp=0.d0 
               1
Warning: Possible change of value in conversion from REAL(8) to INTEGER(4) at (1)
mpif90 -DWWM_MPI -DMPIVERSION=2 -DUSE_WWM -DWWM_SOLVER -DSHYFEM_COUPLING -DST42 -DWW3_QB -DNCDF -I/home/aron/opt/netcdf3_gfortran/include -Waliasing -Wampersand -Wconversion -Wsurprising -Wintrinsics-std -Wno-tabs -Wintrinsic-shadow -Wline-truncation -Wreal-q-constant -g -ggdb -fcheck=all -fbacktrace -pedantic-errors -ffree-line-length-none   -DSNL4_TSA   -c misc_subs.F90
mpif.h:16.18:
    Included at misc_subs.F90:45:

       CHARACTER*1 MPI_ARGVS_NULL(1,1)
                  1
Warning: Obsolescent feature: Old-style character length at (1)
mpif.h:17.18:
    Included at misc_subs.F90:45:

       CHARACTER*1 MPI_ARGV_NULL(1)
                  1
Warning: Obsolescent feature: Old-style character length at (1)
mpif.h:528.16:
    Included at misc_subs.F90:45:

       integer*8 MPI_DISPLACEMENT_CURRENT
                1
Warning: Nonstandard type declaration INTEGER*8 at (1)
mpif.h:546.13:
    Included at misc_subs.F90:45:

       REAL*8 MPI_WTIME, MPI_WTICK
             1
Warning: Nonstandard type declaration REAL*8 at (1)
mpif.h:547.13:
    Included at misc_subs.F90:45:

       REAL*8 PMPI_WTIME, PMPI_WTICK
             1
Warning: Nonstandard type declaration REAL*8 at (1)
mpif.h:16.18:
    Included at misc_subs.F90:145:

       CHARACTER*1 MPI_ARGVS_NULL(1,1)
                  1
Warning: Obsolescent feature: Old-style character length at (1)
mpif.h:17.18:
    Included at misc_subs.F90:145:

       CHARACTER*1 MPI_ARGV_NULL(1)
                  1
Warning: Obsolescent feature: Old-style character length at (1)
mpif.h:528.16:
    Included at misc_subs.F90:145:

       integer*8 MPI_DISPLACEMENT_CURRENT
                1
Warning: Nonstandard type declaration INTEGER*8 at (1)
mpif.h:546.13:
    Included at misc_subs.F90:145:

       REAL*8 MPI_WTIME, MPI_WTICK
             1
Warning: Nonstandard type declaration REAL*8 at (1)
mpif.h:547.13:
    Included at misc_subs.F90:145:

       REAL*8 PMPI_WTIME, PMPI_WTICK
             1
Warning: Nonstandard type declaration REAL*8 at (1)
mpif.h:16.18:
    Included at misc_subs.F90:964:

       CHARACTER*1 MPI_ARGVS_NULL(1,1)
                  1
Warning: Obsolescent feature: Old-style character length at (1)
mpif.h:17.18:
    Included at misc_subs.F90:964:

       CHARACTER*1 MPI_ARGV_NULL(1)
                  1
Warning: Obsolescent feature: Old-style character length at (1)
mpif.h:528.16:
    Included at misc_subs.F90:964:

       integer*8 MPI_DISPLACEMENT_CURRENT
                1
Warning: Nonstandard type declaration INTEGER*8 at (1)
mpif.h:546.13:
    Included at misc_subs.F90:964:

       REAL*8 MPI_WTIME, MPI_WTICK
             1
Warning: Nonstandard type declaration REAL*8 at (1)
mpif.h:547.13:
    Included at misc_subs.F90:964:

       REAL*8 PMPI_WTIME, PMPI_WTICK
             1
Warning: Nonstandard type declaration REAL*8 at (1)
mpif.h:16.18:
    Included at misc_subs.F90:1436:

       CHARACTER*1 MPI_ARGVS_NULL(1,1)
                  1
Warning: Obsolescent feature: Old-style character length at (1)
mpif.h:17.18:
    Included at misc_subs.F90:1436:

       CHARACTER*1 MPI_ARGV_NULL(1)
                  1
Warning: Obsolescent feature: Old-style character length at (1)
mpif.h:528.16:
    Included at misc_subs.F90:1436:

       integer*8 MPI_DISPLACEMENT_CURRENT
                1
Warning: Nonstandard type declaration INTEGER*8 at (1)
mpif.h:546.13:
    Included at misc_subs.F90:1436:

       REAL*8 MPI_WTIME, MPI_WTICK
             1
Warning: Nonstandard type declaration REAL*8 at (1)
mpif.h:547.13:
    Included at misc_subs.F90:1436:

       REAL*8 PMPI_WTIME, PMPI_WTICK
             1
Warning: Nonstandard type declaration REAL*8 at (1)
mpif90 -DWWM_MPI -DMPIVERSION=2 -DUSE_WWM -DWWM_SOLVER -DSHYFEM_COUPLING -DST42 -DWW3_QB -DNCDF -I/home/aron/opt/netcdf3_gfortran/include -Waliasing -Wampersand -Wconversion -Wsurprising -Wintrinsics-std -Wno-tabs -Wintrinsic-shadow -Wline-truncation -Wreal-q-constant -g -ggdb -fcheck=all -fbacktrace -pedantic-errors -ffree-line-length-none   -DSNL4_TSA   -c wwm_pdlib.F90
mpif90 -DWWM_MPI -DMPIVERSION=2 -DUSE_WWM -DWWM_SOLVER -DSHYFEM_COUPLING -DST42 -DWW3_QB -DNCDF -I/home/aron/opt/netcdf3_gfortran/include -Waliasing -Wampersand -Wconversion -Wsurprising -Wintrinsics-std -Wno-tabs -Wintrinsic-shadow -Wline-truncation -Wreal-q-constant -g -ggdb -fcheck=all -fbacktrace -pedantic-errors -ffree-line-length-none   -DSNL4_TSA   -c wwm_datapl.F90
mpif90 -DWWM_MPI -DMPIVERSION=2 -DUSE_WWM -DWWM_SOLVER -DSHYFEM_COUPLING -DST42 -DWW3_QB -DNCDF -I/home/aron/opt/netcdf3_gfortran/include -Waliasing -Wampersand -Wconversion -Wsurprising -Wintrinsics-std -Wno-tabs -Wintrinsic-shadow -Wline-truncation -Wreal-q-constant -g -ggdb -fcheck=all -fbacktrace -pedantic-errors -ffree-line-length-none   -DSNL4_TSA   -c wwm_petscpool.F90
mpif90 -DWWM_MPI -DMPIVERSION=2 -DUSE_WWM -DWWM_SOLVER -DSHYFEM_COUPLING -DST42 -DWW3_QB -DNCDF -I/home/aron/opt/netcdf3_gfortran/include -Waliasing -Wampersand -Wconversion -Wsurprising -Wintrinsics-std -Wno-tabs -Wintrinsic-shadow -Wline-truncation -Wreal-q-constant -g -ggdb -fcheck=all -fbacktrace -pedantic-errors -ffree-line-length-none   -DSNL4_TSA   -c wwm_petsc_seriell.F90
mpif90 -DWWM_MPI -DMPIVERSION=2 -DUSE_WWM -DWWM_SOLVER -DSHYFEM_COUPLING -DST42 -DWW3_QB -DNCDF -I/home/aron/opt/netcdf3_gfortran/include -Waliasing -Wampersand -Wconversion -Wsurprising -Wintrinsics-std -Wno-tabs -Wintrinsic-shadow -Wline-truncation -Wreal-q-constant -g -ggdb -fcheck=all -fbacktrace -pedantic-errors -ffree-line-length-none   -DSNL4_TSA   -c wwm_petsc_parallel.F90
mpif90 -DWWM_MPI -DMPIVERSION=2 -DUSE_WWM -DWWM_SOLVER -DSHYFEM_COUPLING -DST42 -DWW3_QB -DNCDF -I/home/aron/opt/netcdf3_gfortran/include -Waliasing -Wampersand -Wconversion -Wsurprising -Wintrinsics-std -Wno-tabs -Wintrinsic-shadow -Wline-truncation -Wreal-q-constant -g -ggdb -fcheck=all -fbacktrace -pedantic-errors -ffree-line-length-none   -DSNL4_TSA   -c wwm_petsc_block.F90
mpif90 -DWWM_MPI -DMPIVERSION=2 -DUSE_WWM -DWWM_SOLVER -DSHYFEM_COUPLING -DST42 -DWW3_QB -DNCDF -I/home/aron/opt/netcdf3_gfortran/include -Waliasing -Wampersand -Wconversion -Wsurprising -Wintrinsics-std -Wno-tabs -Wintrinsic-shadow -Wline-truncation -Wreal-q-constant -g -ggdb -fcheck=all -fbacktrace -pedantic-errors -ffree-line-length-none   -DSNL4_TSA   -c wwm_petsc_controller.F90
mpif90 -DWWM_MPI -DMPIVERSION=2 -DUSE_WWM -DWWM_SOLVER -DSHYFEM_COUPLING -DST42 -DWW3_QB -DNCDF -I/home/aron/opt/netcdf3_gfortran/include -Waliasing -Wampersand -Wconversion -Wsurprising -Wintrinsics-std -Wno-tabs -Wintrinsic-shadow -Wline-truncation -Wreal-q-constant -g -ggdb -fcheck=all -fbacktrace -pedantic-errors -ffree-line-length-none   -DSNL4_TSA   -c wwm_aux.F90
mpif90 -DWWM_MPI -DMPIVERSION=2 -DUSE_WWM -DWWM_SOLVER -DSHYFEM_COUPLING -DST42 -DWW3_QB -DNCDF -I/home/aron/opt/netcdf3_gfortran/include -Waliasing -Wampersand -Wconversion -Wsurprising -Wintrinsics-std -Wno-tabs -Wintrinsic-shadow -Wline-truncation -Wreal-q-constant -g -ggdb -fcheck=all -fbacktrace -pedantic-errors -ffree-line-length-none   -DSNL4_TSA   -c wwm_aux_parall.F90
mpif90 -DWWM_MPI -DMPIVERSION=2 -DUSE_WWM -DWWM_SOLVER -DSHYFEM_COUPLING -DST42 -DWW3_QB -DNCDF -I/home/aron/opt/netcdf3_gfortran/include -Waliasing -Wampersand -Wconversion -Wsurprising -Wintrinsics-std -Wno-tabs -Wintrinsic-shadow -Wline-truncation -Wreal-q-constant -g -ggdb -fcheck=all -fbacktrace -pedantic-errors -ffree-line-length-none   -DSNL4_TSA   -c wwm_mjdv2.F90
wwm_mjdv2.F90:128.19:

            MJD  = XMJD
                   1
Warning: Possible change of value in conversion from REAL(8) to INTEGER(4) at (1)
wwm_mjdv2.F90:137.19:

            ID   = C - E - INT(30.6001D0*NF) + FRC
                   1
Warning: Possible change of value in conversion from REAL(8) to INTEGER(4) at (1)
wwm_mjdv2.F90:142.19:

            ISEC = SEC
                   1
Warning: Possible change of value in conversion from REAL(8) to INTEGER(4) at (1)
mpif90 -DWWM_MPI -DMPIVERSION=2 -DUSE_WWM -DWWM_SOLVER -DSHYFEM_COUPLING -DST42 -DWW3_QB -DNCDF -I/home/aron/opt/netcdf3_gfortran/include -Waliasing -Wampersand -Wconversion -Wsurprising -Wintrinsics-std -Wno-tabs -Wintrinsic-shadow -Wline-truncation -Wreal-q-constant -g -ggdb -fcheck=all -fbacktrace -pedantic-errors -ffree-line-length-none   -DSNL4_TSA   -c wwm_blasaux.F90
wwm_blasaux.F90:58.23:

   10 assign 30 to next
                       1
Warning: Deleted feature: ASSIGN statement at (1)
wwm_blasaux.F90:63.19:

   20    go to next,(30, 50, 70, 110)
                   1
Warning: Deleted feature: Assigned GOTO statement at (1)
wwm_blasaux.F90:65.23:

      assign 50 to next
                       1
Warning: Deleted feature: ASSIGN statement at (1)
wwm_blasaux.F90:74.23:

      assign 70 to next
                       1
Warning: Deleted feature: ASSIGN statement at (1)
wwm_blasaux.F90:80.24:

      assign 110 to next
                        1
Warning: Deleted feature: ASSIGN statement at (1)
mpif90 -DWWM_MPI -DMPIVERSION=2 -DUSE_WWM -DWWM_SOLVER -DSHYFEM_COUPLING -DST42 -DWW3_QB -DNCDF -I/home/aron/opt/netcdf3_gfortran/include -Waliasing -Wampersand -Wconversion -Wsurprising -Wintrinsics-std -Wno-tabs -Wintrinsic-shadow -Wline-truncation -Wreal-q-constant -g -ggdb -fcheck=all -fbacktrace -pedantic-errors -ffree-line-length-none   -DSNL4_TSA   -c wwm_sparskit.F90
wwm_sparskit.F90:433.65:

         goto (10, 20, 40, 50, 60, 70, 80, 90, 100, 110) ipar(10)
                                                                 1
Warning: Obsolescent feature: Computed GOTO at (1)
wwm_sparskit.F90:692.48:

      goto (10, 20, 30, 40, 50, 60, 70) ipar(10)
                                                1
Warning: Obsolescent feature: Computed GOTO at (1)
mpif90 -DWWM_MPI -DMPIVERSION=2 -DUSE_WWM -DWWM_SOLVER -DSHYFEM_COUPLING -DST42 -DWW3_QB -DNCDF -I/home/aron/opt/netcdf3_gfortran/include -Waliasing -Wampersand -Wconversion -Wsurprising -Wintrinsics-std -Wno-tabs -Wintrinsic-shadow -Wline-truncation -Wreal-q-constant -g -ggdb -fcheck=all -fbacktrace -pedantic-errors -ffree-line-length-none   -DSNL4_TSA   -c wwm_ardhuin_old.F90
mpif90 -DWWM_MPI -DMPIVERSION=2 -DUSE_WWM -DWWM_SOLVER -DSHYFEM_COUPLING -DST42 -DWW3_QB -DNCDF -I/home/aron/opt/netcdf3_gfortran/include -Waliasing -Wampersand -Wconversion -Wsurprising -Wintrinsics-std -Wno-tabs -Wintrinsic-shadow -Wline-truncation -Wreal-q-constant -g -ggdb -fcheck=all -fbacktrace -pedantic-errors -ffree-line-length-none   -DSNL4_TSA   -c wwm_wind.F90
wwm_wind.F90:1473.12:

      REAL*8, DIMENSION(eta_rho, xi_rho), intent(in) :: LON_rho, LAT_rho
            1
Warning: Nonstandard type declaration REAL*8 at (1)
wwm_wind.F90:1474.12:

      REAL*8, DIMENSION(eta_rho, xi_rho), intent(out) :: ANG_rho
            1
Warning: Nonstandard type declaration REAL*8 at (1)
wwm_wind.F90:1477.12:

      real*8, allocatable :: LONrad_u(:,:)
            1
Warning: Nonstandard type declaration REAL*8 at (1)
wwm_wind.F90:1478.12:

      real*8, allocatable :: LATrad_u(:,:)
            1
Warning: Nonstandard type declaration REAL*8 at (1)
wwm_wind.F90:1479.12:

      real*8, allocatable :: azim(:,:)
            1
Warning: Nonstandard type declaration REAL*8 at (1)
wwm_wind.F90:1480.12:

      real*8 :: eAzim, fAzim, dlam, eFact1, eFact2
            1
Warning: Nonstandard type declaration REAL*8 at (1)
wwm_wind.F90:1481.12:

      real*8 :: signAzim, signDlam, ThePi, DegTwoRad
            1
Warning: Nonstandard type declaration REAL*8 at (1)
wwm_wind.F90:1482.12:

      real*8 :: eLon, eLat, phi1, phi2, xlam1, xlam2
            1
Warning: Nonstandard type declaration REAL*8 at (1)
wwm_wind.F90:1483.12:

      real*8 :: TPSI2, cta12
            1
Warning: Nonstandard type declaration REAL*8 at (1)
wwm_wind.F90:1916.20:

          wind_x4 = tmp
                    1
Warning: Possible change of value in conversion from REAL(8) to INTEGER(2) at (1)
wwm_wind.F90:1920.20:

          wind_y4 = tmp
                    1
Warning: Possible change of value in conversion from REAL(8) to INTEGER(2) at (1)
mpif90 -DWWM_MPI -DMPIVERSION=2 -DUSE_WWM -DWWM_SOLVER -DSHYFEM_COUPLING -DST42 -DWW3_QB -DNCDF -I/home/aron/opt/netcdf3_gfortran/include -Waliasing -Wampersand -Wconversion -Wsurprising -Wintrinsics-std -Wno-tabs -Wintrinsic-shadow -Wline-truncation -Wreal-q-constant -g -ggdb -fcheck=all -fbacktrace -pedantic-errors -ffree-line-length-none   -DSNL4_TSA   -c wwm_ardhuin_new.F90
wwm_ardhuin_new.F90:2133.24:

         BTH0(:)=MAX(0.,BTH0S(:)/NSMOOTH(:))
                        1
Warning: Extension: Different type kinds at (1)
wwm_ardhuin_new.F90:2136.38:

            BTH(IS0+1:IS0+NTH)=MAX(0.,BTHS(IS0+1:IS0+NTH)/NSMOOTH(IK))
                                      1
Warning: Extension: Different type kinds at (1)
wwm_ardhuin_new.F90:2149.35:

            X=TANH(MIN(K(IK)*DEPTH,10.))
                                   1
Warning: Extension: Different type kinds at (1)
wwm_ardhuin_new.F90:2164.50:

                                   COEF2*((MAX(0.,BTH((IK-1)*NTH+1:IK*NTH)-COEF
                                                  1
Warning: Extension: Different type kinds at (1)
wwm_ardhuin_new.F90:2169.33:

        PB = (MAX(SQRT(BTH)-EPSR,0.))**2     
                                 1
Warning: Extension: Different type kinds at (1)
wwm_ardhuin_new.F90:2242.18:

            IKD = FAC_KD2+ANINT(LOG(KBAR(IKL)*DEPTH)/LOG(FAC_KD1))
                  1
Warning: Possible change of value in conversion from REAL(8) to INTEGER(4) at (1)
wwm_ardhuin_new.F90:2243.18:

            IKHS= 1+ANINT(KBAR(IKL)*HS(IKL)/DKHS)
                  1
Warning: Possible change of value in conversion from REAL(8) to INTEGER(4) at (1)
wwm_ardhuin_new.F90:1886.38:

      SQRTCDM1  = MIN(WINDSPEED/USTAR,100.0)
                                      1
Warning: Extension: Different type kinds at (1)
wwm_ardhuin_new.F90:784.36:

      Z0VISC = 0.1*nu_air/MAX(USTAR,0.0001)
                                    1
Warning: Extension: Different type kinds at (1)
wwm_ardhuin_new.F90:1039.26:

      DELI1= MAX(MIN (1. ,XI-FLOAT(IND)),0.)
                          1
Warning: Extension: Different type kinds at (1)
wwm_ardhuin_new.F90:1039.41:

      DELI1= MAX(MIN (1. ,XI-FLOAT(IND)),0.)
                                         1
Warning: Extension: Different type kinds at (1)
wwm_ardhuin_new.F90:1041.31:

      XJ=MAX(0.,(G9*Z0/MAX(UST,0.00001)**2-AALPHA) / DELALP)
                               1
Warning: Extension: Different type kinds at (1)
wwm_ardhuin_new.F90:1041.16:

      XJ=MAX(0.,(G9*Z0/MAX(UST,0.00001)**2-AALPHA) / DELALP)
                1
Warning: Extension: Different type kinds at (1)
wwm_ardhuin_new.F90:1043.35:

      DELJ1= MAX(0.,MIN (1.      , XJ-FLOAT(J)))
                                   1
Warning: Extension: Different type kinds at (1)
wwm_ardhuin_new.F90:1043.20:

      DELJ1= MAX(0.,MIN (1.      , XJ-FLOAT(J)))
                    1
Warning: Extension: Different type kinds at (1)
wwm_ardhuin_new.F90:1048.25:

         DELK1= MIN (1. ,XK-FLOAT(I))
                         1
Warning: Extension: Different type kinds at (1)
mpif90 -DWWM_MPI -DMPIVERSION=2 -DUSE_WWM -DWWM_SOLVER -DSHYFEM_COUPLING -DST42 -DWW3_QB -DNCDF -I/home/aron/opt/netcdf3_gfortran/include -Waliasing -Wampersand -Wconversion -Wsurprising -Wintrinsics-std -Wno-tabs -Wintrinsic-shadow -Wline-truncation -Wreal-q-constant -g -ggdb -fcheck=all -fbacktrace -pedantic-errors -ffree-line-length-none   -DSNL4_TSA   -c wwm_dislin.F90
mpif90 -DWWM_MPI -DMPIVERSION=2 -DUSE_WWM -DWWM_SOLVER -DSHYFEM_COUPLING -DST42 -DWW3_QB -DNCDF -I/home/aron/opt/netcdf3_gfortran/include -Waliasing -Wampersand -Wconversion -Wsurprising -Wintrinsics-std -Wno-tabs -Wintrinsic-shadow -Wline-truncation -Wreal-q-constant -g -ggdb -fcheck=all -fbacktrace -pedantic-errors -ffree-line-length-none   -DSNL4_TSA   -c wwm_diclass.F90
mpif90 -DWWM_MPI -DMPIVERSION=2 -DUSE_WWM -DWWM_SOLVER -DSHYFEM_COUPLING -DST42 -DWW3_QB -DNCDF -I/home/aron/opt/netcdf3_gfortran/include -Waliasing -Wampersand -Wconversion -Wsurprising -Wintrinsics-std -Wno-tabs -Wintrinsic-shadow -Wline-truncation -Wreal-q-constant -g -ggdb -fcheck=all -fbacktrace -pedantic-errors -ffree-line-length-none   -DSNL4_TSA   -c wwm_gridcf.F90
mpif90 -DWWM_MPI -DMPIVERSION=2 -DUSE_WWM -DWWM_SOLVER -DSHYFEM_COUPLING -DST42 -DWW3_QB -DNCDF -I/home/aron/opt/netcdf3_gfortran/include -Waliasing -Wampersand -Wconversion -Wsurprising -Wintrinsics-std -Wno-tabs -Wintrinsic-shadow -Wline-truncation -Wreal-q-constant -g -ggdb -fcheck=all -fbacktrace -pedantic-errors -ffree-line-length-none   -DSNL4_TSA   -c wwm_hotfile.F90
mpif.h:16.18:
    Included at wwm_hotfile.F90:432:

       CHARACTER*1 MPI_ARGVS_NULL(1,1)
                  1
Warning: Obsolescent feature: Old-style character length at (1)
mpif.h:17.18:
    Included at wwm_hotfile.F90:432:

       CHARACTER*1 MPI_ARGV_NULL(1)
                  1
Warning: Obsolescent feature: Old-style character length at (1)
mpif.h:528.16:
    Included at wwm_hotfile.F90:432:

       integer*8 MPI_DISPLACEMENT_CURRENT
                1
Warning: Nonstandard type declaration INTEGER*8 at (1)
mpif.h:546.13:
    Included at wwm_hotfile.F90:432:

       REAL*8 MPI_WTIME, MPI_WTICK
             1
Warning: Nonstandard type declaration REAL*8 at (1)
mpif.h:547.13:
    Included at wwm_hotfile.F90:432:

       REAL*8 PMPI_WTIME, PMPI_WTICK
             1
Warning: Nonstandard type declaration REAL*8 at (1)
mpif.h:16.18:
    Included at wwm_hotfile.F90:570:

       CHARACTER*1 MPI_ARGVS_NULL(1,1)
                  1
Warning: Obsolescent feature: Old-style character length at (1)
mpif.h:17.18:
    Included at wwm_hotfile.F90:570:

       CHARACTER*1 MPI_ARGV_NULL(1)
                  1
Warning: Obsolescent feature: Old-style character length at (1)
mpif.h:528.16:
    Included at wwm_hotfile.F90:570:

       integer*8 MPI_DISPLACEMENT_CURRENT
                1
Warning: Nonstandard type declaration INTEGER*8 at (1)
mpif.h:546.13:
    Included at wwm_hotfile.F90:570:

       REAL*8 MPI_WTIME, MPI_WTICK
             1
Warning: Nonstandard type declaration REAL*8 at (1)
mpif.h:547.13:
    Included at wwm_hotfile.F90:570:

       REAL*8 PMPI_WTIME, PMPI_WTICK
             1
Warning: Nonstandard type declaration REAL*8 at (1)
mpif90 -DWWM_MPI -DMPIVERSION=2 -DUSE_WWM -DWWM_SOLVER -DSHYFEM_COUPLING -DST42 -DWW3_QB -DNCDF -I/home/aron/opt/netcdf3_gfortran/include -Waliasing -Wampersand -Wconversion -Wsurprising -Wintrinsics-std -Wno-tabs -Wintrinsic-shadow -Wline-truncation -Wreal-q-constant -g -ggdb -fcheck=all -fbacktrace -pedantic-errors -ffree-line-length-none   -DSNL4_TSA   -c wwm_parall_solver.F90
wwm_parall_solver.F90:4030.73:

              GTEMP2 = IMATRAA(IP,IS,ID)/MAX((1.-DT4A*IMATDAA(IP,IS,ID)),1.)
                                                                         1
Warning: Extension: Different type kinds at (1)
mpif90 -DWWM_MPI -DMPIVERSION=2 -DUSE_WWM -DWWM_SOLVER -DSHYFEM_COUPLING -DST42 -DWW3_QB -DNCDF -I/home/aron/opt/netcdf3_gfortran/include -Waliasing -Wampersand -Wconversion -Wsurprising -Wintrinsics-std -Wno-tabs -Wintrinsic-shadow -Wline-truncation -Wreal-q-constant -g -ggdb -fcheck=all -fbacktrace -pedantic-errors -ffree-line-length-none   -DSNL4_TSA   -c wwm_m_constants.F90
mpif90 -DWWM_MPI -DMPIVERSION=2 -DUSE_WWM -DWWM_SOLVER -DSHYFEM_COUPLING -DST42 -DWW3_QB -DNCDF -I/home/aron/opt/netcdf3_gfortran/include -Waliasing -Wampersand -Wconversion -Wsurprising -Wintrinsics-std -Wno-tabs -Wintrinsic-shadow -Wline-truncation -Wreal-q-constant -g -ggdb -fcheck=all -fbacktrace -pedantic-errors -ffree-line-length-none   -DSNL4_TSA   -c wwm_m_fileio.F90
mpif90 -DWWM_MPI -DMPIVERSION=2 -DUSE_WWM -DWWM_SOLVER -DSHYFEM_COUPLING -DST42 -DWW3_QB -DNCDF -I/home/aron/opt/netcdf3_gfortran/include -Waliasing -Wampersand -Wconversion -Wsurprising -Wintrinsics-std -Wno-tabs -Wintrinsic-shadow -Wline-truncation -Wreal-q-constant -g -ggdb -fcheck=all -fbacktrace -pedantic-errors -ffree-line-length-none   -DSNL4_TSA   -c wwm_serv_xnl4v5.F90
wwm_serv_xnl4v5.F90:35.13:

        x(i)=xm-xl*z
             1
Warning: Possible change of value in conversion from REAL(8) to REAL(4) at (1)
wwm_serv_xnl4v5.F90:36.17:

        x(n+1-i)=xm+xl*z
                 1
Warning: Possible change of value in conversion from REAL(8) to REAL(4) at (1)
wwm_serv_xnl4v5.F90:37.13:

        w(i)=2.d0*xl/((1.d0-z*z)*pp*pp)
             1
Warning: Possible change of value in conversion from REAL(8) to REAL(4) at (1)
mpif90 -DWWM_MPI -DMPIVERSION=2 -DUSE_WWM -DWWM_SOLVER -DSHYFEM_COUPLING -DST42 -DWW3_QB -DNCDF -I/home/aron/opt/netcdf3_gfortran/include -Waliasing -Wampersand -Wconversion -Wsurprising -Wintrinsics-std -Wno-tabs -Wintrinsic-shadow -Wline-truncation -Wreal-q-constant -g -ggdb -fcheck=all -fbacktrace -pedantic-errors -ffree-line-length-none   -DSNL4_TSA   -c wwm_mod_xnl4v5.F90
wwm_mod_xnl4v5.F90:8219.8:

z12   = wsqp12-wsq12
        1
Warning: Possible change of value in conversion from REAL(8) to REAL(4) at (1)
wwm_mod_xnl4v5.F90:8220.8:

z13   = wsqm13-wsq13
        1
Warning: Possible change of value in conversion from REAL(8) to REAL(4) at (1)
wwm_mod_xnl4v5.F90:8221.8:

z14   = wsqm14-wsq14
        1
Warning: Possible change of value in conversion from REAL(8) to REAL(4) at (1)
wwm_mod_xnl4v5.F90:8222.8:

z     = 2.*wsq12*(k1*k2-dot12)*(k3*k4-dot34)
        1
Warning: Possible change of value in conversion from REAL(8) to REAL(4) at (1)
wwm_mod_xnl4v5.F90:8224.8:

z     = 2.*wsq13*(k1*k3+dot13)*(k2*k4+dot24)
        1
Warning: Possible change of value in conversion from REAL(8) to REAL(4) at (1)
wwm_mod_xnl4v5.F90:8226.8:

z     = 2.*wsq14*(k1*k4+dot14)*(k2*k3+dot23)
        1
Warning: Possible change of value in conversion from REAL(8) to REAL(4) at (1)
wwm_mod_xnl4v5.F90:8229.9:

p5    =  0.25*(dot13+dot24) * wsq13 * wsq13
         1
Warning: Possible change of value in conversion from REAL(8) to REAL(4) at (1)
wwm_mod_xnl4v5.F90:8230.8:

p6    = -0.25*(dot12+dot34) * wsq12 * wsq12
        1
Warning: Possible change of value in conversion from REAL(8) to REAL(4) at (1)
wwm_mod_xnl4v5.F90:8231.9:

p7    =  0.25*(dot14+dot23) * wsq14 * wsq14
         1
Warning: Possible change of value in conversion from REAL(8) to REAL(4) at (1)
wwm_mod_xnl4v5.F90:8233.8:

p9    = wsq12*wsq13*wsq14* (k1 + k2 + k3 + k4)
        1
Warning: Possible change of value in conversion from REAL(8) to REAL(4) at (1)
wwm_mod_xnl4v5.F90:7401.8:

    z = q + w2 - w4
        1
Warning: Possible change of value in conversion from REAL(8) to REAL(4) at (1)
wwm_mod_xnl4v5.F90:7408.9:

    z  = q + w2 - w4
         1
Warning: Possible change of value in conversion from REAL(8) to REAL(4) at (1)
wwm_mod_xnl4v5.F90:3472.10:

ncirc   = 2.00001*pi/q_delta           ! number of directions on circle
          1
Warning: Possible change of value in conversion from REAL(4) to INTEGER(4) at (1)
wwm_mod_xnl4v5.F90:3018.10:

  kdif  = 0.
          1
Warning: Possible change of value in conversion from REAL(4) to INTEGER(4) at (1)
wwm_mod_xnl4v5.F90:3059.19:

  t_ia2(1:nloc)  = ibeta + 2.*iaref - r_ia2(1:nloc) -imirror
                   1
Warning: Possible change of value in conversion from REAL(4) to INTEGER(4) at (1)
wwm_mod_xnl4v5.F90:3060.19:

  t_ia4(1:nloc)  = ibeta + 2.*iaref - r_ia4(1:nloc) -imirror
                   1
Warning: Possible change of value in conversion from REAL(4) to INTEGER(4) at (1)
wwm_mod_xnl4v5.F90:3077.19:

  t_ia2(1:nloc)  = ibeta + 2.*iaref - r_ia4(1:nloc) -imirror
                   1
Warning: Possible change of value in conversion from REAL(4) to INTEGER(4) at (1)
wwm_mod_xnl4v5.F90:3078.19:

  t_ia4(1:nloc)  = ibeta + 2.*iaref - r_ia2(1:nloc) -imirror
                   1
Warning: Possible change of value in conversion from REAL(4) to INTEGER(4) at (1)
wwm_mod_xnl4v5.F90:3128.19:

  t_ia2(1:nloc)  = ibeta + 2.*iaref - r_ia2(1:nloc) -imirror
                   1
Warning: Possible change of value in conversion from REAL(4) to INTEGER(4) at (1)
wwm_mod_xnl4v5.F90:3129.19:

  t_ia4(1:nloc)  = ibeta + 2.*iaref - r_ia4(1:nloc) -imirror
                   1
Warning: Possible change of value in conversion from REAL(4) to INTEGER(4) at (1)
wwm_mod_xnl4v5.F90:1174.9:

mlocus = 1.3*nlocus0
         1
Warning: Possible change of value in conversion from REAL(4) to INTEGER(4) at (1)
mpif90 -DWWM_MPI -DMPIVERSION=2 -DUSE_WWM -DWWM_SOLVER -DSHYFEM_COUPLING -DST42 -DWW3_QB -DNCDF -I/home/aron/opt/netcdf3_gfortran/include -Waliasing -Wampersand -Wconversion -Wsurprising -Wintrinsics-std -Wno-tabs -Wintrinsic-shadow -Wline-truncation -Wreal-q-constant -g -ggdb -fcheck=all -fbacktrace -pedantic-errors -ffree-line-length-none   -DSNL4_TSA   -c wwm_snl4_wrt.F90
mpif90 -DWWM_MPI -DMPIVERSION=2 -DUSE_WWM -DWWM_SOLVER -DSHYFEM_COUPLING -DST42 -DWW3_QB -DNCDF -I/home/aron/opt/netcdf3_gfortran/include -Waliasing -Wampersand -Wconversion -Wsurprising -Wintrinsics-std -Wno-tabs -Wintrinsic-shadow -Wline-truncation -Wreal-q-constant -g -ggdb -fcheck=all -fbacktrace -pedantic-errors -ffree-line-length-none   -DSNL4_TSA   -c wwm_wave_setup.F90
mpif90 -DWWM_MPI -DMPIVERSION=2 -DUSE_WWM -DWWM_SOLVER -DSHYFEM_COUPLING -DST42 -DWW3_QB -DNCDF -I/home/aron/opt/netcdf3_gfortran/include -Waliasing -Wampersand -Wconversion -Wsurprising -Wintrinsics-std -Wno-tabs -Wintrinsic-shadow -Wline-truncation -Wreal-q-constant -g -ggdb -fcheck=all -fbacktrace -pedantic-errors -ffree-line-length-none   -DSNL4_TSA   -c wwm_initio.F90
wwm_initio.F90:1565.60:

        OPEN(WAV%FHNDL,FILE=WAV%FNAME, STATUS='OLD',CONVERT='BIG_ENDIAN',FORM='
                                                            1
Warning: Extension: CONVERT tag at (1)
wwm_initio.F90:1610.65:

        OPEN(WAV%FHNDL, FILE = WAV%FNAME, STATUS = 'OLD',CONVERT='BIG_ENDIAN',F
                                                                 1
Warning: Extension: CONVERT tag at (1)
wwm_initio.F90:1745.63:

      OPEN(WAV%FHNDL, FILE = WAV%FNAME, STATUS = 'OLD',CONVERT='BIG_ENDIAN',FOR
                                                               1
Warning: Extension: CONVERT tag at (1)
wwm_initio.F90:1762.21:

                DF = FQ_WW3(IS+1)-FQ_WW3(IS)
                     1
Warning: Possible change of value in conversion from REAL(8) to REAL(4) at (1)
wwm_initio.F90:1763.21:

                M0 = M0+((SPECOUT_SGLE(IS+1,ID)+SPECOUT_SGLE(IS,ID))/TWO)*DF*DD
                     1
Warning: Possible change of value in conversion from REAL(8) to REAL(4) at (1)
wwm_initio.F90:1764.21:

                M1 = M1+((FQ_WW3(IS+1)-FQ_WW3(IS))/TWO)*((SPECOUT_SGLE(IS+1,ID)
                     1
Warning: Possible change of value in conversion from REAL(8) to REAL(4) at (1)
wwm_initio.F90:1765.21:

                M2 = M2+(((FQ_WW3(IS+1)-FQ_WW3(IS))/TWO)**TWO)*((SPECOUT_SGLE(I
                     1
Warning: Possible change of value in conversion from REAL(8) to REAL(4) at (1)
wwm_initio.F90:1936.13:

          SW=SW+WEIGHT(IP)**P
             1
Warning: Possible change of value in conversion from REAL(8) to REAL(4) at (1)
mpif90 -DWWM_MPI -DMPIVERSION=2 -DUSE_WWM -DWWM_SOLVER -DSHYFEM_COUPLING -DST42 -DWW3_QB -DNCDF -I/home/aron/opt/netcdf3_gfortran/include -Waliasing -Wampersand -Wconversion -Wsurprising -Wintrinsics-std -Wno-tabs -Wintrinsic-shadow -Wline-truncation -Wreal-q-constant -g -ggdb -fcheck=all -fbacktrace -pedantic-errors -ffree-line-length-none   -DSNL4_TSA   -c wwm_netcdf.F90
mpif90 -DWWM_MPI -DMPIVERSION=2 -DUSE_WWM -DWWM_SOLVER -DSHYFEM_COUPLING -DST42 -DWW3_QB -DNCDF -I/home/aron/opt/netcdf3_gfortran/include -Waliasing -Wampersand -Wconversion -Wsurprising -Wintrinsics-std -Wno-tabs -Wintrinsic-shadow -Wline-truncation -Wreal-q-constant -g -ggdb -fcheck=all -fbacktrace -pedantic-errors -ffree-line-length-none   -DSNL4_TSA   -c wwm_input.F90
mpif90 -DWWM_MPI -DMPIVERSION=2 -DUSE_WWM -DWWM_SOLVER -DSHYFEM_COUPLING -DST42 -DWW3_QB -DNCDF -I/home/aron/opt/netcdf3_gfortran/include -Waliasing -Wampersand -Wconversion -Wsurprising -Wintrinsics-std -Wno-tabs -Wintrinsic-shadow -Wline-truncation -Wreal-q-constant -g -ggdb -fcheck=all -fbacktrace -pedantic-errors -ffree-line-length-none   -DSNL4_TSA   -c wwm_bdcons.F90
mpif90 -DWWM_MPI -DMPIVERSION=2 -DUSE_WWM -DWWM_SOLVER -DSHYFEM_COUPLING -DST42 -DWW3_QB -DNCDF -I/home/aron/opt/netcdf3_gfortran/include -Waliasing -Wampersand -Wconversion -Wsurprising -Wintrinsics-std -Wno-tabs -Wintrinsic-shadow -Wline-truncation -Wreal-q-constant -g -ggdb -fcheck=all -fbacktrace -pedantic-errors -ffree-line-length-none   -DSNL4_TSA   -c wwm_specparam.F90
mpif90 -DWWM_MPI -DMPIVERSION=2 -DUSE_WWM -DWWM_SOLVER -DSHYFEM_COUPLING -DST42 -DWW3_QB -DNCDF -I/home/aron/opt/netcdf3_gfortran/include -Waliasing -Wampersand -Wconversion -Wsurprising -Wintrinsics-std -Wno-tabs -Wintrinsic-shadow -Wline-truncation -Wreal-q-constant -g -ggdb -fcheck=all -fbacktrace -pedantic-errors -ffree-line-length-none   -DSNL4_TSA   -c wwm_windinput.F90
mpif90 -DWWM_MPI -DMPIVERSION=2 -DUSE_WWM -DWWM_SOLVER -DSHYFEM_COUPLING -DST42 -DWW3_QB -DNCDF -I/home/aron/opt/netcdf3_gfortran/include -Waliasing -Wampersand -Wconversion -Wsurprising -Wintrinsics-std -Wno-tabs -Wintrinsic-shadow -Wline-truncation -Wreal-q-constant -g -ggdb -fcheck=all -fbacktrace -pedantic-errors -ffree-line-length-none   -DSNL4_TSA   -c wwm_dissipation.F90
mpif90 -DWWM_MPI -DMPIVERSION=2 -DUSE_WWM -DWWM_SOLVER -DSHYFEM_COUPLING -DST42 -DWW3_QB -DNCDF -I/home/aron/opt/netcdf3_gfortran/include -Waliasing -Wampersand -Wconversion -Wsurprising -Wintrinsics-std -Wno-tabs -Wintrinsic-shadow -Wline-truncation -Wreal-q-constant -g -ggdb -fcheck=all -fbacktrace -pedantic-errors -ffree-line-length-none   -DSNL4_TSA   -c wwm_friction.F90
mpif90 -DWWM_MPI -DMPIVERSION=2 -DUSE_WWM -DWWM_SOLVER -DSHYFEM_COUPLING -DST42 -DWW3_QB -DNCDF -I/home/aron/opt/netcdf3_gfortran/include -Waliasing -Wampersand -Wconversion -Wsurprising -Wintrinsics-std -Wno-tabs -Wintrinsic-shadow -Wline-truncation -Wreal-q-constant -g -ggdb -fcheck=all -fbacktrace -pedantic-errors -ffree-line-length-none   -DSNL4_TSA   -c wwm_breaking.F90
mpif90 -DWWM_MPI -DMPIVERSION=2 -DUSE_WWM -DWWM_SOLVER -DSHYFEM_COUPLING -DST42 -DWW3_QB -DNCDF -I/home/aron/opt/netcdf3_gfortran/include -Waliasing -Wampersand -Wconversion -Wsurprising -Wintrinsics-std -Wno-tabs -Wintrinsic-shadow -Wline-truncation -Wreal-q-constant -g -ggdb -fcheck=all -fbacktrace -pedantic-errors -ffree-line-length-none   -DSNL4_TSA   -c wwm_snl3.F90
wwm_snl3.F90:1064.12:

      REAL*8                :: KI, KJ , ETOT
            1
Warning: Nonstandard type declaration REAL*8 at (1)
wwm_snl3.F90:1065.12:

      REAL*8                :: PROPFAK, DBETA, DSIGMA
            1
Warning: Nonstandard type declaration REAL*8 at (1)
wwm_snl3.F90:1066.12:

      REAL*8                :: BETA_0(MSC), BETA_1(MSC), SNL3(MSC,MDC)
            1
Warning: Nonstandard type declaration REAL*8 at (1)
wwm_snl3.F90:1067.12:

      REAL*8                :: DELTAK(MSC), DK, H, TMP1, TMP2, TMP3
            1
Warning: Nonstandard type declaration REAL*8 at (1)
wwm_snl3.F90:1068.12:

      REAL*8                :: PART1(MSC), PART2(MSC), EPS(MSC)
            1
Warning: Nonstandard type declaration REAL*8 at (1)
wwm_snl3.F90:1069.12:

      REAL*8                :: SUMAC, KJKIKJ, KJKJKI
            1
Warning: Nonstandard type declaration REAL*8 at (1)
wwm_snl3.F90:585.14:

        res = int((float(i+j)-abs(i-j)))/(float((i+j)+abs(i-j))) 
              1
Warning: Possible change of value in conversion from REAL(4) to INTEGER(4) at (1)
mpif90 -DWWM_MPI -DMPIVERSION=2 -DUSE_WWM -DWWM_SOLVER -DSHYFEM_COUPLING -DST42 -DWW3_QB -DNCDF -I/home/aron/opt/netcdf3_gfortran/include -Waliasing -Wampersand -Wconversion -Wsurprising -Wintrinsics-std -Wno-tabs -Wintrinsic-shadow -Wline-truncation -Wreal-q-constant -g -ggdb -fcheck=all -fbacktrace -pedantic-errors -ffree-line-length-none   -DSNL4_TSA   -c wwm_snl4.F90
mpif90 -DWWM_MPI -DMPIVERSION=2 -DUSE_WWM -DWWM_SOLVER -DSHYFEM_COUPLING -DST42 -DWW3_QB -DNCDF -I/home/aron/opt/netcdf3_gfortran/include -Waliasing -Wampersand -Wconversion -Wsurprising -Wintrinsics-std -Wno-tabs -Wintrinsic-shadow -Wline-truncation -Wreal-q-constant -g -ggdb -fcheck=all -fbacktrace -pedantic-errors -ffree-line-length-none   -DSNL4_TSA   -c wwm_snl42.F90
mpif90 -DWWM_MPI -DMPIVERSION=2 -DUSE_WWM -DWWM_SOLVER -DSHYFEM_COUPLING -DST42 -DWW3_QB -DNCDF -I/home/aron/opt/netcdf3_gfortran/include -Waliasing -Wampersand -Wconversion -Wsurprising -Wintrinsics-std -Wno-tabs -Wintrinsic-shadow -Wline-truncation -Wreal-q-constant -g -ggdb -fcheck=all -fbacktrace -pedantic-errors -ffree-line-length-none   -DSNL4_TSA   -c wwm_snl4_tsa.F90
wwm_snl4_tsa.F90:1264.212:


                                                                           1                                                                                                                                         
Warning: Extension: Missing comma at (1)
wwm_snl4_tsa.F90:1351.143:

\U000C0B9D
                                                                           1                                                                    
Warning: Extension: Missing comma at (1)
wwm_snl4_tsa.F90:1354.143:

\U000C0D1D
                                                                           1                                                                    
Warning: Extension: Missing comma at (1)
wwm_snl4_tsa.F90:1364.143:

\U000C121D
                                                                           1                                                                    
Warning: Extension: Missing comma at (1)
wwm_snl4_tsa.F90:1367.143:

\U000C139D
                                                                           1                                                                    
Warning: Extension: Missing comma at (1)
wwm_snl4_tsa.F90:1411.141:

\u0151
                                                                           1                                                                  
Warning: Extension: Missing comma at (1)
wwm_snl4_tsa.F90:1438.141:

\u0151
                                                                           1                                                                  
Warning: Extension: Missing comma at (1)
wwm_snl4_tsa.F90:1456.141:

\u0151
                                                                           1                                                                  
Warning: Extension: Missing comma at (1)
wwm_snl4_tsa.F90:1516.125:

----------------')
                                                                           1                                                  
Warning: Extension: Missing comma at (1)
wwm_snl4_tsa.F90:4083.13:

      igam = (gam-0.4)*10 + 0.5
             1
Warning: Possible change of value in conversion from REAL(4) to INTEGER(4) at (1)
wwm_snl4_tsa.F90:698.13:

      dfrq = XFR
             1
Warning: Possible change of value in conversion from REAL(8) to REAL(4) at (1)
wwm_snl4_tsa.F90:753.15:

      oma    = SIG(1:NK)
               1
Warning: Possible change of value in conversion from REAL(8) to REAL(4) at (1)
wwm_snl4_tsa.F90:775.15:

      ainc   = DTH
               1
Warning: Possible change of value in conversion from REAL(8) to REAL(4) at (1)
wwm_snl4_tsa.F90:776.15:

      angl   = TH(1:NTH)
               1
Warning: Possible change of value in conversion from REAL(8) to REAL(4) at (1)
wwm_snl4_tsa.F90:777.15:

      cosan  = ECOS(1:NTH)
               1
Warning: Possible change of value in conversion from REAL(8) to REAL(4) at (1)
wwm_snl4_tsa.F90:778.15:

      sinan  = ESIN(1:NTH)
               1
Warning: Possible change of value in conversion from REAL(8) to REAL(4) at (1)
mpif90 -DWWM_MPI -DMPIVERSION=2 -DUSE_WWM -DWWM_SOLVER -DSHYFEM_COUPLING -DST42 -DWW3_QB -DNCDF -I/home/aron/opt/netcdf3_gfortran/include -Waliasing -Wampersand -Wconversion -Wsurprising -Wintrinsics-std -Wno-tabs -Wintrinsic-shadow -Wline-truncation -Wreal-q-constant -g -ggdb -fcheck=all -fbacktrace -pedantic-errors -ffree-line-length-none   -DSNL4_TSA   -c wwm_babanin.F90
mpif90 -DWWM_MPI -DMPIVERSION=2 -DUSE_WWM -DWWM_SOLVER -DSHYFEM_COUPLING -DST42 -DWW3_QB -DNCDF -I/home/aron/opt/netcdf3_gfortran/include -Waliasing -Wampersand -Wconversion -Wsurprising -Wintrinsics-std -Wno-tabs -Wintrinsic-shadow -Wline-truncation -Wreal-q-constant -g -ggdb -fcheck=all -fbacktrace -pedantic-errors -ffree-line-length-none   -DSNL4_TSA   -c wwm_sourceterms.F90
wwm_sourceterms.F90:236.27:

               DEP_WRT   = DEP(IP)
                           1
Warning: Possible change of value in conversion from REAL(8) to REAL(4) at (1)
wwm_sourceterms.F90:248.38:

                   TMPAC_TSA(ID,IS) = ACLOC(IS,ID) * CG(IP,IS)
                                      1
Warning: Possible change of value in conversion from REAL(8) to REAL(4) at (1)
wwm_sourceterms.F90:251.24:

               CG_TSA = CG(IP,:)
                        1
Warning: Possible change of value in conversion from REAL(8) to REAL(4) at (1)
wwm_sourceterms.F90:252.24:

               WK_TSA = WK(IP,:)
                        1
Warning: Possible change of value in conversion from REAL(8) to REAL(4) at (1)
wwm_sourceterms.F90:253.25:

               DEP_TSA = DEP(IP)
                         1
Warning: Possible change of value in conversion from REAL(8) to REAL(4) at (1)
mpif90 -DWWM_MPI -DMPIVERSION=2 -DUSE_WWM -DWWM_SOLVER -DSHYFEM_COUPLING -DST42 -DWW3_QB -DNCDF -I/home/aron/opt/netcdf3_gfortran/include -Waliasing -Wampersand -Wconversion -Wsurprising -Wintrinsics-std -Wno-tabs -Wintrinsic-shadow -Wline-truncation -Wreal-q-constant -g -ggdb -fcheck=all -fbacktrace -pedantic-errors -ffree-line-length-none   -DSNL4_TSA   -c wwm_cycle3.F90
mpif90 -DWWM_MPI -DMPIVERSION=2 -DUSE_WWM -DWWM_SOLVER -DSHYFEM_COUPLING -DST42 -DWW3_QB -DNCDF -I/home/aron/opt/netcdf3_gfortran/include -Waliasing -Wampersand -Wconversion -Wsurprising -Wintrinsics-std -Wno-tabs -Wintrinsic-shadow -Wline-truncation -Wreal-q-constant -g -ggdb -fcheck=all -fbacktrace -pedantic-errors -ffree-line-length-none   -DSNL4_TSA   -c wwm_specint.F90
wwm_specint.F90:223.78:

                GTEMP2 = IMATRAA(IP,IS,ID)/MAX((1.-DT4A*IMATDAA(IP,IS,ID)),1.)
                                                                           1   
Warning: Extension: Different type kinds at (1)
wwm_specint.F90:224.78:

                NEWDAC = IMATRAA(IP,IS,ID)/MAX((1.-DT4A*IMATDAA(IP,IS,ID)),1.)
                                                                           1   
Warning: Extension: Different type kinds at (1)
mpif90 -DWWM_MPI -DMPIVERSION=2 -DUSE_WWM -DWWM_SOLVER -DSHYFEM_COUPLING -DST42 -DWW3_QB -DNCDF -I/home/aron/opt/netcdf3_gfortran/include -Waliasing -Wampersand -Wconversion -Wsurprising -Wintrinsics-std -Wno-tabs -Wintrinsic-shadow -Wline-truncation -Wreal-q-constant -g -ggdb -fcheck=all -fbacktrace -pedantic-errors -ffree-line-length-none   -DSNL4_TSA   -c wwm_nums1d.F90
mpif90 -DWWM_MPI -DMPIVERSION=2 -DUSE_WWM -DWWM_SOLVER -DSHYFEM_COUPLING -DST42 -DWW3_QB -DNCDF -I/home/aron/opt/netcdf3_gfortran/include -Waliasing -Wampersand -Wconversion -Wsurprising -Wintrinsics-std -Wno-tabs -Wintrinsic-shadow -Wline-truncation -Wreal-q-constant -g -ggdb -fcheck=all -fbacktrace -pedantic-errors -ffree-line-length-none   -DSNL4_TSA   -c wwm_numtheta.F90
mpif90 -DWWM_MPI -DMPIVERSION=2 -DUSE_WWM -DWWM_SOLVER -DSHYFEM_COUPLING -DST42 -DWW3_QB -DNCDF -I/home/aron/opt/netcdf3_gfortran/include -Waliasing -Wampersand -Wconversion -Wsurprising -Wintrinsics-std -Wno-tabs -Wintrinsic-shadow -Wline-truncation -Wreal-q-constant -g -ggdb -fcheck=all -fbacktrace -pedantic-errors -ffree-line-length-none   -DSNL4_TSA   -c wwm_numsigma.F90
mpif90 -DWWM_MPI -DMPIVERSION=2 -DUSE_WWM -DWWM_SOLVER -DSHYFEM_COUPLING -DST42 -DWW3_QB -DNCDF -I/home/aron/opt/netcdf3_gfortran/include -Waliasing -Wampersand -Wconversion -Wsurprising -Wintrinsics-std -Wno-tabs -Wintrinsic-shadow -Wline-truncation -Wreal-q-constant -g -ggdb -fcheck=all -fbacktrace -pedantic-errors -ffree-line-length-none   -DSNL4_TSA   -c wwm_fluctsplit.F90
wwm_fluctsplit.F90:1096.74:

               GTEMP2 = IMATRAA(IP,IS,ID)/MAX((1.-DT4A*IMATDAA(IP,IS,ID)),1.)
                                                                          1
Warning: Extension: Different type kinds at (1)
wwm_fluctsplit.F90:1126.17:

         FLJAU = 0.
                 1
Warning: Possible change of value in conversion from REAL(4) to INTEGER(4) at (1)
wwm_fluctsplit.F90:1127.17:

         FLJU  = 0.
                 1
Warning: Possible change of value in conversion from REAL(4) to INTEGER(4) at (1)
wwm_fluctsplit.F90:1297.56:

               GTEMP1 = MAX((1.-DT4A*IMATDAA(IP,IS,ID)),1.)
                                                        1
Warning: Extension: Different type kinds at (1)
wwm_fluctsplit.F90:1375.17:

         FLJAU = 0.
                 1
Warning: Possible change of value in conversion from REAL(4) to INTEGER(4) at (1)
wwm_fluctsplit.F90:1376.17:

         FLJU  = 0.
                 1
Warning: Possible change of value in conversion from REAL(4) to INTEGER(4) at (1)
wwm_fluctsplit.F90:2185.25:

           PTABLE(:,:) = 0. ! Table storing some other values needed to design 
                         1
Warning: Possible change of value in conversion from REAL(4) to INTEGER(4) at (1)
mpif90 -DWWM_MPI -DMPIVERSION=2 -DUSE_WWM -DWWM_SOLVER -DSHYFEM_COUPLING -DST42 -DWW3_QB -DNCDF -I/home/aron/opt/netcdf3_gfortran/include -Waliasing -Wampersand -Wconversion -Wsurprising -Wintrinsics-std -Wno-tabs -Wintrinsic-shadow -Wline-truncation -Wreal-q-constant -g -ggdb -fcheck=all -fbacktrace -pedantic-errors -ffree-line-length-none   -DSNL4_TSA   -c wwm_snonlin.F90
wwm_snonlin.F90:117.38:

            ENHFR(IJ) = MAX(ENHFR(IJ),.5)
                                      1
Warning: Extension: Different type kinds at (1)
mpif90 -DWWM_MPI -DMPIVERSION=2 -DUSE_WWM -DWWM_SOLVER -DSHYFEM_COUPLING -DST42 -DWW3_QB -DNCDF -I/home/aron/opt/netcdf3_gfortran/include -Waliasing -Wampersand -Wconversion -Wsurprising -Wintrinsics-std -Wno-tabs -Wintrinsic-shadow -Wline-truncation -Wreal-q-constant -g -ggdb -fcheck=all -fbacktrace -pedantic-errors -ffree-line-length-none   -DSNL4_TSA   -c wwm_stress.F90
mpif90 -DWWM_MPI -DMPIVERSION=2 -DUSE_WWM -DWWM_SOLVER -DSHYFEM_COUPLING -DST42 -DWW3_QB -DNCDF -I/home/aron/opt/netcdf3_gfortran/include -Waliasing -Wampersand -Wconversion -Wsurprising -Wintrinsics-std -Wno-tabs -Wintrinsic-shadow -Wline-truncation -Wreal-q-constant -g -ggdb -fcheck=all -fbacktrace -pedantic-errors -ffree-line-length-none   -DSNL4_TSA   -c wwm_stresso.F90
wwm_stresso.F90:107.25:

      INTEGER :: MIJ(IJS:IJL)
                         1
Warning: Extension: Symbol 'ijl' is used before it is typed at (1)
wwm_stresso.F90:109.32:

      REAL(rkind),DIMENSION(IJS:IJL,NANG,NFRE) :: F,SL
                                1
Warning: Extension: Symbol 'ijl' is used before it is typed at (1)
wwm_stresso.F90:110.32:

      REAL(rkind),DIMENSION(IJS:IJL) :: THWNEW, USNEW, Z0NEW, ROAIRN, TAUW, &
                                1
Warning: Extension: Symbol 'ijl' is used before it is typed at (1)
wwm_stresso.F90:114.32:

      REAL(rkind) :: CONST0(IJS:IJL)
                                1
Warning: Extension: Symbol 'ijl' is used before it is typed at (1)
wwm_stresso.F90:231.49:

        XSTRESS(IJ) = XSTRESS(IJ)/MAX(ROAIRN(IJ),1.)
                                                 1
Warning: Extension: Different type kinds at (1)
wwm_stresso.F90:232.49:

        YSTRESS(IJ) = YSTRESS(IJ)/MAX(ROAIRN(IJ),1.)
                                                 1
Warning: Extension: Different type kinds at (1)
wwm_stresso.F90:254.45:

        COSW     = MAX(COS(TH(K)-THWNEW(IJ)),0.)
                                             1
Warning: Extension: Different type kinds at (1)
wwm_stresso.F90:261.47:

          COSW     = MAX(COS(TH(K)-THWNEW(IJ)),0.)
                                               1
Warning: Extension: Different type kinds at (1)
wwm_stresso.F90:270.32:

          UST   = MAX(USNEW(IJ),0.000001)
                                1
Warning: Extension: Different type kinds at (1)
wwm_stresso.F90:273.35:

          XI    = MIN(REAL(IUSTAR),XI)
                                   1
Warning: Extension: Different type kinds at (1)
wwm_stresso.F90:276.27:

          DELI1 = MIN (1. ,XI-REAL(I))
                           1
Warning: Extension: Different type kinds at (1)
wwm_stresso.F90:280.35:

          XJ    = MIN(REAL(IALPHA),XJ)
                                   1
Warning: Extension: Different type kinds at (1)
wwm_stresso.F90:283.31:

          DELJ1 = MAX(MIN (1. ,XJ-REAL(J)),0.)
                               1
Warning: Extension: Different type kinds at (1)
wwm_stresso.F90:283.43:

          DELJ1 = MAX(MIN (1. ,XJ-REAL(J)),0.)
                                           1
Warning: Extension: Different type kinds at (1)
wwm_stresso.F90:298.32:

          UST   = MAX(USNEW(IJ),0.000001)
                                1
Warning: Extension: Different type kinds at (1)
wwm_stresso.F90:301.35:

          XI    = MIN(REAL(IUSTAR),XI)
                                   1
Warning: Extension: Different type kinds at (1)
wwm_stresso.F90:304.27:

          DELI1 = MIN (1. ,XI-REAL(I))
                           1
Warning: Extension: Different type kinds at (1)
wwm_stresso.F90:308.35:

          XJ    = MIN(REAL(IALPHA),XJ)
                                   1
Warning: Extension: Different type kinds at (1)
wwm_stresso.F90:311.31:

          DELJ1 = MAX(MIN (1. ,XJ-REAL(J)),0.)
                               1
Warning: Extension: Different type kinds at (1)
wwm_stresso.F90:311.43:

          DELJ1 = MAX(MIN (1. ,XJ-REAL(J)),0.)
                                           1
Warning: Extension: Different type kinds at (1)
wwm_stresso.F90:316.26:

          DELK1= MIN (1. ,XK-FLOAT(II))
                          1
Warning: Extension: Different type kinds at (1)
wwm_stresso.F90:339.32:

        TAUW(IJ) = MAX(TAUW(IJ),0.)
                                1
Warning: Extension: Different type kinds at (1)
mpif90 -DWWM_MPI -DMPIVERSION=2 -DUSE_WWM -DWWM_SOLVER -DSHYFEM_COUPLING -DST42 -DWW3_QB -DNCDF -I/home/aron/opt/netcdf3_gfortran/include -Waliasing -Wampersand -Wconversion -Wsurprising -Wintrinsics-std -Wno-tabs -Wintrinsic-shadow -Wline-truncation -Wreal-q-constant -g -ggdb -fcheck=all -fbacktrace -pedantic-errors -ffree-line-length-none   -DSNL4_TSA   -c wwm_sbottom.F90
wwm_sbottom.F90:71.18:

            ARG = 2.* DEP(IJ)*WK(IJ,M)!TFAK(INDEP(IJ),M)
                  1
Warning: Possible change of value in conversion from REAL(8) to REAL(4) at (1)
wwm_sbottom.F90:73.22:

            SBO(IJ) = CONST*WK(IJ,M)/SINH(ARG)
                      1
Warning: Possible change of value in conversion from REAL(8) to REAL(4) at (1)
mpif90 -DWWM_MPI -DMPIVERSION=2 -DUSE_WWM -DWWM_SOLVER -DSHYFEM_COUPLING -DST42 -DWW3_QB -DNCDF -I/home/aron/opt/netcdf3_gfortran/include -Waliasing -Wampersand -Wconversion -Wsurprising -Wintrinsics-std -Wno-tabs -Wintrinsic-shadow -Wline-truncation -Wreal-q-constant -g -ggdb -fcheck=all -fbacktrace -pedantic-errors -ffree-line-length-none   -DSNL4_TSA   -c wwm_sdiss_ardh_vec.F90
wwm_sdiss_ardh_vec.F90:190.37:

         WNMEAN2(IJ) = MAX( 1.E-10 , XKMEAN(IJ)  )
                                     1
Warning: Extension: Different type kinds at (1)
wwm_sdiss_ardh_vec.F90:401.30:

            BTH0(IJ,M)=MAX(0.,BTH0S(IJ,M)/NSMOOTH(IJ,M))
                              1
Warning: Extension: Different type kinds at (1)
wwm_sdiss_ardh_vec.F90:408.33:

              BTH(IJ,K,M)=MAX(0.,BTHS(IJ,K,M)/NSMOOTH(IJ,M))
                                 1
Warning: Extension: Different type kinds at (1)
wwm_sdiss_ardh_vec.F90:462.51:

     &              *(MAX(SQRT(BTH(IJ,K2,M2))-EPSR,0.))**2
                                                   1
Warning: Extension: Different type kinds at (1)
wwm_sdiss_ardh_vec.F90:479.31:

     &    + (1-SSDSC6)*(MAX(0.,BTH (IJ,K,M)*TMP03-SSDSC4))**P0)&
                               1
Warning: Extension: Different type kinds at (1)
wwm_sdiss_ardh_vec.F90:478.31:

     &    * (  SSDSC6 *(MAX(0.,BTH0(IJ,    M)*TMP03-SSDSC4))**P0 &
                               1
Warning: Extension: Different type kinds at (1)
mpif90 -DWWM_MPI -DMPIVERSION=2 -DUSE_WWM -DWWM_SOLVER -DSHYFEM_COUPLING -DST42 -DWW3_QB -DNCDF -I/home/aron/opt/netcdf3_gfortran/include -Waliasing -Wampersand -Wconversion -Wsurprising -Wintrinsics-std -Wno-tabs -Wintrinsic-shadow -Wline-truncation -Wreal-q-constant -g -ggdb -fcheck=all -fbacktrace -pedantic-errors -ffree-line-length-none   -DSNL4_TSA   -c wwm_sinput.F90
wwm_sinput.F90:115.32:

      REAL(rkind),DIMENSION(IJS:IJL,NANG,NFRE) :: F, FL, SL
                                1
Warning: Extension: Symbol 'ijl' is used before it is typed at (1)
wwm_sinput.F90:116.32:

      REAL(rkind),DIMENSION(IJS:IJL) :: THWNEW, USNEW, Z0NEW, ROAIRN, ZIDLNEW, 
                                1
Warning: Extension: Symbol 'ijl' is used before it is typed at (1)
mpif90 -DWWM_MPI -DMPIVERSION=2 -DUSE_WWM -DWWM_SOLVER -DSHYFEM_COUPLING -DST42 -DWW3_QB -DNCDF -I/home/aron/opt/netcdf3_gfortran/include -Waliasing -Wampersand -Wconversion -Wsurprising -Wintrinsics-std -Wno-tabs -Wintrinsic-shadow -Wline-truncation -Wreal-q-constant -g -ggdb -fcheck=all -fbacktrace -pedantic-errors -ffree-line-length-none   -DSNL4_TSA   -c wwm_sinput_ard.F90
wwm_sinput_ard.F90:166.26:

      FW=MAX(ABS(SWELLF3),0.)
                          1
Warning: Extension: Different type kinds at (1)
wwm_sinput_ard.F90:209.45:

        Z0VIS(IJ) = 0.1*NU_AIR/MAX(USNEW(IJ),0.0001)
                                             1
Warning: Extension: Different type kinds at (1)
wwm_sinput_ard.F90:220.31:

        XI=(LOG10(MAX(ZORB(IJ),3.)) &
                               1
Warning: Extension: Different type kinds at (1)
wwm_sinput_ard.F90:223.24:

        DELI1= MIN (1. ,XI-FLOAT(IND))
                        1
Warning: Extension: Different type kinds at (1)
wwm_sinput_ard.F90:373.70:

            XSTRESS(IJ)=XSTRESS(IJ)+SL(IJ,K,M)*CONST11/MAX(ROAIRN(IJ),1.)
                                                                      1
Warning: Extension: Different type kinds at (1)
wwm_sinput_ard.F90:374.70:

            YSTRESS(IJ)=YSTRESS(IJ)+SL(IJ,K,M)*CONST22/MAX(ROAIRN(IJ),1.)
                                                                      1
Warning: Extension: Different type kinds at (1)
mpif90 -DWWM_MPI -DMPIVERSION=2 -DUSE_WWM -DWWM_SOLVER -DSHYFEM_COUPLING -DST42 -DWW3_QB -DNCDF -I/home/aron/opt/netcdf3_gfortran/include -Waliasing -Wampersand -Wconversion -Wsurprising -Wintrinsics-std -Wno-tabs -Wintrinsic-shadow -Wline-truncation -Wreal-q-constant -g -ggdb -fcheck=all -fbacktrace -pedantic-errors -ffree-line-length-none   -DSNL4_TSA   -c wwm_wsigstar.F90
wwm_wsigstar.F90:82.29:

        SIG_N(IJ) = MIN(0.5, SIG_CONV * &
                             1
Warning: Extension: Different type kinds at (1)
mpif90 -DWWM_MPI -DMPIVERSION=2 -DUSE_WWM -DWWM_SOLVER -DSHYFEM_COUPLING -DST42 -DWW3_QB -DNCDF -I/home/aron/opt/netcdf3_gfortran/include -Waliasing -Wampersand -Wconversion -Wsurprising -Wintrinsics-std -Wno-tabs -Wintrinsic-shadow -Wline-truncation -Wreal-q-constant -g -ggdb -fcheck=all -fbacktrace -pedantic-errors -ffree-line-length-none   -DSNL4_TSA   -c wwm_tauhf.F90
wwm_tauhf.F90:121.42:

            UST      = MAX(REAL(K)*DELUST,0.000001)
                                          1
Warning: Extension: Different type kinds at (1)
wwm_tauhf.F90:125.48:

            DELY     = MAX((1.-YC)/REAL(JTOT-1),0.)
                                                1
Warning: Extension: Different type kinds at (1)
wwm_tauhf.F90:131.39:

              ZARG     = MIN(XKAPPA/ZX,20.)
                                       1
Warning: Extension: Different type kinds at (1)
wwm_tauhf.F90:132.50:

              ZMU      = MIN(G*Z0/CM**2*EXP(ZARG),1.)
                                                  1
Warning: Extension: Different type kinds at (1)
wwm_tauhf.F90:134.42:

              ZLOG         = MIN(LOG(ZMU),0.)
                                          1
Warning: Extension: Different type kinds at (1)
wwm_tauhf.F90:164.40:

          UST0     = MAX(REAL(K)*DELUST,0.000001)
                                        1
Warning: Extension: Different type kinds at (1)
wwm_tauhf.F90:169.44:

          DELY     = MAX((1.-YC)/REAL(JTOT),0.)
                                            1
Warning: Extension: Different type kinds at (1)
wwm_tauhf.F90:180.39:

              ZARG     = MIN(XKAPPA/ZX,20.)
                                       1
Warning: Extension: Different type kinds at (1)
wwm_tauhf.F90:181.50:

              ZMU      = MIN(G*Z0/CM**2*EXP(ZARG),1.)
                                                  1
Warning: Extension: Different type kinds at (1)
wwm_tauhf.F90:183.42:

              ZLOG         = MIN(LOG(ZMU),0.)
                                          1
Warning: Extension: Different type kinds at (1)
wwm_tauhf.F90:188.42:

              UST          =SQRT(MAX(TAUW,0.))
                                          1
Warning: Extension: Different type kinds at (1)
mpif90 -DWWM_MPI -DMPIVERSION=2 -DUSE_WWM -DWWM_SOLVER -DSHYFEM_COUPLING -DST42 -DWW3_QB -DNCDF -I/home/aron/opt/netcdf3_gfortran/include -Waliasing -Wampersand -Wconversion -Wsurprising -Wintrinsics-std -Wno-tabs -Wintrinsic-shadow -Wline-truncation -Wreal-q-constant -g -ggdb -fcheck=all -fbacktrace -pedantic-errors -ffree-line-length-none   -DSNL4_TSA   -c wwm_airsea.F90
wwm_airsea.F90:68.55:

      REAL(rkind),INTENT(IN)  :: U10(IJS:IJL),TAUW(IJS:IJL)
                                                       1
Warning: Extension: Symbol 'ijl' is used before it is typed at (1)
wwm_airsea.F90:69.52:

      REAL(rkind),INTENT(OUT) :: US(IJS:IJL),Z0(IJS:IJL)
                                                    1
Warning: Extension: Symbol 'ijl' is used before it is typed at (1)
wwm_airsea.F90:96.25:

        DELI1   = MIN(1.,XI - REAL(I))
                         1
Warning: Extension: Different type kinds at (1)
wwm_airsea.F90:100.25:

        DELJ1   = MIN(1.,XJ - REAL(J))
                         1
Warning: Extension: Different type kinds at (1)
mpif90 -DWWM_MPI -DMPIVERSION=2 -DUSE_WWM -DWWM_SOLVER -DSHYFEM_COUPLING -DST42 -DWW3_QB -DNCDF -I/home/aron/opt/netcdf3_gfortran/include -Waliasing -Wampersand -Wconversion -Wsurprising -Wintrinsics-std -Wno-tabs -Wintrinsic-shadow -Wline-truncation -Wreal-q-constant -g -ggdb -fcheck=all -fbacktrace -pedantic-errors -ffree-line-length-none   -DSNL4_TSA   -c wwm_jafu.F90
wwm_jafu.F90:49.13:

      IDPH = CL
             1
Warning: Possible change of value in conversion from REAL(8) to INTEGER(4) at (1)
mpif90 -DWWM_MPI -DMPIVERSION=2 -DUSE_WWM -DWWM_SOLVER -DSHYFEM_COUPLING -DST42 -DWW3_QB -DNCDF -I/home/aron/opt/netcdf3_gfortran/include -Waliasing -Wampersand -Wconversion -Wsurprising -Wintrinsics-std -Wno-tabs -Wintrinsic-shadow -Wline-truncation -Wreal-q-constant -g -ggdb -fcheck=all -fbacktrace -pedantic-errors -ffree-line-length-none   -DSNL4_TSA   -c wwm_nlweigt.F90
mpif90 -DWWM_MPI -DMPIVERSION=2 -DUSE_WWM -DWWM_SOLVER -DSHYFEM_COUPLING -DST42 -DWW3_QB -DNCDF -I/home/aron/opt/netcdf3_gfortran/include -Waliasing -Wampersand -Wconversion -Wsurprising -Wintrinsics-std -Wno-tabs -Wintrinsic-shadow -Wline-truncation -Wreal-q-constant -g -ggdb -fcheck=all -fbacktrace -pedantic-errors -ffree-line-length-none   -DSNL4_TSA   -c wwm_buildstress.F90
wwm_buildstress.F90:84.26:

        CDINV = MIN(CDINV,10000.) 
                          1
Warning: Extension: Different type kinds at (1)
mpif90 -DWWM_MPI -DMPIVERSION=2 -DUSE_WWM -DWWM_SOLVER -DSHYFEM_COUPLING -DST42 -DWW3_QB -DNCDF -I/home/aron/opt/netcdf3_gfortran/include -Waliasing -Wampersand -Wconversion -Wsurprising -Wintrinsics-std -Wno-tabs -Wintrinsic-shadow -Wline-truncation -Wreal-q-constant -g -ggdb -fcheck=all -fbacktrace -pedantic-errors -ffree-line-length-none   -DSNL4_TSA   -c wwm_inisnonlin.F90
wwm_inisnonlin.F90:79.47:

      EPMMA(X)= EXP(-MIN(1.25*X**4,50.))*(X**5)
                                               1
Warning: Obsolescent feature: Statement function at (1)
wwm_inisnonlin.F90:79.35:

      EPMMA(X)= EXP(-MIN(1.25*X**4,50.))*(X**5)
                                   1
Warning: Extension: Different type kinds at (1)
mpif90 -DWWM_MPI -DMPIVERSION=2 -DUSE_WWM -DWWM_SOLVER -DSHYFEM_COUPLING -DST42 -DWW3_QB -DNCDF -I/home/aron/opt/netcdf3_gfortran/include -Waliasing -Wampersand -Wconversion -Wsurprising -Wintrinsics-std -Wno-tabs -Wintrinsic-shadow -Wline-truncation -Wreal-q-constant -g -ggdb -fcheck=all -fbacktrace -pedantic-errors -ffree-line-length-none   -DSNL4_TSA   -c wwm_fkmean.F90
mpif90 -DWWM_MPI -DMPIVERSION=2 -DUSE_WWM -DWWM_SOLVER -DSHYFEM_COUPLING -DST42 -DWW3_QB -DNCDF -I/home/aron/opt/netcdf3_gfortran/include -Waliasing -Wampersand -Wconversion -Wsurprising -Wintrinsics-std -Wno-tabs -Wintrinsic-shadow -Wline-truncation -Wreal-q-constant -g -ggdb -fcheck=all -fbacktrace -pedantic-errors -ffree-line-length-none   -DSNL4_TSA   -c wwm_frcutindex.F90
mpif90 -DWWM_MPI -DMPIVERSION=2 -DUSE_WWM -DWWM_SOLVER -DSHYFEM_COUPLING -DST42 -DWW3_QB -DNCDF -I/home/aron/opt/netcdf3_gfortran/include -Waliasing -Wampersand -Wconversion -Wsurprising -Wintrinsics-std -Wno-tabs -Wintrinsic-shadow -Wline-truncation -Wreal-q-constant -g -ggdb -fcheck=all -fbacktrace -pedantic-errors -ffree-line-length-none   -DSNL4_TSA   -c wwm_femeanws.F90
mpif90 -DWWM_MPI -DMPIVERSION=2 -DUSE_WWM -DWWM_SOLVER -DSHYFEM_COUPLING -DST42 -DWW3_QB -DNCDF -I/home/aron/opt/netcdf3_gfortran/include -Waliasing -Wampersand -Wconversion -Wsurprising -Wintrinsics-std -Wno-tabs -Wintrinsic-shadow -Wline-truncation -Wreal-q-constant -g -ggdb -fcheck=all -fbacktrace -pedantic-errors -ffree-line-length-none   -DSNL4_TSA   -c wwm_sdissip.F90
wwm_sdissip.F90:203.31:

               ARG  = MIN(ALPH,50.)
                               1
Warning: Extension: Different type kinds at (1)
mpif90 -DWWM_MPI -DMPIVERSION=2 -DUSE_WWM -DWWM_SOLVER -DSHYFEM_COUPLING -DST42 -DWW3_QB -DNCDF -I/home/aron/opt/netcdf3_gfortran/include -Waliasing -Wampersand -Wconversion -Wsurprising -Wintrinsics-std -Wno-tabs -Wintrinsic-shadow -Wline-truncation -Wreal-q-constant -g -ggdb -fcheck=all -fbacktrace -pedantic-errors -ffree-line-length-none   -DSNL4_TSA   -c wwm_implsch.F90
wwm_implsch.F90:151.73:

      REAL(rkind) :: FL(IJS:IJL,NANG,NFRE),FL3(IJS:IJL,NANG,NFRE),SL(IJS:IJL,NA
                                                                         1
Warning: Extension: Symbol 'ijl' is used before it is typed at (1)
wwm_implsch.F90:152.32:

      REAL(rkind),DIMENSION(IJS:IJL,NFRE) :: FCONST 
                                1
Warning: Extension: Symbol 'ijl' is used before it is typed at (1)
wwm_implsch.F90:153.32:

      REAL(rkind),DIMENSION(IJS:IJL) :: THWOLD,USOLD,Z0OLD,TAUW, &
                                1
Warning: Extension: Symbol 'ijl' is used before it is typed at (1)
wwm_implsch.F90:155.32:

      REAL(rkind),DIMENSION(IJS:IJL) :: U10NEW,THWNEW,USNEW,Z0NEW, &
                                1
Warning: Extension: Symbol 'ijl' is used before it is typed at (1)
wwm_implsch.F90:208.28:

          SPRD(IJ,K)=MAX(0.,COS(TH(K)-THWNEW(IJ)))**2
                            1
Warning: Extension: Different type kinds at (1)
wwm_implsch.F90:369.47:

            GTEMP1 = MAX((1.-DELT5*FL(IJ,K,M)),1.)
                                               1
Warning: Extension: Different type kinds at (1)
mpif90 -DWWM_MPI -DMPIVERSION=2 -DUSE_WWM -DWWM_SOLVER -DSHYFEM_COUPLING -DST42 -DWW3_QB -DNCDF -I/home/aron/opt/netcdf3_gfortran/include -Waliasing -Wampersand -Wconversion -Wsurprising -Wintrinsics-std -Wno-tabs -Wintrinsic-shadow -Wline-truncation -Wreal-q-constant -g -ggdb -fcheck=all -fbacktrace -pedantic-errors -ffree-line-length-none   -DSNL4_TSA   -c wwm_implsch2.F90
wwm_implsch2.F90:60.73:

      REAL(rkind) :: FL(IJS:IJL,NANG,NFRE),FL3(IJS:IJL,NANG,NFRE),SL(IJS:IJL,NA
                                                                         1
Warning: Extension: Symbol 'ijl' is used before it is typed at (1)
wwm_implsch2.F90:61.32:

      REAL(rkind),DIMENSION(IJS:IJL,NFRE) :: FCONST
                                1
Warning: Extension: Symbol 'ijl' is used before it is typed at (1)
wwm_implsch2.F90:62.32:

      REAL(rkind),DIMENSION(IJS:IJL) :: THWOLD,USOLD,Z0OLD,TAUW, &
                                1
Warning: Extension: Symbol 'ijl' is used before it is typed at (1)
wwm_implsch2.F90:64.32:

      REAL(rkind),DIMENSION(IJS:IJL) :: U10NEW,THWNEW,USNEW,Z0NEW, &
                                1
Warning: Extension: Symbol 'ijl' is used before it is typed at (1)
wwm_implsch2.F90:268.73:

      REAL(rkind) :: FL(IJS:IJL,NANG,NFRE),FL3(IJS:IJL,NANG,NFRE),SL(IJS:IJL,NA
                                                                         1
Warning: Extension: Symbol 'ijl' is used before it is typed at (1)
wwm_implsch2.F90:269.32:

      REAL(rkind),DIMENSION(IJS:IJL,NFRE) :: FCONST
                                1
Warning: Extension: Symbol 'ijl' is used before it is typed at (1)
wwm_implsch2.F90:270.32:

      REAL(rkind),DIMENSION(IJS:IJL) :: THWOLD,USOLD,Z0OLD,TAUW, &
                                1
Warning: Extension: Symbol 'ijl' is used before it is typed at (1)
wwm_implsch2.F90:272.32:

      REAL(rkind),DIMENSION(IJS:IJL) :: U10NEW,THWNEW,USNEW,Z0NEW, &
                                1
Warning: Extension: Symbol 'ijl' is used before it is typed at (1)
wwm_implsch2.F90:366.73:

      REAL(rkind) :: FL(IJS:IJL,NANG,NFRE),FL3(IJS:IJL,NANG,NFRE),SL(IJS:IJL,NA
                                                                         1
Warning: Extension: Symbol 'ijl' is used before it is typed at (1)
wwm_implsch2.F90:367.32:

      REAL(rkind),DIMENSION(IJS:IJL,NFRE) :: FCONST
                                1
Warning: Extension: Symbol 'ijl' is used before it is typed at (1)
wwm_implsch2.F90:368.32:

      REAL(rkind),DIMENSION(IJS:IJL) :: THWOLD,USOLD,Z0OLD,TAUW, &
                                1
Warning: Extension: Symbol 'ijl' is used before it is typed at (1)
wwm_implsch2.F90:370.32:

      REAL(rkind),DIMENSION(IJS:IJL) :: U10NEW,THWNEW,USNEW,Z0NEW, &
                                1
Warning: Extension: Symbol 'ijl' is used before it is typed at (1)
wwm_implsch2.F90:118.28:

          SPRD(IJ,K)=MAX(0.,COS(TH(K)-THWNEW(IJ)))**2
                            1
Warning: Extension: Different type kinds at (1)
wwm_implsch2.F90:323.47:

            GTEMP1 = MAX((1.-DELT5*FL(IJ,K,M)),1.)
                                               1
Warning: Extension: Different type kinds at (1)
mpif90 -DWWM_MPI -DMPIVERSION=2 -DUSE_WWM -DWWM_SOLVER -DSHYFEM_COUPLING -DST42 -DWW3_QB -DNCDF -I/home/aron/opt/netcdf3_gfortran/include -Waliasing -Wampersand -Wconversion -Wsurprising -Wintrinsics-std -Wno-tabs -Wintrinsic-shadow -Wline-truncation -Wreal-q-constant -g -ggdb -fcheck=all -fbacktrace -pedantic-errors -ffree-line-length-none   -DSNL4_TSA   -c wwm_output.F90
mpif90 -DWWM_MPI -DMPIVERSION=2 -DUSE_WWM -DWWM_SOLVER -DSHYFEM_COUPLING -DST42 -DWW3_QB -DNCDF -I/home/aron/opt/netcdf3_gfortran/include -Waliasing -Wampersand -Wconversion -Wsurprising -Wintrinsics-std -Wno-tabs -Wintrinsic-shadow -Wline-truncation -Wreal-q-constant -g -ggdb -fcheck=all -fbacktrace -pedantic-errors -ffree-line-length-none   -DSNL4_TSA   -c wwm_compute.F90
mpif90 -DWWM_MPI -DMPIVERSION=2 -DUSE_WWM -DWWM_SOLVER -DSHYFEM_COUPLING -DST42 -DWW3_QB -DNCDF -I/home/aron/opt/netcdf3_gfortran/include -Waliasing -Wampersand -Wconversion -Wsurprising -Wintrinsics-std -Wno-tabs -Wintrinsic-shadow -Wline-truncation -Wreal-q-constant -g -ggdb -fcheck=all -fbacktrace -pedantic-errors -ffree-line-length-none   -DSNL4_TSA   -c wwm_diffrac.F90
mpif90 -DWWM_MPI -DMPIVERSION=2 -DUSE_WWM -DWWM_SOLVER -DSHYFEM_COUPLING -DST42 -DWW3_QB -DNCDF -I/home/aron/opt/netcdf3_gfortran/include -Waliasing -Wampersand -Wconversion -Wsurprising -Wintrinsics-std -Wno-tabs -Wintrinsic-shadow -Wline-truncation -Wreal-q-constant -g -ggdb -fcheck=all -fbacktrace -pedantic-errors -ffree-line-length-none   -DSNL4_TSA   -c wwm_coupl_roms.F90
mpif90 -DWWM_MPI -DMPIVERSION=2 -DUSE_WWM -DWWM_SOLVER -DSHYFEM_COUPLING -DST42 -DWW3_QB -DNCDF -I/home/aron/opt/netcdf3_gfortran/include -Waliasing -Wampersand -Wconversion -Wsurprising -Wintrinsics-std -Wno-tabs -Wintrinsic-shadow -Wline-truncation -Wreal-q-constant -g -ggdb -fcheck=all -fbacktrace -pedantic-errors -ffree-line-length-none   -DSNL4_TSA   -c wwm_coupl_shyfem.F90
wwm_coupl_shyfem.F90:197.23:

          eDep=DEP(IP)    !ccfwwmIII
                       1
Warning: Nonconforming tab character at (1)
mpif90 -DWWM_MPI -DMPIVERSION=2 -DUSE_WWM -DWWM_SOLVER -DSHYFEM_COUPLING -DST42 -DWW3_QB -DNCDF -I/home/aron/opt/netcdf3_gfortran/include -Waliasing -Wampersand -Wconversion -Wsurprising -Wintrinsics-std -Wno-tabs -Wintrinsic-shadow -Wline-truncation -Wreal-q-constant -g -ggdb -fcheck=all -fbacktrace -pedantic-errors -ffree-line-length-none   -DSNL4_TSA   -c wwm_coupl_selfe.F90
mpif90 -DWWM_MPI -DMPIVERSION=2 -DUSE_WWM -DWWM_SOLVER -DSHYFEM_COUPLING -DST42 -DWW3_QB -DNCDF -I/home/aron/opt/netcdf3_gfortran/include -Waliasing -Wampersand -Wconversion -Wsurprising -Wintrinsics-std -Wno-tabs -Wintrinsic-shadow -Wline-truncation -Wreal-q-constant -g -ggdb -fcheck=all -fbacktrace -pedantic-errors -ffree-line-length-none   -DSNL4_TSA   -c wwm_coupl_timor.F90
mpif90 -DWWM_MPI -DMPIVERSION=2 -DUSE_WWM -DWWM_SOLVER -DSHYFEM_COUPLING -DST42 -DWW3_QB -DNCDF -I/home/aron/opt/netcdf3_gfortran/include -Waliasing -Wampersand -Wconversion -Wsurprising -Wintrinsics-std -Wno-tabs -Wintrinsic-shadow -Wline-truncation -Wreal-q-constant -g -ggdb -fcheck=all -fbacktrace -pedantic-errors -ffree-line-length-none   -DSNL4_TSA   -c wwm_main.F90
mpif.h:16.18:
    Included at wwm_main.F90:775:

       CHARACTER*1 MPI_ARGVS_NULL(1,1)
                  1
Warning: Obsolescent feature: Old-style character length at (1)
mpif.h:17.18:
    Included at wwm_main.F90:775:

       CHARACTER*1 MPI_ARGV_NULL(1)
                  1
Warning: Obsolescent feature: Old-style character length at (1)
mpif.h:528.16:
    Included at wwm_main.F90:775:

       integer*8 MPI_DISPLACEMENT_CURRENT
                1
Warning: Nonstandard type declaration INTEGER*8 at (1)
mpif.h:546.13:
    Included at wwm_main.F90:775:

       REAL*8 MPI_WTIME, MPI_WTICK
             1
Warning: Nonstandard type declaration REAL*8 at (1)
mpif.h:547.13:
    Included at wwm_main.F90:775:

       REAL*8 PMPI_WTIME, PMPI_WTICK
             1
Warning: Nonstandard type declaration REAL*8 at (1)
mpif90 -o /home/aron/bin/wwmadv -DWWM_MPI -DMPIVERSION=2 -DUSE_WWM -DWWM_SOLVER -DSHYFEM_COUPLING -DST42 -DWW3_QB -DNCDF -I/home/aron/opt/netcdf3_gfortran/include -Waliasing -Wampersand -Wconversion -Wsurprising -Wintrinsics-std -Wno-tabs -Wintrinsic-shadow -Wline-truncation -Wreal-q-constant -g -ggdb -fcheck=all -fbacktrace -pedantic-errors -ffree-line-length-none   -DSNL4_TSA  elfe_glbl.o elfe_msgp.o solver_subs.o io_subs.o grid_subs.o misc_subs.o wwm_pdlib.o wwm_datapl.o wwm_petscpool.o wwm_petsc_seriell.o wwm_petsc_parallel.o wwm_petsc_block.o wwm_petsc_controller.o wwm_aux.o wwm_aux_parall.o wwm_mjdv2.o wwm_blasaux.o wwm_sparskit.o wwm_ardhuin_old.o wwm_wind.o wwm_ardhuin_new.o wwm_dislin.o wwm_diclass.o wwm_gridcf.o wwm_hotfile.o wwm_parall_solver.o wwm_m_constants.o wwm_m_fileio.o wwm_serv_xnl4v5.o wwm_mod_xnl4v5.o wwm_snl4_wrt.o wwm_wave_setup.o wwm_initio.o wwm_netcdf.o wwm_input.o wwm_bdcons.o wwm_specparam.o wwm_windinput.o wwm_dissipation.o wwm_friction.o wwm_breaking.o wwm_snl3.o wwm_snl4.o wwm_snl42.o wwm_snl4_tsa.o wwm_babanin.o wwm_sourceterms.o wwm_cycle3.o wwm_specint.o wwm_nums1d.o wwm_numtheta.o wwm_numsigma.o wwm_fluctsplit.o wwm_snonlin.o wwm_stress.o wwm_stresso.o wwm_sbottom.o wwm_sdiss_ardh_vec.o wwm_sinput.o wwm_sinput_ard.o wwm_wsigstar.o wwm_tauhf.o wwm_airsea.o wwm_jafu.o wwm_nlweigt.o wwm_buildstress.o wwm_inisnonlin.o wwm_fkmean.o wwm_frcutindex.o wwm_femeanws.o wwm_sdissip.o wwm_implsch.o wwm_implsch2.o wwm_output.o wwm_compute.o wwm_diffrac.o wwm_coupl_roms.o wwm_coupl_shyfem.o wwm_coupl_selfe.o wwm_coupl_timor.o wwm_main.o -L/home/aron/opt/netcdf3_gfortran/lib -lnetcdf /home/aron/opt/parmetis_gfortran/lib/libparmetis.a /home/aron/opt/parmetis_gfortran/lib/libmetis.a 
