The system is: Linux - 5.3.0-64-generic - x86_64
Compiling the C compiler identification source file "CMakeCCompilerId.c" succeeded.
Compiler: /home/aron/opt/mpich_intel/bin/mpicc 
Build flags: -O1;-xHost;-axSSE4.2;-fPIC
Id flags:  

The output was:
0


Compilation of the C compiler identification source "CMakeCCompilerId.c" produced "a.out"

The C compiler identification is Intel, found in "/home/aron/git/github_schism/schism/src/ParMetis-4.0.3/build/Linux-x86_64/CMakeFiles/3.13.4/CompilerIdC/a.out"

Compiling the CXX compiler identification source file "CMakeCXXCompilerId.cpp" succeeded.
Compiler: /home/aron/opt/mpich_intel/bin/mpicxx 
Build flags: -O1;-xHost;-axSSE4.2;-fPIC;-std=c99
Id flags:  

The output was:
0
icpc: command line warning #10381: option '-std=c99' is not valid for C++ compilations


Compilation of the CXX compiler identification source "CMakeCXXCompilerId.cpp" produced "a.out"

The CXX compiler identification is Intel, found in "/home/aron/git/github_schism/schism/src/ParMetis-4.0.3/build/Linux-x86_64/CMakeFiles/3.13.4/CompilerIdCXX/a.out"

Determining if the C compiler works passed with the following output:
Change Dir: /home/aron/git/github_schism/schism/src/ParMetis-4.0.3/build/Linux-x86_64/CMakeFiles/CMakeTmp

Run Build Command:"/bin/make" "cmTC_b1495/fast"
make[2]: Entering directory '/home/aron/git/github_schism/schism/src/ParMetis-4.0.3/build/Linux-x86_64/CMakeFiles/CMakeTmp'
/bin/make -f CMakeFiles/cmTC_b1495.dir/build.make CMakeFiles/cmTC_b1495.dir/build
make[3]: Entering directory '/home/aron/git/github_schism/schism/src/ParMetis-4.0.3/build/Linux-x86_64/CMakeFiles/CMakeTmp'
Building C object CMakeFiles/cmTC_b1495.dir/testCCompiler.c.o
/home/aron/opt/mpich_intel/bin/mpicc   -O1 -xHost -axSSE4.2 -fPIC    -o CMakeFiles/cmTC_b1495.dir/testCCompiler.c.o   -c /home/aron/git/github_schism/schism/src/ParMetis-4.0.3/build/Linux-x86_64/CMakeFiles/CMakeTmp/testCCompiler.c
Linking C executable cmTC_b1495
/usr/bin/cmake -E cmake_link_script CMakeFiles/cmTC_b1495.dir/link.txt --verbose=1
/home/aron/opt/mpich_intel/bin/mpicc -O1 -xHost -axSSE4.2 -fPIC     -rdynamic CMakeFiles/cmTC_b1495.dir/testCCompiler.c.o  -o cmTC_b1495 
make[3]: Leaving directory '/home/aron/git/github_schism/schism/src/ParMetis-4.0.3/build/Linux-x86_64/CMakeFiles/CMakeTmp'
make[2]: Leaving directory '/home/aron/git/github_schism/schism/src/ParMetis-4.0.3/build/Linux-x86_64/CMakeFiles/CMakeTmp'


Detecting C compiler ABI info compiled with the following output:
Change Dir: /home/aron/git/github_schism/schism/src/ParMetis-4.0.3/build/Linux-x86_64/CMakeFiles/CMakeTmp

Run Build Command:"/bin/make" "cmTC_3556b/fast"
make[2]: Entering directory '/home/aron/git/github_schism/schism/src/ParMetis-4.0.3/build/Linux-x86_64/CMakeFiles/CMakeTmp'
/bin/make -f CMakeFiles/cmTC_3556b.dir/build.make CMakeFiles/cmTC_3556b.dir/build
make[3]: Entering directory '/home/aron/git/github_schism/schism/src/ParMetis-4.0.3/build/Linux-x86_64/CMakeFiles/CMakeTmp'
Building C object CMakeFiles/cmTC_3556b.dir/CMakeCCompilerABI.c.o
/home/aron/opt/mpich_intel/bin/mpicc   -O1 -xHost -axSSE4.2 -fPIC    -o CMakeFiles/cmTC_3556b.dir/CMakeCCompilerABI.c.o   -c /usr/share/cmake-3.13/Modules/CMakeCCompilerABI.c
Linking C executable cmTC_3556b
/usr/bin/cmake -E cmake_link_script CMakeFiles/cmTC_3556b.dir/link.txt --verbose=1
/home/aron/opt/mpich_intel/bin/mpicc -O1 -xHost -axSSE4.2 -fPIC    -v -rdynamic CMakeFiles/cmTC_3556b.dir/CMakeCCompilerABI.c.o  -o cmTC_3556b 
mpicc for MPICH version 3.2
icc version 19.1.2.275 (gcc version 9.2.1 compatibility)
/home/aron/opt/intel/compilers_and_libraries_2020.3.275/linux/bin/intel64/mcpcom    -mGLOB_em64t=TRUE -mP1OPT_version=19.1-intel64 -mGLOB_diag_file=CMakeFiles/cmTC_3556b.dir/CMakeCCompilerABI.c.diag -mGLOB_long_size_64 -mGLOB_routine_pointer_size_64 -mP1OPT_print_version=FALSE -mCG_use_gas_got_workaround=F -mP2OPT_align_option_used=TRUE -mGLOB_gcc_version=921 "-mGLOB_options_string=-I/home/aron/opt/zlib_intel/include -I/home/aron/opt/hdf5_intel/include -I/home/aron/opt/mpich_intel/include -L/home/aron/opt/zlib_intel/lib -L/home/aron/opt/hdf5_intel/lib -O1 -xHost -axSSE4.2 -fPIC -O1 -xHost -axSSE4.2 -fPIC -v -rdynamic -o cmTC_3556b -L/home/aron/opt/mpich_intel/lib -Wl,-rpath -Wl,/home/aron/opt/mpich_intel/lib -Wl,--enable-new-dtags -lmpi" -mGLOB_position_independent_code -mGLOB_preemption_model=3 -mGLOB_cxx_limited_range=FALSE -mCG_extend_parms=FALSE -mGLOB_compiler_bin_directory=/home/aron/opt/intel/compilers_and_libraries_2020.3.275/linux/bin/intel64 -mGLOB_as_output_backup_file_name=/tmp/icc6FQuF1as_.s -mGLOB_dashboard_use_source_name -mIPOPT_activate -mGLOB_product_id_code=0x22006d93 -mGLOB_nonstandard_lib -mGLOB_specialized_instructions=0x400 -mIPOPT_auto_cpu_activate -mGLOB_advanced_optim=TRUE -mGLOB_cpu_x=Host -mGLOB_opt_for_size=TRUE -mP3OPT_use_mspp_call_convention -mP2OPT_subs_out_of_bound=FALSE -mP2OPT_disam_type_based_disam=2 -mP2OPT_disam_assume_ansi_c -mP2OPT_checked_disam_ansi_alias=TRUE -mGLOB_ansi_alias -mPGOPTI_value_profile_use=T -mGLOB_opt_report_use_source_name -mP2OPT_hpo_omp_simd_only=FALSE -mP2OPT_il0_array_sections=TRUE -mGLOB_offload_mode=1 -mP2OPT_offload_unique_var_string=icc2039374339uDoQa0 -mGLOB_opt_level=1 -mP2OPT_hpo_rtt_control=0 -mP2OPT_hlo_loop_unroll=FALSE -mP2OPT_unroll_amount_ceiling=0 -mIPOPT_args_in_regs=0 -mP2OPT_disam_assume_nonstd_intent_in=FALSE -mGLOB_imf_mapping_library=/home/aron/opt/intel/compilers_and_libraries_2020.3.275/linux/bin/intel64/libiml_attr.so -mPGOPTI_gen_threadsafe_level=0 -mIPOPT_link -mIPOPT_ipo_activate -mIPOPT_mo_activate -mIPOPT_source_files_list=/tmp/iccslis7xGpB2 -mIPOPT_mo_global_data -mIPOPT_link_script_file=/tmp/iccscriptNazGD2 "-mIPOPT_cmdline_link="/usr/lib/gcc/x86_64-linux-gnu/9/../../../x86_64-linux-gnu/Scrt1.o" "/usr/lib/gcc/x86_64-linux-gnu/9/../../../x86_64-linux-gnu/crti.o" "/usr/lib/gcc/x86_64-linux-gnu/9/crtbeginS.o" "-export-dynamic" "--eh-frame-hdr" "--build-id" "-dynamic-linker" "/lib64/ld-linux-x86-64.so.2" "-m" "elf_x86_64" "-L/home/aron/opt/zlib_intel/lib" "-L/home/aron/opt/hdf5_intel/lib" "-L/home/aron/opt/mpich_intel/lib" "-o" "cmTC_3556b" "-L/home/aron/opt/intel/compilers_and_libraries_2020.3.275/linux/mpi/intel64/libfabric/lib" "-L/home/aron/opt/intel/compilers_and_libraries_2020.3.275/linux/ipp/lib/intel64" "-L/home/aron/opt/intel/compilers_and_libraries_2020.3.275/linux/compiler/lib/intel64_lin" "-L/home/aron/opt/intel/compilers_and_libraries_2020.3.275/linux/mkl/lib/intel64_lin" "-L/home/aron/opt/intel/compilers_and_libraries_2020.3.275/linux/tbb/lib/intel64/gcc4.8" "-L/home/aron/opt/intel/compilers_and_libraries_2020.3.275/linux/tbb/lib/intel64/gcc4.8" "-L/home/aron/opt/intel/compilers_and_libraries_2020.3.275/linux/daal/lib/intel64_lin" "-L/home/aron/opt/intel/compilers_and_libraries_2020.3.275/linux/daal/../tbb/lib/intel64_lin/gcc4.4" "-L/home/aron/opt/intel/compilers_and_libraries_2020.3.275/linux/daal/../tbb/lib/intel64_lin/gcc4.8" "-L/home/aron/opt/intel/compilers_and_libraries_2020.3.275/linux/compiler/lib/intel64_lin" "-L/home/aron/opt/intel/compilers_and_libraries_2020.3.275/linux/mpi/intel64/libfabric/lib/../lib/" "-L/usr/lib/gcc/x86_64-linux-gnu/9/" "-L/usr/lib/gcc/x86_64-linux-gnu/9/../../../x86_64-linux-gnu/" "-L/usr/lib/gcc/x86_64-linux-gnu/9/../../../../lib64" "-L/usr/lib/gcc/x86_64-linux-gnu/9/../../../../lib/" "-L/lib/x86_64-linux-gnu/" "-L/lib/../lib64" "-L/lib/../lib/" "-L/usr/lib/x86_64-linux-gnu/" "-L/usr/lib/../lib64" "-L/usr/lib/../lib/" "-L/home/aron/opt/intel/compilers_and_libraries_2020.3.275/linux/mpi/intel64/libfabric/lib/" "-L/home/aron/opt/intel/compilers_and_libraries_2020.3.275/linux/ipp/lib/intel64/" "-L/home/aron/opt/intel/compilers_and_libraries_2020.3.275/linux/compiler/lib/intel64_lin/" "-L/home/aron/opt/intel/compilers_and_libraries_2020.3.275/linux/mkl/lib/intel64_lin/" "-L/home/aron/opt/intel/compilers_and_libraries_2020.3.275/linux/tbb/lib/intel64/gcc4.8/" "-L/home/aron/opt/intel/compilers_and_libraries_2020.3.275/linux/daal/lib/intel64_lin/" "-L/home/aron/opt/intel/compilers_and_libraries_2020.3.275/linux/daal/../tbb/lib/intel64_lin/gcc4.8/" "-L/usr/lib/gcc/x86_64-linux-gnu/9/../../../" "-L/lib64" "-L/lib/" "-L/usr/lib64" "-L/usr/lib" "CMakeFiles/cmTC_3556b.dir/CMakeCCompilerABI.c.o" "-rpath" "/home/aron/opt/mpich_intel/lib" "--enable-new-dtags" "-lmpi" "-Bdynamic" "-Bstatic" "-limf" "-lsvml" "-lirng" "-Bdynamic" "-lm" "-Bstatic" "-lipgo" "-ldecimal" "--as-needed" "-Bdynamic" "-lcilkrts" "-lstdc++" "--no-as-needed" "-lgcc" "-lgcc_s" "-Bstatic" "-lirc" "-lsvml" "-Bdynamic" "-lc" "-lgcc" "-lgcc_s" "-Bstatic" "-lirc_s" "-Bdynamic" "-ldl" "-lc" "/usr/lib/gcc/x86_64-linux-gnu/9/crtendS.o" "/usr/lib/gcc/x86_64-linux-gnu/9/../../../x86_64-linux-gnu/crtn.o"" -mIPOPT_il_in_obj -mIPOPT_ipo_activate_warn=FALSE -mIPOPT_obj_output_file_name=/tmp/ipo_iccjSEjM1.o -mIPOPT_whole_archive_fixup_file_name=/tmp/iccwarchRlpzb2 -mGLOB_linker_version=2.33 -mGLOB_linker=ld -mGLOB_driver_tempfile_name=/tmp/icctempfileYfHZU2 -mP3OPT_asm_target=P3OPT_ASM_TARGET_GAS -mGLOB_async_unwind_tables=TRUE -mGLOB_obj_output_file=/tmp/ipo_iccjSEjM1.o -mGLOB_source_dialect=GLOB_SOURCE_DIALECT_NONE -mP1OPT_source_file_name=ipo_out.c CMakeFiles/cmTC_3556b.dir/CMakeCCompilerABI.c.o -mIPOPT_object_files=T -mIPOPT_assembly_files=/tmp/iccalisqK7MC0 -mIPOPT_generated_tempfiles=/tmp/iccelisoinln1 -mIPOPT_embedded_object_base_name=/tmp/icceobjv6eWyZ -mIPOPT_cmdline_link_new_name=/tmp/iccllisZL23TY
ld    /usr/lib/gcc/x86_64-linux-gnu/9/../../../x86_64-linux-gnu/Scrt1.o /usr/lib/gcc/x86_64-linux-gnu/9/../../../x86_64-linux-gnu/crti.o /usr/lib/gcc/x86_64-linux-gnu/9/crtbeginS.o -export-dynamic --eh-frame-hdr --build-id -dynamic-linker /lib64/ld-linux-x86-64.so.2 -m elf_x86_64 -L/home/aron/opt/zlib_intel/lib -L/home/aron/opt/hdf5_intel/lib -L/home/aron/opt/mpich_intel/lib -o cmTC_3556b -L/home/aron/opt/intel/compilers_and_libraries_2020.3.275/linux/mpi/intel64/libfabric/lib -L/home/aron/opt/intel/compilers_and_libraries_2020.3.275/linux/ipp/lib/intel64 -L/home/aron/opt/intel/compilers_and_libraries_2020.3.275/linux/compiler/lib/intel64_lin -L/home/aron/opt/intel/compilers_and_libraries_2020.3.275/linux/mkl/lib/intel64_lin -L/home/aron/opt/intel/compilers_and_libraries_2020.3.275/linux/tbb/lib/intel64/gcc4.8 -L/home/aron/opt/intel/compilers_and_libraries_2020.3.275/linux/tbb/lib/intel64/gcc4.8 -L/home/aron/opt/intel/compilers_and_libraries_2020.3.275/linux/daal/lib/intel64_lin -L/home/aron/opt/intel/compilers_and_libraries_2020.3.275/linux/daal/../tbb/lib/intel64_lin/gcc4.4 -L/home/aron/opt/intel/compilers_and_libraries_2020.3.275/linux/daal/../tbb/lib/intel64_lin/gcc4.8 -L/home/aron/opt/intel/compilers_and_libraries_2020.3.275/linux/compiler/lib/intel64_lin -L/home/aron/opt/intel/compilers_and_libraries_2020.3.275/linux/mpi/intel64/libfabric/lib/../lib/ -L/usr/lib/gcc/x86_64-linux-gnu/9/ -L/usr/lib/gcc/x86_64-linux-gnu/9/../../../x86_64-linux-gnu/ -L/usr/lib/gcc/x86_64-linux-gnu/9/../../../../lib64 -L/usr/lib/gcc/x86_64-linux-gnu/9/../../../../lib/ -L/lib/x86_64-linux-gnu/ -L/lib/../lib64 -L/lib/../lib/ -L/usr/lib/x86_64-linux-gnu/ -L/usr/lib/../lib64 -L/usr/lib/../lib/ -L/home/aron/opt/intel/compilers_and_libraries_2020.3.275/linux/mpi/intel64/libfabric/lib/ -L/home/aron/opt/intel/compilers_and_libraries_2020.3.275/linux/ipp/lib/intel64/ -L/home/aron/opt/intel/compilers_and_libraries_2020.3.275/linux/compiler/lib/intel64_lin/ -L/home/aron/opt/intel/compilers_and_libraries_2020.3.275/linux/mkl/lib/intel64_lin/ -L/home/aron/opt/intel/compilers_and_libraries_2020.3.275/linux/tbb/lib/intel64/gcc4.8/ -L/home/aron/opt/intel/compilers_and_libraries_2020.3.275/linux/daal/lib/intel64_lin/ -L/home/aron/opt/intel/compilers_and_libraries_2020.3.275/linux/daal/../tbb/lib/intel64_lin/gcc4.8/ -L/usr/lib/gcc/x86_64-linux-gnu/9/../../../ -L/lib64 -L/lib/ -L/usr/lib64 -L/usr/lib CMakeFiles/cmTC_3556b.dir/CMakeCCompilerABI.c.o -rpath /home/aron/opt/mpich_intel/lib --enable-new-dtags -lmpi -Bdynamic -Bstatic -limf -lsvml -lirng -Bdynamic -lm -Bstatic -lipgo -ldecimal --as-needed -Bdynamic -lcilkrts -lstdc++ --no-as-needed -lgcc -lgcc_s -Bstatic -lirc -lsvml -Bdynamic -lc -lgcc -lgcc_s -Bstatic -lirc_s -Bdynamic -ldl -lc /usr/lib/gcc/x86_64-linux-gnu/9/crtendS.o /usr/lib/gcc/x86_64-linux-gnu/9/../../../x86_64-linux-gnu/crtn.o
make[3]: Leaving directory '/home/aron/git/github_schism/schism/src/ParMetis-4.0.3/build/Linux-x86_64/CMakeFiles/CMakeTmp'
make[2]: Leaving directory '/home/aron/git/github_schism/schism/src/ParMetis-4.0.3/build/Linux-x86_64/CMakeFiles/CMakeTmp'


Parsed C implicit link information from above output:
  link line regex: [^( *|.*[/\])(ld|CMAKE_LINK_STARTFILE-NOTFOUND|([^/\]+-)?ld|collect2)[^/\]*( |$)]
  ignore line: [Change Dir: /home/aron/git/github_schism/schism/src/ParMetis-4.0.3/build/Linux-x86_64/CMakeFiles/CMakeTmp]
  ignore line: []
  ignore line: [Run Build Command:"/bin/make" "cmTC_3556b/fast"]
  ignore line: [make[2]: Entering directory '/home/aron/git/github_schism/schism/src/ParMetis-4.0.3/build/Linux-x86_64/CMakeFiles/CMakeTmp']
  ignore line: [/bin/make -f CMakeFiles/cmTC_3556b.dir/build.make CMakeFiles/cmTC_3556b.dir/build]
  ignore line: [make[3]: Entering directory '/home/aron/git/github_schism/schism/src/ParMetis-4.0.3/build/Linux-x86_64/CMakeFiles/CMakeTmp']
  ignore line: [Building C object CMakeFiles/cmTC_3556b.dir/CMakeCCompilerABI.c.o]
  ignore line: [/home/aron/opt/mpich_intel/bin/mpicc   -O1 -xHost -axSSE4.2 -fPIC    -o CMakeFiles/cmTC_3556b.dir/CMakeCCompilerABI.c.o   -c /usr/share/cmake-3.13/Modules/CMakeCCompilerABI.c]
  ignore line: [Linking C executable cmTC_3556b]
  ignore line: [/usr/bin/cmake -E cmake_link_script CMakeFiles/cmTC_3556b.dir/link.txt --verbose=1]
  ignore line: [/home/aron/opt/mpich_intel/bin/mpicc -O1 -xHost -axSSE4.2 -fPIC    -v -rdynamic CMakeFiles/cmTC_3556b.dir/CMakeCCompilerABI.c.o  -o cmTC_3556b ]
  ignore line: [mpicc for MPICH version 3.2]
  ignore line: [icc version 19.1.2.275 (gcc version 9.2.1 compatibility)]
  ignore line: [/home/aron/opt/intel/compilers_and_libraries_2020.3.275/linux/bin/intel64/mcpcom    -mGLOB_em64t=TRUE -mP1OPT_version=19.1-intel64 -mGLOB_diag_file=CMakeFiles/cmTC_3556b.dir/CMakeCCompilerABI.c.diag -mGLOB_long_size_64 -mGLOB_routine_pointer_size_64 -mP1OPT_print_version=FALSE -mCG_use_gas_got_workaround=F -mP2OPT_align_option_used=TRUE -mGLOB_gcc_version=921 "-mGLOB_options_string=-I/home/aron/opt/zlib_intel/include -I/home/aron/opt/hdf5_intel/include -I/home/aron/opt/mpich_intel/include -L/home/aron/opt/zlib_intel/lib -L/home/aron/opt/hdf5_intel/lib -O1 -xHost -axSSE4.2 -fPIC -O1 -xHost -axSSE4.2 -fPIC -v -rdynamic -o cmTC_3556b -L/home/aron/opt/mpich_intel/lib -Wl,-rpath -Wl,/home/aron/opt/mpich_intel/lib -Wl,--enable-new-dtags -lmpi" -mGLOB_position_independent_code -mGLOB_preemption_model=3 -mGLOB_cxx_limited_range=FALSE -mCG_extend_parms=FALSE -mGLOB_compiler_bin_directory=/home/aron/opt/intel/compilers_and_libraries_2020.3.275/linux/bin/intel64 -mGLOB_as_output_backup_file_name=/tmp/icc6FQuF1as_.s -mGLOB_dashboard_use_source_name -mIPOPT_activate -mGLOB_product_id_code=0x22006d93 -mGLOB_nonstandard_lib -mGLOB_specialized_instructions=0x400 -mIPOPT_auto_cpu_activate -mGLOB_advanced_optim=TRUE -mGLOB_cpu_x=Host -mGLOB_opt_for_size=TRUE -mP3OPT_use_mspp_call_convention -mP2OPT_subs_out_of_bound=FALSE -mP2OPT_disam_type_based_disam=2 -mP2OPT_disam_assume_ansi_c -mP2OPT_checked_disam_ansi_alias=TRUE -mGLOB_ansi_alias -mPGOPTI_value_profile_use=T -mGLOB_opt_report_use_source_name -mP2OPT_hpo_omp_simd_only=FALSE -mP2OPT_il0_array_sections=TRUE -mGLOB_offload_mode=1 -mP2OPT_offload_unique_var_string=icc2039374339uDoQa0 -mGLOB_opt_level=1 -mP2OPT_hpo_rtt_control=0 -mP2OPT_hlo_loop_unroll=FALSE -mP2OPT_unroll_amount_ceiling=0 -mIPOPT_args_in_regs=0 -mP2OPT_disam_assume_nonstd_intent_in=FALSE -mGLOB_imf_mapping_library=/home/aron/opt/intel/compilers_and_libraries_2020.3.275/linux/bin/intel64/libiml_attr.so -mPGOPTI_gen_threadsafe_level=0 -mIPOPT_link -mIPOPT_ipo_activate -mIPOPT_mo_activate -mIPOPT_source_files_list=/tmp/iccslis7xGpB2 -mIPOPT_mo_global_data -mIPOPT_link_script_file=/tmp/iccscriptNazGD2 "-mIPOPT_cmdline_link="/usr/lib/gcc/x86_64-linux-gnu/9/../../../x86_64-linux-gnu/Scrt1.o" "/usr/lib/gcc/x86_64-linux-gnu/9/../../../x86_64-linux-gnu/crti.o" "/usr/lib/gcc/x86_64-linux-gnu/9/crtbeginS.o" "-export-dynamic" "--eh-frame-hdr" "--build-id" "-dynamic-linker" "/lib64/ld-linux-x86-64.so.2" "-m" "elf_x86_64" "-L/home/aron/opt/zlib_intel/lib" "-L/home/aron/opt/hdf5_intel/lib" "-L/home/aron/opt/mpich_intel/lib" "-o" "cmTC_3556b" "-L/home/aron/opt/intel/compilers_and_libraries_2020.3.275/linux/mpi/intel64/libfabric/lib" "-L/home/aron/opt/intel/compilers_and_libraries_2020.3.275/linux/ipp/lib/intel64" "-L/home/aron/opt/intel/compilers_and_libraries_2020.3.275/linux/compiler/lib/intel64_lin" "-L/home/aron/opt/intel/compilers_and_libraries_2020.3.275/linux/mkl/lib/intel64_lin" "-L/home/aron/opt/intel/compilers_and_libraries_2020.3.275/linux/tbb/lib/intel64/gcc4.8" "-L/home/aron/opt/intel/compilers_and_libraries_2020.3.275/linux/tbb/lib/intel64/gcc4.8" "-L/home/aron/opt/intel/compilers_and_libraries_2020.3.275/linux/daal/lib/intel64_lin" "-L/home/aron/opt/intel/compilers_and_libraries_2020.3.275/linux/daal/../tbb/lib/intel64_lin/gcc4.4" "-L/home/aron/opt/intel/compilers_and_libraries_2020.3.275/linux/daal/../tbb/lib/intel64_lin/gcc4.8" "-L/home/aron/opt/intel/compilers_and_libraries_2020.3.275/linux/compiler/lib/intel64_lin" "-L/home/aron/opt/intel/compilers_and_libraries_2020.3.275/linux/mpi/intel64/libfabric/lib/../lib/" "-L/usr/lib/gcc/x86_64-linux-gnu/9/" "-L/usr/lib/gcc/x86_64-linux-gnu/9/../../../x86_64-linux-gnu/" "-L/usr/lib/gcc/x86_64-linux-gnu/9/../../../../lib64" "-L/usr/lib/gcc/x86_64-linux-gnu/9/../../../../lib/" "-L/lib/x86_64-linux-gnu/" "-L/lib/../lib64" "-L/lib/../lib/" "-L/usr/lib/x86_64-linux-gnu/" "-L/usr/lib/../lib64" "-L/usr/lib/../lib/" "-L/home/aron/opt/intel/compilers_and_libraries_2020.3.275/linux/mpi/intel64/libfabric/lib/" "-L/home/aron/opt/intel/compilers_and_libraries_2020.3.275/linux/ipp/lib/intel64/" "-L/home/aron/opt/intel/compilers_and_libraries_2020.3.275/linux/compiler/lib/intel64_lin/" "-L/home/aron/opt/intel/compilers_and_libraries_2020.3.275/linux/mkl/lib/intel64_lin/" "-L/home/aron/opt/intel/compilers_and_libraries_2020.3.275/linux/tbb/lib/intel64/gcc4.8/" "-L/home/aron/opt/intel/compilers_and_libraries_2020.3.275/linux/daal/lib/intel64_lin/" "-L/home/aron/opt/intel/compilers_and_libraries_2020.3.275/linux/daal/../tbb/lib/intel64_lin/gcc4.8/" "-L/usr/lib/gcc/x86_64-linux-gnu/9/../../../" "-L/lib64" "-L/lib/" "-L/usr/lib64" "-L/usr/lib" "CMakeFiles/cmTC_3556b.dir/CMakeCCompilerABI.c.o" "-rpath" "/home/aron/opt/mpich_intel/lib" "--enable-new-dtags" "-lmpi" "-Bdynamic" "-Bstatic" "-limf" "-lsvml" "-lirng" "-Bdynamic" "-lm" "-Bstatic" "-lipgo" "-ldecimal" "--as-needed" "-Bdynamic" "-lcilkrts" "-lstdc++" "--no-as-needed" "-lgcc" "-lgcc_s" "-Bstatic" "-lirc" "-lsvml" "-Bdynamic" "-lc" "-lgcc" "-lgcc_s" "-Bstatic" "-lirc_s" "-Bdynamic" "-ldl" "-lc" "/usr/lib/gcc/x86_64-linux-gnu/9/crtendS.o" "/usr/lib/gcc/x86_64-linux-gnu/9/../../../x86_64-linux-gnu/crtn.o"" -mIPOPT_il_in_obj -mIPOPT_ipo_activate_warn=FALSE -mIPOPT_obj_output_file_name=/tmp/ipo_iccjSEjM1.o -mIPOPT_whole_archive_fixup_file_name=/tmp/iccwarchRlpzb2 -mGLOB_linker_version=2.33 -mGLOB_linker=ld -mGLOB_driver_tempfile_name=/tmp/icctempfileYfHZU2 -mP3OPT_asm_target=P3OPT_ASM_TARGET_GAS -mGLOB_async_unwind_tables=TRUE -mGLOB_obj_output_file=/tmp/ipo_iccjSEjM1.o -mGLOB_source_dialect=GLOB_SOURCE_DIALECT_NONE -mP1OPT_source_file_name=ipo_out.c CMakeFiles/cmTC_3556b.dir/CMakeCCompilerABI.c.o -mIPOPT_object_files=T -mIPOPT_assembly_files=/tmp/iccalisqK7MC0 -mIPOPT_generated_tempfiles=/tmp/iccelisoinln1 -mIPOPT_embedded_object_base_name=/tmp/icceobjv6eWyZ -mIPOPT_cmdline_link_new_name=/tmp/iccllisZL23TY]
  link line: [ld    /usr/lib/gcc/x86_64-linux-gnu/9/../../../x86_64-linux-gnu/Scrt1.o /usr/lib/gcc/x86_64-linux-gnu/9/../../../x86_64-linux-gnu/crti.o /usr/lib/gcc/x86_64-linux-gnu/9/crtbeginS.o -export-dynamic --eh-frame-hdr --build-id -dynamic-linker /lib64/ld-linux-x86-64.so.2 -m elf_x86_64 -L/home/aron/opt/zlib_intel/lib -L/home/aron/opt/hdf5_intel/lib -L/home/aron/opt/mpich_intel/lib -o cmTC_3556b -L/home/aron/opt/intel/compilers_and_libraries_2020.3.275/linux/mpi/intel64/libfabric/lib -L/home/aron/opt/intel/compilers_and_libraries_2020.3.275/linux/ipp/lib/intel64 -L/home/aron/opt/intel/compilers_and_libraries_2020.3.275/linux/compiler/lib/intel64_lin -L/home/aron/opt/intel/compilers_and_libraries_2020.3.275/linux/mkl/lib/intel64_lin -L/home/aron/opt/intel/compilers_and_libraries_2020.3.275/linux/tbb/lib/intel64/gcc4.8 -L/home/aron/opt/intel/compilers_and_libraries_2020.3.275/linux/tbb/lib/intel64/gcc4.8 -L/home/aron/opt/intel/compilers_and_libraries_2020.3.275/linux/daal/lib/intel64_lin -L/home/aron/opt/intel/compilers_and_libraries_2020.3.275/linux/daal/../tbb/lib/intel64_lin/gcc4.4 -L/home/aron/opt/intel/compilers_and_libraries_2020.3.275/linux/daal/../tbb/lib/intel64_lin/gcc4.8 -L/home/aron/opt/intel/compilers_and_libraries_2020.3.275/linux/compiler/lib/intel64_lin -L/home/aron/opt/intel/compilers_and_libraries_2020.3.275/linux/mpi/intel64/libfabric/lib/../lib/ -L/usr/lib/gcc/x86_64-linux-gnu/9/ -L/usr/lib/gcc/x86_64-linux-gnu/9/../../../x86_64-linux-gnu/ -L/usr/lib/gcc/x86_64-linux-gnu/9/../../../../lib64 -L/usr/lib/gcc/x86_64-linux-gnu/9/../../../../lib/ -L/lib/x86_64-linux-gnu/ -L/lib/../lib64 -L/lib/../lib/ -L/usr/lib/x86_64-linux-gnu/ -L/usr/lib/../lib64 -L/usr/lib/../lib/ -L/home/aron/opt/intel/compilers_and_libraries_2020.3.275/linux/mpi/intel64/libfabric/lib/ -L/home/aron/opt/intel/compilers_and_libraries_2020.3.275/linux/ipp/lib/intel64/ -L/home/aron/opt/intel/compilers_and_libraries_2020.3.275/linux/compiler/lib/intel64_lin/ -L/home/aron/opt/intel/compilers_and_libraries_2020.3.275/linux/mkl/lib/intel64_lin/ -L/home/aron/opt/intel/compilers_and_libraries_2020.3.275/linux/tbb/lib/intel64/gcc4.8/ -L/home/aron/opt/intel/compilers_and_libraries_2020.3.275/linux/daal/lib/intel64_lin/ -L/home/aron/opt/intel/compilers_and_libraries_2020.3.275/linux/daal/../tbb/lib/intel64_lin/gcc4.8/ -L/usr/lib/gcc/x86_64-linux-gnu/9/../../../ -L/lib64 -L/lib/ -L/usr/lib64 -L/usr/lib CMakeFiles/cmTC_3556b.dir/CMakeCCompilerABI.c.o -rpath /home/aron/opt/mpich_intel/lib --enable-new-dtags -lmpi -Bdynamic -Bstatic -limf -lsvml -lirng -Bdynamic -lm -Bstatic -lipgo -ldecimal --as-needed -Bdynamic -lcilkrts -lstdc++ --no-as-needed -lgcc -lgcc_s -Bstatic -lirc -lsvml -Bdynamic -lc -lgcc -lgcc_s -Bstatic -lirc_s -Bdynamic -ldl -lc /usr/lib/gcc/x86_64-linux-gnu/9/crtendS.o /usr/lib/gcc/x86_64-linux-gnu/9/../../../x86_64-linux-gnu/crtn.o]
    arg [ld] ==> ignore
    arg [/usr/lib/gcc/x86_64-linux-gnu/9/../../../x86_64-linux-gnu/Scrt1.o] ==> ignore
    arg [/usr/lib/gcc/x86_64-linux-gnu/9/../../../x86_64-linux-gnu/crti.o] ==> ignore
    arg [/usr/lib/gcc/x86_64-linux-gnu/9/crtbeginS.o] ==> ignore
    arg [-export-dynamic] ==> ignore
    arg [--eh-frame-hdr] ==> ignore
    arg [--build-id] ==> ignore
    arg [-dynamic-linker] ==> ignore
    arg [/lib64/ld-linux-x86-64.so.2] ==> ignore
    arg [-m] ==> ignore
    arg [elf_x86_64] ==> ignore
    arg [-L/home/aron/opt/zlib_intel/lib] ==> dir [/home/aron/opt/zlib_intel/lib]
    arg [-L/home/aron/opt/hdf5_intel/lib] ==> dir [/home/aron/opt/hdf5_intel/lib]
    arg [-L/home/aron/opt/mpich_intel/lib] ==> dir [/home/aron/opt/mpich_intel/lib]
    arg [-o] ==> ignore
    arg [cmTC_3556b] ==> ignore
    arg [-L/home/aron/opt/intel/compilers_and_libraries_2020.3.275/linux/mpi/intel64/libfabric/lib] ==> dir [/home/aron/opt/intel/compilers_and_libraries_2020.3.275/linux/mpi/intel64/libfabric/lib]
    arg [-L/home/aron/opt/intel/compilers_and_libraries_2020.3.275/linux/ipp/lib/intel64] ==> dir [/home/aron/opt/intel/compilers_and_libraries_2020.3.275/linux/ipp/lib/intel64]
    arg [-L/home/aron/opt/intel/compilers_and_libraries_2020.3.275/linux/compiler/lib/intel64_lin] ==> dir [/home/aron/opt/intel/compilers_and_libraries_2020.3.275/linux/compiler/lib/intel64_lin]
    arg [-L/home/aron/opt/intel/compilers_and_libraries_2020.3.275/linux/mkl/lib/intel64_lin] ==> dir [/home/aron/opt/intel/compilers_and_libraries_2020.3.275/linux/mkl/lib/intel64_lin]
    arg [-L/home/aron/opt/intel/compilers_and_libraries_2020.3.275/linux/tbb/lib/intel64/gcc4.8] ==> dir [/home/aron/opt/intel/compilers_and_libraries_2020.3.275/linux/tbb/lib/intel64/gcc4.8]
    arg [-L/home/aron/opt/intel/compilers_and_libraries_2020.3.275/linux/tbb/lib/intel64/gcc4.8] ==> dir [/home/aron/opt/intel/compilers_and_libraries_2020.3.275/linux/tbb/lib/intel64/gcc4.8]
    arg [-L/home/aron/opt/intel/compilers_and_libraries_2020.3.275/linux/daal/lib/intel64_lin] ==> dir [/home/aron/opt/intel/compilers_and_libraries_2020.3.275/linux/daal/lib/intel64_lin]
    arg [-L/home/aron/opt/intel/compilers_and_libraries_2020.3.275/linux/daal/../tbb/lib/intel64_lin/gcc4.4] ==> dir [/home/aron/opt/intel/compilers_and_libraries_2020.3.275/linux/daal/../tbb/lib/intel64_lin/gcc4.4]
    arg [-L/home/aron/opt/intel/compilers_and_libraries_2020.3.275/linux/daal/../tbb/lib/intel64_lin/gcc4.8] ==> dir [/home/aron/opt/intel/compilers_and_libraries_2020.3.275/linux/daal/../tbb/lib/intel64_lin/gcc4.8]
    arg [-L/home/aron/opt/intel/compilers_and_libraries_2020.3.275/linux/compiler/lib/intel64_lin] ==> dir [/home/aron/opt/intel/compilers_and_libraries_2020.3.275/linux/compiler/lib/intel64_lin]
    arg [-L/home/aron/opt/intel/compilers_and_libraries_2020.3.275/linux/mpi/intel64/libfabric/lib/../lib/] ==> dir [/home/aron/opt/intel/compilers_and_libraries_2020.3.275/linux/mpi/intel64/libfabric/lib/../lib/]
    arg [-L/usr/lib/gcc/x86_64-linux-gnu/9/] ==> dir [/usr/lib/gcc/x86_64-linux-gnu/9/]
    arg [-L/usr/lib/gcc/x86_64-linux-gnu/9/../../../x86_64-linux-gnu/] ==> dir [/usr/lib/gcc/x86_64-linux-gnu/9/../../../x86_64-linux-gnu/]
    arg [-L/usr/lib/gcc/x86_64-linux-gnu/9/../../../../lib64] ==> dir [/usr/lib/gcc/x86_64-linux-gnu/9/../../../../lib64]
    arg [-L/usr/lib/gcc/x86_64-linux-gnu/9/../../../../lib/] ==> dir [/usr/lib/gcc/x86_64-linux-gnu/9/../../../../lib/]
    arg [-L/lib/x86_64-linux-gnu/] ==> dir [/lib/x86_64-linux-gnu/]
    arg [-L/lib/../lib64] ==> dir [/lib/../lib64]
    arg [-L/lib/../lib/] ==> dir [/lib/../lib/]
    arg [-L/usr/lib/x86_64-linux-gnu/] ==> dir [/usr/lib/x86_64-linux-gnu/]
    arg [-L/usr/lib/../lib64] ==> dir [/usr/lib/../lib64]
    arg [-L/usr/lib/../lib/] ==> dir [/usr/lib/../lib/]
    arg [-L/home/aron/opt/intel/compilers_and_libraries_2020.3.275/linux/mpi/intel64/libfabric/lib/] ==> dir [/home/aron/opt/intel/compilers_and_libraries_2020.3.275/linux/mpi/intel64/libfabric/lib/]
    arg [-L/home/aron/opt/intel/compilers_and_libraries_2020.3.275/linux/ipp/lib/intel64/] ==> dir [/home/aron/opt/intel/compilers_and_libraries_2020.3.275/linux/ipp/lib/intel64/]
    arg [-L/home/aron/opt/intel/compilers_and_libraries_2020.3.275/linux/compiler/lib/intel64_lin/] ==> dir [/home/aron/opt/intel/compilers_and_libraries_2020.3.275/linux/compiler/lib/intel64_lin/]
    arg [-L/home/aron/opt/intel/compilers_and_libraries_2020.3.275/linux/mkl/lib/intel64_lin/] ==> dir [/home/aron/opt/intel/compilers_and_libraries_2020.3.275/linux/mkl/lib/intel64_lin/]
    arg [-L/home/aron/opt/intel/compilers_and_libraries_2020.3.275/linux/tbb/lib/intel64/gcc4.8/] ==> dir [/home/aron/opt/intel/compilers_and_libraries_2020.3.275/linux/tbb/lib/intel64/gcc4.8/]
    arg [-L/home/aron/opt/intel/compilers_and_libraries_2020.3.275/linux/daal/lib/intel64_lin/] ==> dir [/home/aron/opt/intel/compilers_and_libraries_2020.3.275/linux/daal/lib/intel64_lin/]
    arg [-L/home/aron/opt/intel/compilers_and_libraries_2020.3.275/linux/daal/../tbb/lib/intel64_lin/gcc4.8/] ==> dir [/home/aron/opt/intel/compilers_and_libraries_2020.3.275/linux/daal/../tbb/lib/intel64_lin/gcc4.8/]
    arg [-L/usr/lib/gcc/x86_64-linux-gnu/9/../../../] ==> dir [/usr/lib/gcc/x86_64-linux-gnu/9/../../../]
    arg [-L/lib64] ==> dir [/lib64]
    arg [-L/lib/] ==> dir [/lib/]
    arg [-L/usr/lib64] ==> dir [/usr/lib64]
    arg [-L/usr/lib] ==> dir [/usr/lib]
    arg [CMakeFiles/cmTC_3556b.dir/CMakeCCompilerABI.c.o] ==> ignore
    arg [-rpath] ==> ignore
    arg [/home/aron/opt/mpich_intel/lib] ==> ignore
    arg [--enable-new-dtags] ==> ignore
    arg [-lmpi] ==> lib [mpi]
    arg [-Bdynamic] ==> ignore
    arg [-Bstatic] ==> ignore
    arg [-limf] ==> lib [imf]
    arg [-lsvml] ==> lib [svml]
    arg [-lirng] ==> lib [irng]
    arg [-Bdynamic] ==> ignore
    arg [-lm] ==> lib [m]
    arg [-Bstatic] ==> ignore
    arg [-lipgo] ==> lib [ipgo]
    arg [-ldecimal] ==> lib [decimal]
    arg [--as-needed] ==> ignore
    arg [-Bdynamic] ==> ignore
    arg [-lcilkrts] ==> lib [cilkrts]
    arg [-lstdc++] ==> lib [stdc++]
    arg [--no-as-needed] ==> ignore
    arg [-lgcc] ==> lib [gcc]
    arg [-lgcc_s] ==> lib [gcc_s]
    arg [-Bstatic] ==> ignore
    arg [-lirc] ==> lib [irc]
    arg [-lsvml] ==> lib [svml]
    arg [-Bdynamic] ==> ignore
    arg [-lc] ==> lib [c]
    arg [-lgcc] ==> lib [gcc]
    arg [-lgcc_s] ==> lib [gcc_s]
    arg [-Bstatic] ==> ignore
    arg [-lirc_s] ==> lib [irc_s]
    arg [-Bdynamic] ==> ignore
    arg [-ldl] ==> lib [dl]
    arg [-lc] ==> lib [c]
    arg [/usr/lib/gcc/x86_64-linux-gnu/9/crtendS.o] ==> ignore
    arg [/usr/lib/gcc/x86_64-linux-gnu/9/../../../x86_64-linux-gnu/crtn.o] ==> ignore
  collapse library dir [/home/aron/opt/zlib_intel/lib] ==> [/home/aron/opt/zlib_intel/lib]
  collapse library dir [/home/aron/opt/hdf5_intel/lib] ==> [/home/aron/opt/hdf5_intel/lib]
  collapse library dir [/home/aron/opt/mpich_intel/lib] ==> [/home/aron/opt/mpich_intel/lib]
  collapse library dir [/home/aron/opt/intel/compilers_and_libraries_2020.3.275/linux/mpi/intel64/libfabric/lib] ==> [/home/aron/opt/intel/compilers_and_libraries_2020.3.275/linux/mpi/intel64/libfabric/lib]
  collapse library dir [/home/aron/opt/intel/compilers_and_libraries_2020.3.275/linux/ipp/lib/intel64] ==> [/home/aron/opt/intel/compilers_and_libraries_2020.3.275/linux/ipp/lib/intel64]
  collapse library dir [/home/aron/opt/intel/compilers_and_libraries_2020.3.275/linux/compiler/lib/intel64_lin] ==> [/home/aron/opt/intel/compilers_and_libraries_2020.3.275/linux/compiler/lib/intel64_lin]
  collapse library dir [/home/aron/opt/intel/compilers_and_libraries_2020.3.275/linux/mkl/lib/intel64_lin] ==> [/home/aron/opt/intel/compilers_and_libraries_2020.3.275/linux/mkl/lib/intel64_lin]
  collapse library dir [/home/aron/opt/intel/compilers_and_libraries_2020.3.275/linux/tbb/lib/intel64/gcc4.8] ==> [/home/aron/opt/intel/compilers_and_libraries_2020.3.275/linux/tbb/lib/intel64/gcc4.8]
  collapse library dir [/home/aron/opt/intel/compilers_and_libraries_2020.3.275/linux/tbb/lib/intel64/gcc4.8] ==> [/home/aron/opt/intel/compilers_and_libraries_2020.3.275/linux/tbb/lib/intel64/gcc4.8]
  collapse library dir [/home/aron/opt/intel/compilers_and_libraries_2020.3.275/linux/daal/lib/intel64_lin] ==> [/home/aron/opt/intel/compilers_and_libraries_2020.3.275/linux/daal/lib/intel64_lin]
  collapse library dir [/home/aron/opt/intel/compilers_and_libraries_2020.3.275/linux/daal/../tbb/lib/intel64_lin/gcc4.4] ==> [/home/aron/opt/intel/compilers_and_libraries_2020.3.275/linux/tbb/lib/intel64_lin/gcc4.4]
  collapse library dir [/home/aron/opt/intel/compilers_and_libraries_2020.3.275/linux/daal/../tbb/lib/intel64_lin/gcc4.8] ==> [/home/aron/opt/intel/compilers_and_libraries_2020.3.275/linux/tbb/lib/intel64_lin/gcc4.8]
  collapse library dir [/home/aron/opt/intel/compilers_and_libraries_2020.3.275/linux/compiler/lib/intel64_lin] ==> [/home/aron/opt/intel/compilers_and_libraries_2020.3.275/linux/compiler/lib/intel64_lin]
  collapse library dir [/home/aron/opt/intel/compilers_and_libraries_2020.3.275/linux/mpi/intel64/libfabric/lib/../lib/] ==> [/home/aron/opt/intel/compilers_and_libraries_2020.3.275/linux/mpi/intel64/libfabric/lib]
  collapse library dir [/usr/lib/gcc/x86_64-linux-gnu/9/] ==> [/usr/lib/gcc/x86_64-linux-gnu/9]
  collapse library dir [/usr/lib/gcc/x86_64-linux-gnu/9/../../../x86_64-linux-gnu/] ==> [/usr/lib/x86_64-linux-gnu]
  collapse library dir [/usr/lib/gcc/x86_64-linux-gnu/9/../../../../lib64] ==> [/usr/lib64]
  collapse library dir [/usr/lib/gcc/x86_64-linux-gnu/9/../../../../lib/] ==> [/usr/lib]
  collapse library dir [/lib/x86_64-linux-gnu/] ==> [/lib/x86_64-linux-gnu]
  collapse library dir [/lib/../lib64] ==> [/lib64]
  collapse library dir [/lib/../lib/] ==> [/lib]
  collapse library dir [/usr/lib/x86_64-linux-gnu/] ==> [/usr/lib/x86_64-linux-gnu]
  collapse library dir [/usr/lib/../lib64] ==> [/usr/lib64]
  collapse library dir [/usr/lib/../lib/] ==> [/usr/lib]
  collapse library dir [/home/aron/opt/intel/compilers_and_libraries_2020.3.275/linux/mpi/intel64/libfabric/lib/] ==> [/home/aron/opt/intel/compilers_and_libraries_2020.3.275/linux/mpi/intel64/libfabric/lib]
  collapse library dir [/home/aron/opt/intel/compilers_and_libraries_2020.3.275/linux/ipp/lib/intel64/] ==> [/home/aron/opt/intel/compilers_and_libraries_2020.3.275/linux/ipp/lib/intel64]
  collapse library dir [/home/aron/opt/intel/compilers_and_libraries_2020.3.275/linux/compiler/lib/intel64_lin/] ==> [/home/aron/opt/intel/compilers_and_libraries_2020.3.275/linux/compiler/lib/intel64_lin]
  collapse library dir [/home/aron/opt/intel/compilers_and_libraries_2020.3.275/linux/mkl/lib/intel64_lin/] ==> [/home/aron/opt/intel/compilers_and_libraries_2020.3.275/linux/mkl/lib/intel64_lin]
  collapse library dir [/home/aron/opt/intel/compilers_and_libraries_2020.3.275/linux/tbb/lib/intel64/gcc4.8/] ==> [/home/aron/opt/intel/compilers_and_libraries_2020.3.275/linux/tbb/lib/intel64/gcc4.8]
  collapse library dir [/home/aron/opt/intel/compilers_and_libraries_2020.3.275/linux/daal/lib/intel64_lin/] ==> [/home/aron/opt/intel/compilers_and_libraries_2020.3.275/linux/daal/lib/intel64_lin]
  collapse library dir [/home/aron/opt/intel/compilers_and_libraries_2020.3.275/linux/daal/../tbb/lib/intel64_lin/gcc4.8/] ==> [/home/aron/opt/intel/compilers_and_libraries_2020.3.275/linux/tbb/lib/intel64_lin/gcc4.8]
  collapse library dir [/usr/lib/gcc/x86_64-linux-gnu/9/../../../] ==> [/usr/lib]
  collapse library dir [/lib64] ==> [/lib64]
  collapse library dir [/lib/] ==> [/lib]
  collapse library dir [/usr/lib64] ==> [/usr/lib64]
  collapse library dir [/usr/lib] ==> [/usr/lib]
  implicit libs: [mpi;imf;svml;irng;m;ipgo;decimal;cilkrts;stdc++;gcc;gcc_s;irc;svml;c;gcc;gcc_s;irc_s;dl;c]
  implicit dirs: [/home/aron/opt/zlib_intel/lib;/home/aron/opt/hdf5_intel/lib;/home/aron/opt/mpich_intel/lib;/home/aron/opt/intel/compilers_and_libraries_2020.3.275/linux/mpi/intel64/libfabric/lib;/home/aron/opt/intel/compilers_and_libraries_2020.3.275/linux/ipp/lib/intel64;/home/aron/opt/intel/compilers_and_libraries_2020.3.275/linux/compiler/lib/intel64_lin;/home/aron/opt/intel/compilers_and_libraries_2020.3.275/linux/mkl/lib/intel64_lin;/home/aron/opt/intel/compilers_and_libraries_2020.3.275/linux/tbb/lib/intel64/gcc4.8;/home/aron/opt/intel/compilers_and_libraries_2020.3.275/linux/daal/lib/intel64_lin;/home/aron/opt/intel/compilers_and_libraries_2020.3.275/linux/tbb/lib/intel64_lin/gcc4.4;/home/aron/opt/intel/compilers_and_libraries_2020.3.275/linux/tbb/lib/intel64_lin/gcc4.8;/usr/lib/gcc/x86_64-linux-gnu/9;/usr/lib/x86_64-linux-gnu;/usr/lib64;/usr/lib;/lib/x86_64-linux-gnu;/lib64;/lib]
  implicit fwks: []




Detecting C [-std=c11] compiler features compiled with the following output:
Change Dir: /home/aron/git/github_schism/schism/src/ParMetis-4.0.3/build/Linux-x86_64/CMakeFiles/CMakeTmp

Run Build Command:"/bin/make" "cmTC_655be/fast"
make[2]: Entering directory '/home/aron/git/github_schism/schism/src/ParMetis-4.0.3/build/Linux-x86_64/CMakeFiles/CMakeTmp'
/bin/make -f CMakeFiles/cmTC_655be.dir/build.make CMakeFiles/cmTC_655be.dir/build
make[3]: Entering directory '/home/aron/git/github_schism/schism/src/ParMetis-4.0.3/build/Linux-x86_64/CMakeFiles/CMakeTmp'
Building C object CMakeFiles/cmTC_655be.dir/feature_tests.c.o
/home/aron/opt/mpich_intel/bin/mpicc   -O1 -xHost -axSSE4.2 -fPIC    -std=c11 -o CMakeFiles/cmTC_655be.dir/feature_tests.c.o   -c /home/aron/git/github_schism/schism/src/ParMetis-4.0.3/build/Linux-x86_64/CMakeFiles/feature_tests.c
Linking C executable cmTC_655be
/usr/bin/cmake -E cmake_link_script CMakeFiles/cmTC_655be.dir/link.txt --verbose=1
/home/aron/opt/mpich_intel/bin/mpicc -O1 -xHost -axSSE4.2 -fPIC     -rdynamic CMakeFiles/cmTC_655be.dir/feature_tests.c.o  -o cmTC_655be 
make[3]: Leaving directory '/home/aron/git/github_schism/schism/src/ParMetis-4.0.3/build/Linux-x86_64/CMakeFiles/CMakeTmp'
make[2]: Leaving directory '/home/aron/git/github_schism/schism/src/ParMetis-4.0.3/build/Linux-x86_64/CMakeFiles/CMakeTmp'


    Feature record: C_FEATURE:1c_function_prototypes
    Feature record: C_FEATURE:1c_restrict
    Feature record: C_FEATURE:1c_static_assert
    Feature record: C_FEATURE:1c_variadic_macros


Detecting C [-std=c99] compiler features compiled with the following output:
Change Dir: /home/aron/git/github_schism/schism/src/ParMetis-4.0.3/build/Linux-x86_64/CMakeFiles/CMakeTmp

Run Build Command:"/bin/make" "cmTC_7579b/fast"
make[2]: Entering directory '/home/aron/git/github_schism/schism/src/ParMetis-4.0.3/build/Linux-x86_64/CMakeFiles/CMakeTmp'
/bin/make -f CMakeFiles/cmTC_7579b.dir/build.make CMakeFiles/cmTC_7579b.dir/build
make[3]: Entering directory '/home/aron/git/github_schism/schism/src/ParMetis-4.0.3/build/Linux-x86_64/CMakeFiles/CMakeTmp'
Building C object CMakeFiles/cmTC_7579b.dir/feature_tests.c.o
/home/aron/opt/mpich_intel/bin/mpicc   -O1 -xHost -axSSE4.2 -fPIC    -std=c99 -o CMakeFiles/cmTC_7579b.dir/feature_tests.c.o   -c /home/aron/git/github_schism/schism/src/ParMetis-4.0.3/build/Linux-x86_64/CMakeFiles/feature_tests.c
Linking C executable cmTC_7579b
/usr/bin/cmake -E cmake_link_script CMakeFiles/cmTC_7579b.dir/link.txt --verbose=1
/home/aron/opt/mpich_intel/bin/mpicc -O1 -xHost -axSSE4.2 -fPIC     -rdynamic CMakeFiles/cmTC_7579b.dir/feature_tests.c.o  -o cmTC_7579b 
make[3]: Leaving directory '/home/aron/git/github_schism/schism/src/ParMetis-4.0.3/build/Linux-x86_64/CMakeFiles/CMakeTmp'
make[2]: Leaving directory '/home/aron/git/github_schism/schism/src/ParMetis-4.0.3/build/Linux-x86_64/CMakeFiles/CMakeTmp'


    Feature record: C_FEATURE:1c_function_prototypes
    Feature record: C_FEATURE:1c_restrict
    Feature record: C_FEATURE:1c_static_assert
    Feature record: C_FEATURE:1c_variadic_macros


Detecting C [-std=c89] compiler features compiled with the following output:
Change Dir: /home/aron/git/github_schism/schism/src/ParMetis-4.0.3/build/Linux-x86_64/CMakeFiles/CMakeTmp

Run Build Command:"/bin/make" "cmTC_d5799/fast"
make[2]: Entering directory '/home/aron/git/github_schism/schism/src/ParMetis-4.0.3/build/Linux-x86_64/CMakeFiles/CMakeTmp'
/bin/make -f CMakeFiles/cmTC_d5799.dir/build.make CMakeFiles/cmTC_d5799.dir/build
make[3]: Entering directory '/home/aron/git/github_schism/schism/src/ParMetis-4.0.3/build/Linux-x86_64/CMakeFiles/CMakeTmp'
Building C object CMakeFiles/cmTC_d5799.dir/feature_tests.c.o
/home/aron/opt/mpich_intel/bin/mpicc   -O1 -xHost -axSSE4.2 -fPIC    -std=c89 -o CMakeFiles/cmTC_d5799.dir/feature_tests.c.o   -c /home/aron/git/github_schism/schism/src/ParMetis-4.0.3/build/Linux-x86_64/CMakeFiles/feature_tests.c
Linking C executable cmTC_d5799
/usr/bin/cmake -E cmake_link_script CMakeFiles/cmTC_d5799.dir/link.txt --verbose=1
/home/aron/opt/mpich_intel/bin/mpicc -O1 -xHost -axSSE4.2 -fPIC     -rdynamic CMakeFiles/cmTC_d5799.dir/feature_tests.c.o  -o cmTC_d5799 
make[3]: Leaving directory '/home/aron/git/github_schism/schism/src/ParMetis-4.0.3/build/Linux-x86_64/CMakeFiles/CMakeTmp'
make[2]: Leaving directory '/home/aron/git/github_schism/schism/src/ParMetis-4.0.3/build/Linux-x86_64/CMakeFiles/CMakeTmp'


    Feature record: C_FEATURE:1c_function_prototypes
    Feature record: C_FEATURE:0c_restrict
    Feature record: C_FEATURE:0c_static_assert
    Feature record: C_FEATURE:0c_variadic_macros
Determining if the CXX compiler works passed with the following output:
Change Dir: /home/aron/git/github_schism/schism/src/ParMetis-4.0.3/build/Linux-x86_64/CMakeFiles/CMakeTmp

Run Build Command:"/bin/make" "cmTC_37bdf/fast"
make[2]: Entering directory '/home/aron/git/github_schism/schism/src/ParMetis-4.0.3/build/Linux-x86_64/CMakeFiles/CMakeTmp'
/bin/make -f CMakeFiles/cmTC_37bdf.dir/build.make CMakeFiles/cmTC_37bdf.dir/build
make[3]: Entering directory '/home/aron/git/github_schism/schism/src/ParMetis-4.0.3/build/Linux-x86_64/CMakeFiles/CMakeTmp'
Building CXX object CMakeFiles/cmTC_37bdf.dir/testCXXCompiler.cxx.o
/home/aron/opt/mpich_intel/bin/mpicxx    -O1 -xHost -axSSE4.2 -fPIC -std=c99    -o CMakeFiles/cmTC_37bdf.dir/testCXXCompiler.cxx.o -c /home/aron/git/github_schism/schism/src/ParMetis-4.0.3/build/Linux-x86_64/CMakeFiles/CMakeTmp/testCXXCompiler.cxx
icpc: command line warning #10381: option '-std=c99' is not valid for C++ compilations
Linking CXX executable cmTC_37bdf
/usr/bin/cmake -E cmake_link_script CMakeFiles/cmTC_37bdf.dir/link.txt --verbose=1
/home/aron/opt/mpich_intel/bin/mpicxx  -O1 -xHost -axSSE4.2 -fPIC -std=c99     -rdynamic CMakeFiles/cmTC_37bdf.dir/testCXXCompiler.cxx.o  -o cmTC_37bdf 
make[3]: Leaving directory '/home/aron/git/github_schism/schism/src/ParMetis-4.0.3/build/Linux-x86_64/CMakeFiles/CMakeTmp'
make[2]: Leaving directory '/home/aron/git/github_schism/schism/src/ParMetis-4.0.3/build/Linux-x86_64/CMakeFiles/CMakeTmp'


Detecting CXX compiler ABI info compiled with the following output:
Change Dir: /home/aron/git/github_schism/schism/src/ParMetis-4.0.3/build/Linux-x86_64/CMakeFiles/CMakeTmp

Run Build Command:"/bin/make" "cmTC_cbb69/fast"
make[2]: Entering directory '/home/aron/git/github_schism/schism/src/ParMetis-4.0.3/build/Linux-x86_64/CMakeFiles/CMakeTmp'
/bin/make -f CMakeFiles/cmTC_cbb69.dir/build.make CMakeFiles/cmTC_cbb69.dir/build
make[3]: Entering directory '/home/aron/git/github_schism/schism/src/ParMetis-4.0.3/build/Linux-x86_64/CMakeFiles/CMakeTmp'
Building CXX object CMakeFiles/cmTC_cbb69.dir/CMakeCXXCompilerABI.cpp.o
/home/aron/opt/mpich_intel/bin/mpicxx    -O1 -xHost -axSSE4.2 -fPIC -std=c99    -o CMakeFiles/cmTC_cbb69.dir/CMakeCXXCompilerABI.cpp.o -c /usr/share/cmake-3.13/Modules/CMakeCXXCompilerABI.cpp
icpc: command line warning #10381: option '-std=c99' is not valid for C++ compilations
Linking CXX executable cmTC_cbb69
/usr/bin/cmake -E cmake_link_script CMakeFiles/cmTC_cbb69.dir/link.txt --verbose=1
/home/aron/opt/mpich_intel/bin/mpicxx  -O1 -xHost -axSSE4.2 -fPIC -std=c99    -v -rdynamic CMakeFiles/cmTC_cbb69.dir/CMakeCXXCompilerABI.cpp.o  -o cmTC_cbb69 
mpicxx for MPICH version 3.2
icpc version 19.1.2.275 (gcc version 9.2.1 compatibility)
/home/aron/opt/intel/compilers_and_libraries_2020.3.275/linux/bin/intel64/mcpcom    -mGLOB_em64t=TRUE -mP1OPT_version=19.1-intel64 -mGLOB_diag_file=CMakeFiles/cmTC_cbb69.dir/CMakeCXXCompilerABI.cpp.diag -mGLOB_long_size_64 -mGLOB_routine_pointer_size_64 -mP1OPT_print_version=FALSE -mCG_use_gas_got_workaround=F -mP2OPT_align_option_used=TRUE -mGLOB_gcc_version=921 "-mGLOB_options_string=-I/home/aron/opt/zlib_intel/include -I/home/aron/opt/hdf5_intel/include -I/home/aron/opt/mpich_intel/include -L/home/aron/opt/zlib_intel/lib -L/home/aron/opt/hdf5_intel/lib -O1 -xHost -axSSE4.2 -fPIC -O1 -xHost -axSSE4.2 -fPIC -std=c99 -v -rdynamic -o cmTC_cbb69 -L/home/aron/opt/mpich_intel/lib -lmpicxx -Wl,-rpath -Wl,/home/aron/opt/mpich_intel/lib -Wl,--enable-new-dtags -lmpi" -mGLOB_position_independent_code -mGLOB_preemption_model=3 -mGLOB_cxx_limited_range=FALSE -mCG_extend_parms=FALSE -mGLOB_compiler_bin_directory=/home/aron/opt/intel/compilers_and_libraries_2020.3.275/linux/bin/intel64 -mGLOB_as_output_backup_file_name=/tmp/icpcIBnxSnas_.s -mGLOB_dashboard_use_source_name -mIPOPT_activate -mGLOB_product_id_code=0x22006d90 -mGLOB_nonstandard_lib -mGLOB_specialized_instructions=0x400 -mIPOPT_auto_cpu_activate -mGLOB_advanced_optim=TRUE -mGLOB_cpu_x=Host -mGLOB_opt_for_size=TRUE -mP3OPT_use_mspp_call_convention -mP2OPT_subs_out_of_bound=FALSE -mP2OPT_disam_type_based_disam=2 -mP2OPT_disam_assume_ansi_c -mP2OPT_checked_disam_ansi_alias=TRUE -mGLOB_ansi_alias -mPGOPTI_value_profile_use=T -mGLOB_opt_report_use_source_name -mP2OPT_hpo_omp_simd_only=FALSE -mP2OPT_il0_array_sections=TRUE -mGLOB_offload_mode=1 -mP2OPT_offload_unique_var_string=icpc03968234967UD9Dk -mGLOB_opt_level=1 -mP2OPT_hpo_rtt_control=0 -mP2OPT_hlo_loop_unroll=FALSE -mP2OPT_unroll_amount_ceiling=0 -mIPOPT_args_in_regs=0 -mP2OPT_disam_assume_nonstd_intent_in=FALSE -mGLOB_imf_mapping_library=/home/aron/opt/intel/compilers_and_libraries_2020.3.275/linux/bin/intel64/libiml_attr.so -mPGOPTI_gen_threadsafe_level=0 -mIPOPT_link -mIPOPT_ipo_activate -mIPOPT_mo_activate -mIPOPT_source_files_list=/tmp/icpcslisUXdJfk -mIPOPT_mo_global_data -mIPOPT_link_script_file=/tmp/icpcscriptrgklyl "-mIPOPT_cmdline_link="/usr/lib/gcc/x86_64-linux-gnu/9/../../../x86_64-linux-gnu/Scrt1.o" "/usr/lib/gcc/x86_64-linux-gnu/9/../../../x86_64-linux-gnu/crti.o" "/usr/lib/gcc/x86_64-linux-gnu/9/crtbeginS.o" "-export-dynamic" "--eh-frame-hdr" "--build-id" "-dynamic-linker" "/lib64/ld-linux-x86-64.so.2" "-m" "elf_x86_64" "-L/home/aron/opt/zlib_intel/lib" "-L/home/aron/opt/hdf5_intel/lib" "-L/home/aron/opt/mpich_intel/lib" "-o" "cmTC_cbb69" "-L/home/aron/opt/intel/compilers_and_libraries_2020.3.275/linux/mpi/intel64/libfabric/lib" "-L/home/aron/opt/intel/compilers_and_libraries_2020.3.275/linux/ipp/lib/intel64" "-L/home/aron/opt/intel/compilers_and_libraries_2020.3.275/linux/compiler/lib/intel64_lin" "-L/home/aron/opt/intel/compilers_and_libraries_2020.3.275/linux/mkl/lib/intel64_lin" "-L/home/aron/opt/intel/compilers_and_libraries_2020.3.275/linux/tbb/lib/intel64/gcc4.8" "-L/home/aron/opt/intel/compilers_and_libraries_2020.3.275/linux/tbb/lib/intel64/gcc4.8" "-L/home/aron/opt/intel/compilers_and_libraries_2020.3.275/linux/daal/lib/intel64_lin" "-L/home/aron/opt/intel/compilers_and_libraries_2020.3.275/linux/daal/../tbb/lib/intel64_lin/gcc4.4" "-L/home/aron/opt/intel/compilers_and_libraries_2020.3.275/linux/daal/../tbb/lib/intel64_lin/gcc4.8" "-L/home/aron/opt/intel/compilers_and_libraries_2020.3.275/linux/compiler/lib/intel64_lin" "-L/home/aron/opt/intel/compilers_and_libraries_2020.3.275/linux/mpi/intel64/libfabric/lib/../lib/" "-L/usr/lib/gcc/x86_64-linux-gnu/9/" "-L/usr/lib/gcc/x86_64-linux-gnu/9/../../../x86_64-linux-gnu/" "-L/usr/lib/gcc/x86_64-linux-gnu/9/../../../../lib64" "-L/usr/lib/gcc/x86_64-linux-gnu/9/../../../../lib/" "-L/lib/x86_64-linux-gnu/" "-L/lib/../lib64" "-L/lib/../lib/" "-L/usr/lib/x86_64-linux-gnu/" "-L/usr/lib/../lib64" "-L/usr/lib/../lib/" "-L/home/aron/opt/intel/compilers_and_libraries_2020.3.275/linux/mpi/intel64/libfabric/lib/" "-L/home/aron/opt/intel/compilers_and_libraries_2020.3.275/linux/ipp/lib/intel64/" "-L/home/aron/opt/intel/compilers_and_libraries_2020.3.275/linux/compiler/lib/intel64_lin/" "-L/home/aron/opt/intel/compilers_and_libraries_2020.3.275/linux/mkl/lib/intel64_lin/" "-L/home/aron/opt/intel/compilers_and_libraries_2020.3.275/linux/tbb/lib/intel64/gcc4.8/" "-L/home/aron/opt/intel/compilers_and_libraries_2020.3.275/linux/daal/lib/intel64_lin/" "-L/home/aron/opt/intel/compilers_and_libraries_2020.3.275/linux/daal/../tbb/lib/intel64_lin/gcc4.8/" "-L/usr/lib/gcc/x86_64-linux-gnu/9/../../../" "-L/lib64" "-L/lib/" "-L/usr/lib64" "-L/usr/lib" "CMakeFiles/cmTC_cbb69.dir/CMakeCXXCompilerABI.cpp.o" "-lmpicxx" "-rpath" "/home/aron/opt/mpich_intel/lib" "--enable-new-dtags" "-lmpi" "-Bdynamic" "-Bstatic" "-limf" "-lsvml" "-lirng" "-Bdynamic" "-lstdc++" "-lm" "-Bstatic" "-lipgo" "-ldecimal" "--as-needed" "-Bdynamic" "-lcilkrts" "--no-as-needed" "-lstdc++" "-lgcc" "-lgcc_s" "-Bstatic" "-lirc" "-lsvml" "-Bdynamic" "-lc" "-lgcc" "-lgcc_s" "-Bstatic" "-lirc_s" "-Bdynamic" "-ldl" "-lc" "/usr/lib/gcc/x86_64-linux-gnu/9/crtendS.o" "/usr/lib/gcc/x86_64-linux-gnu/9/../../../x86_64-linux-gnu/crtn.o"" -mIPOPT_il_in_obj -mIPOPT_ipo_activate_warn=FALSE -mIPOPT_obj_output_file_name=/tmp/ipo_icpcE0HJmn.o -mIPOPT_whole_archive_fixup_file_name=/tmp/icpcwarchmy9fZm -mGLOB_linker_version=2.33 -mGLOB_linker=ld -mGLOB_driver_tempfile_name=/tmp/icpctempfile0fx4Qo -mP3OPT_asm_target=P3OPT_ASM_TARGET_GAS -mGLOB_async_unwind_tables=TRUE -mGLOB_obj_output_file=/tmp/ipo_icpcE0HJmn.o -mGLOB_source_dialect=GLOB_SOURCE_DIALECT_NONE -mP1OPT_source_file_name=ipo_out.c CMakeFiles/cmTC_cbb69.dir/CMakeCXXCompilerABI.cpp.o -mIPOPT_object_files=T -mIPOPT_assembly_files=/tmp/icpcalisnPvUko -mIPOPT_generated_tempfiles=/tmp/icpcelislYna6n -mIPOPT_embedded_object_base_name=/tmp/icpceobjz8Aqsn -mIPOPT_cmdline_link_new_name=/tmp/icpcllis2RGbWl
ld    /usr/lib/gcc/x86_64-linux-gnu/9/../../../x86_64-linux-gnu/Scrt1.o /usr/lib/gcc/x86_64-linux-gnu/9/../../../x86_64-linux-gnu/crti.o /usr/lib/gcc/x86_64-linux-gnu/9/crtbeginS.o -export-dynamic --eh-frame-hdr --build-id -dynamic-linker /lib64/ld-linux-x86-64.so.2 -m elf_x86_64 -L/home/aron/opt/zlib_intel/lib -L/home/aron/opt/hdf5_intel/lib -L/home/aron/opt/mpich_intel/lib -o cmTC_cbb69 -L/home/aron/opt/intel/compilers_and_libraries_2020.3.275/linux/mpi/intel64/libfabric/lib -L/home/aron/opt/intel/compilers_and_libraries_2020.3.275/linux/ipp/lib/intel64 -L/home/aron/opt/intel/compilers_and_libraries_2020.3.275/linux/compiler/lib/intel64_lin -L/home/aron/opt/intel/compilers_and_libraries_2020.3.275/linux/mkl/lib/intel64_lin -L/home/aron/opt/intel/compilers_and_libraries_2020.3.275/linux/tbb/lib/intel64/gcc4.8 -L/home/aron/opt/intel/compilers_and_libraries_2020.3.275/linux/tbb/lib/intel64/gcc4.8 -L/home/aron/opt/intel/compilers_and_libraries_2020.3.275/linux/daal/lib/intel64_lin -L/home/aron/opt/intel/compilers_and_libraries_2020.3.275/linux/daal/../tbb/lib/intel64_lin/gcc4.4 -L/home/aron/opt/intel/compilers_and_libraries_2020.3.275/linux/daal/../tbb/lib/intel64_lin/gcc4.8 -L/home/aron/opt/intel/compilers_and_libraries_2020.3.275/linux/compiler/lib/intel64_lin -L/home/aron/opt/intel/compilers_and_libraries_2020.3.275/linux/mpi/intel64/libfabric/lib/../lib/ -L/usr/lib/gcc/x86_64-linux-gnu/9/ -L/usr/lib/gcc/x86_64-linux-gnu/9/../../../x86_64-linux-gnu/ -L/usr/lib/gcc/x86_64-linux-gnu/9/../../../../lib64 -L/usr/lib/gcc/x86_64-linux-gnu/9/../../../../lib/ -L/lib/x86_64-linux-gnu/ -L/lib/../lib64 -L/lib/../lib/ -L/usr/lib/x86_64-linux-gnu/ -L/usr/lib/../lib64 -L/usr/lib/../lib/ -L/home/aron/opt/intel/compilers_and_libraries_2020.3.275/linux/mpi/intel64/libfabric/lib/ -L/home/aron/opt/intel/compilers_and_libraries_2020.3.275/linux/ipp/lib/intel64/ -L/home/aron/opt/intel/compilers_and_libraries_2020.3.275/linux/compiler/lib/intel64_lin/ -L/home/aron/opt/intel/compilers_and_libraries_2020.3.275/linux/mkl/lib/intel64_lin/ -L/home/aron/opt/intel/compilers_and_libraries_2020.3.275/linux/tbb/lib/intel64/gcc4.8/ -L/home/aron/opt/intel/compilers_and_libraries_2020.3.275/linux/daal/lib/intel64_lin/ -L/home/aron/opt/intel/compilers_and_libraries_2020.3.275/linux/daal/../tbb/lib/intel64_lin/gcc4.8/ -L/usr/lib/gcc/x86_64-linux-gnu/9/../../../ -L/lib64 -L/lib/ -L/usr/lib64 -L/usr/lib CMakeFiles/cmTC_cbb69.dir/CMakeCXXCompilerABI.cpp.o -lmpicxx -rpath /home/aron/opt/mpich_intel/lib --enable-new-dtags -lmpi -Bdynamic -Bstatic -limf -lsvml -lirng -Bdynamic -lstdc++ -lm -Bstatic -lipgo -ldecimal --as-needed -Bdynamic -lcilkrts --no-as-needed -lstdc++ -lgcc -lgcc_s -Bstatic -lirc -lsvml -Bdynamic -lc -lgcc -lgcc_s -Bstatic -lirc_s -Bdynamic -ldl -lc /usr/lib/gcc/x86_64-linux-gnu/9/crtendS.o /usr/lib/gcc/x86_64-linux-gnu/9/../../../x86_64-linux-gnu/crtn.o
make[3]: Leaving directory '/home/aron/git/github_schism/schism/src/ParMetis-4.0.3/build/Linux-x86_64/CMakeFiles/CMakeTmp'
make[2]: Leaving directory '/home/aron/git/github_schism/schism/src/ParMetis-4.0.3/build/Linux-x86_64/CMakeFiles/CMakeTmp'


Parsed CXX implicit link information from above output:
  link line regex: [^( *|.*[/\])(ld|CMAKE_LINK_STARTFILE-NOTFOUND|([^/\]+-)?ld|collect2)[^/\]*( |$)]
  ignore line: [Change Dir: /home/aron/git/github_schism/schism/src/ParMetis-4.0.3/build/Linux-x86_64/CMakeFiles/CMakeTmp]
  ignore line: []
  ignore line: [Run Build Command:"/bin/make" "cmTC_cbb69/fast"]
  ignore line: [make[2]: Entering directory '/home/aron/git/github_schism/schism/src/ParMetis-4.0.3/build/Linux-x86_64/CMakeFiles/CMakeTmp']
  ignore line: [/bin/make -f CMakeFiles/cmTC_cbb69.dir/build.make CMakeFiles/cmTC_cbb69.dir/build]
  ignore line: [make[3]: Entering directory '/home/aron/git/github_schism/schism/src/ParMetis-4.0.3/build/Linux-x86_64/CMakeFiles/CMakeTmp']
  ignore line: [Building CXX object CMakeFiles/cmTC_cbb69.dir/CMakeCXXCompilerABI.cpp.o]
  ignore line: [/home/aron/opt/mpich_intel/bin/mpicxx    -O1 -xHost -axSSE4.2 -fPIC -std=c99    -o CMakeFiles/cmTC_cbb69.dir/CMakeCXXCompilerABI.cpp.o -c /usr/share/cmake-3.13/Modules/CMakeCXXCompilerABI.cpp]
  ignore line: [icpc: command line warning #10381: option '-std=c99' is not valid for C++ compilations]
  ignore line: [Linking CXX executable cmTC_cbb69]
  ignore line: [/usr/bin/cmake -E cmake_link_script CMakeFiles/cmTC_cbb69.dir/link.txt --verbose=1]
  ignore line: [/home/aron/opt/mpich_intel/bin/mpicxx  -O1 -xHost -axSSE4.2 -fPIC -std=c99    -v -rdynamic CMakeFiles/cmTC_cbb69.dir/CMakeCXXCompilerABI.cpp.o  -o cmTC_cbb69 ]
  ignore line: [mpicxx for MPICH version 3.2]
  ignore line: [icpc version 19.1.2.275 (gcc version 9.2.1 compatibility)]
  ignore line: [/home/aron/opt/intel/compilers_and_libraries_2020.3.275/linux/bin/intel64/mcpcom    -mGLOB_em64t=TRUE -mP1OPT_version=19.1-intel64 -mGLOB_diag_file=CMakeFiles/cmTC_cbb69.dir/CMakeCXXCompilerABI.cpp.diag -mGLOB_long_size_64 -mGLOB_routine_pointer_size_64 -mP1OPT_print_version=FALSE -mCG_use_gas_got_workaround=F -mP2OPT_align_option_used=TRUE -mGLOB_gcc_version=921 "-mGLOB_options_string=-I/home/aron/opt/zlib_intel/include -I/home/aron/opt/hdf5_intel/include -I/home/aron/opt/mpich_intel/include -L/home/aron/opt/zlib_intel/lib -L/home/aron/opt/hdf5_intel/lib -O1 -xHost -axSSE4.2 -fPIC -O1 -xHost -axSSE4.2 -fPIC -std=c99 -v -rdynamic -o cmTC_cbb69 -L/home/aron/opt/mpich_intel/lib -lmpicxx -Wl,-rpath -Wl,/home/aron/opt/mpich_intel/lib -Wl,--enable-new-dtags -lmpi" -mGLOB_position_independent_code -mGLOB_preemption_model=3 -mGLOB_cxx_limited_range=FALSE -mCG_extend_parms=FALSE -mGLOB_compiler_bin_directory=/home/aron/opt/intel/compilers_and_libraries_2020.3.275/linux/bin/intel64 -mGLOB_as_output_backup_file_name=/tmp/icpcIBnxSnas_.s -mGLOB_dashboard_use_source_name -mIPOPT_activate -mGLOB_product_id_code=0x22006d90 -mGLOB_nonstandard_lib -mGLOB_specialized_instructions=0x400 -mIPOPT_auto_cpu_activate -mGLOB_advanced_optim=TRUE -mGLOB_cpu_x=Host -mGLOB_opt_for_size=TRUE -mP3OPT_use_mspp_call_convention -mP2OPT_subs_out_of_bound=FALSE -mP2OPT_disam_type_based_disam=2 -mP2OPT_disam_assume_ansi_c -mP2OPT_checked_disam_ansi_alias=TRUE -mGLOB_ansi_alias -mPGOPTI_value_profile_use=T -mGLOB_opt_report_use_source_name -mP2OPT_hpo_omp_simd_only=FALSE -mP2OPT_il0_array_sections=TRUE -mGLOB_offload_mode=1 -mP2OPT_offload_unique_var_string=icpc03968234967UD9Dk -mGLOB_opt_level=1 -mP2OPT_hpo_rtt_control=0 -mP2OPT_hlo_loop_unroll=FALSE -mP2OPT_unroll_amount_ceiling=0 -mIPOPT_args_in_regs=0 -mP2OPT_disam_assume_nonstd_intent_in=FALSE -mGLOB_imf_mapping_library=/home/aron/opt/intel/compilers_and_libraries_2020.3.275/linux/bin/intel64/libiml_attr.so -mPGOPTI_gen_threadsafe_level=0 -mIPOPT_link -mIPOPT_ipo_activate -mIPOPT_mo_activate -mIPOPT_source_files_list=/tmp/icpcslisUXdJfk -mIPOPT_mo_global_data -mIPOPT_link_script_file=/tmp/icpcscriptrgklyl "-mIPOPT_cmdline_link="/usr/lib/gcc/x86_64-linux-gnu/9/../../../x86_64-linux-gnu/Scrt1.o" "/usr/lib/gcc/x86_64-linux-gnu/9/../../../x86_64-linux-gnu/crti.o" "/usr/lib/gcc/x86_64-linux-gnu/9/crtbeginS.o" "-export-dynamic" "--eh-frame-hdr" "--build-id" "-dynamic-linker" "/lib64/ld-linux-x86-64.so.2" "-m" "elf_x86_64" "-L/home/aron/opt/zlib_intel/lib" "-L/home/aron/opt/hdf5_intel/lib" "-L/home/aron/opt/mpich_intel/lib" "-o" "cmTC_cbb69" "-L/home/aron/opt/intel/compilers_and_libraries_2020.3.275/linux/mpi/intel64/libfabric/lib" "-L/home/aron/opt/intel/compilers_and_libraries_2020.3.275/linux/ipp/lib/intel64" "-L/home/aron/opt/intel/compilers_and_libraries_2020.3.275/linux/compiler/lib/intel64_lin" "-L/home/aron/opt/intel/compilers_and_libraries_2020.3.275/linux/mkl/lib/intel64_lin" "-L/home/aron/opt/intel/compilers_and_libraries_2020.3.275/linux/tbb/lib/intel64/gcc4.8" "-L/home/aron/opt/intel/compilers_and_libraries_2020.3.275/linux/tbb/lib/intel64/gcc4.8" "-L/home/aron/opt/intel/compilers_and_libraries_2020.3.275/linux/daal/lib/intel64_lin" "-L/home/aron/opt/intel/compilers_and_libraries_2020.3.275/linux/daal/../tbb/lib/intel64_lin/gcc4.4" "-L/home/aron/opt/intel/compilers_and_libraries_2020.3.275/linux/daal/../tbb/lib/intel64_lin/gcc4.8" "-L/home/aron/opt/intel/compilers_and_libraries_2020.3.275/linux/compiler/lib/intel64_lin" "-L/home/aron/opt/intel/compilers_and_libraries_2020.3.275/linux/mpi/intel64/libfabric/lib/../lib/" "-L/usr/lib/gcc/x86_64-linux-gnu/9/" "-L/usr/lib/gcc/x86_64-linux-gnu/9/../../../x86_64-linux-gnu/" "-L/usr/lib/gcc/x86_64-linux-gnu/9/../../../../lib64" "-L/usr/lib/gcc/x86_64-linux-gnu/9/../../../../lib/" "-L/lib/x86_64-linux-gnu/" "-L/lib/../lib64" "-L/lib/../lib/" "-L/usr/lib/x86_64-linux-gnu/" "-L/usr/lib/../lib64" "-L/usr/lib/../lib/" "-L/home/aron/opt/intel/compilers_and_libraries_2020.3.275/linux/mpi/intel64/libfabric/lib/" "-L/home/aron/opt/intel/compilers_and_libraries_2020.3.275/linux/ipp/lib/intel64/" "-L/home/aron/opt/intel/compilers_and_libraries_2020.3.275/linux/compiler/lib/intel64_lin/" "-L/home/aron/opt/intel/compilers_and_libraries_2020.3.275/linux/mkl/lib/intel64_lin/" "-L/home/aron/opt/intel/compilers_and_libraries_2020.3.275/linux/tbb/lib/intel64/gcc4.8/" "-L/home/aron/opt/intel/compilers_and_libraries_2020.3.275/linux/daal/lib/intel64_lin/" "-L/home/aron/opt/intel/compilers_and_libraries_2020.3.275/linux/daal/../tbb/lib/intel64_lin/gcc4.8/" "-L/usr/lib/gcc/x86_64-linux-gnu/9/../../../" "-L/lib64" "-L/lib/" "-L/usr/lib64" "-L/usr/lib" "CMakeFiles/cmTC_cbb69.dir/CMakeCXXCompilerABI.cpp.o" "-lmpicxx" "-rpath" "/home/aron/opt/mpich_intel/lib" "--enable-new-dtags" "-lmpi" "-Bdynamic" "-Bstatic" "-limf" "-lsvml" "-lirng" "-Bdynamic" "-lstdc++" "-lm" "-Bstatic" "-lipgo" "-ldecimal" "--as-needed" "-Bdynamic" "-lcilkrts" "--no-as-needed" "-lstdc++" "-lgcc" "-lgcc_s" "-Bstatic" "-lirc" "-lsvml" "-Bdynamic" "-lc" "-lgcc" "-lgcc_s" "-Bstatic" "-lirc_s" "-Bdynamic" "-ldl" "-lc" "/usr/lib/gcc/x86_64-linux-gnu/9/crtendS.o" "/usr/lib/gcc/x86_64-linux-gnu/9/../../../x86_64-linux-gnu/crtn.o"" -mIPOPT_il_in_obj -mIPOPT_ipo_activate_warn=FALSE -mIPOPT_obj_output_file_name=/tmp/ipo_icpcE0HJmn.o -mIPOPT_whole_archive_fixup_file_name=/tmp/icpcwarchmy9fZm -mGLOB_linker_version=2.33 -mGLOB_linker=ld -mGLOB_driver_tempfile_name=/tmp/icpctempfile0fx4Qo -mP3OPT_asm_target=P3OPT_ASM_TARGET_GAS -mGLOB_async_unwind_tables=TRUE -mGLOB_obj_output_file=/tmp/ipo_icpcE0HJmn.o -mGLOB_source_dialect=GLOB_SOURCE_DIALECT_NONE -mP1OPT_source_file_name=ipo_out.c CMakeFiles/cmTC_cbb69.dir/CMakeCXXCompilerABI.cpp.o -mIPOPT_object_files=T -mIPOPT_assembly_files=/tmp/icpcalisnPvUko -mIPOPT_generated_tempfiles=/tmp/icpcelislYna6n -mIPOPT_embedded_object_base_name=/tmp/icpceobjz8Aqsn -mIPOPT_cmdline_link_new_name=/tmp/icpcllis2RGbWl]
  link line: [ld    /usr/lib/gcc/x86_64-linux-gnu/9/../../../x86_64-linux-gnu/Scrt1.o /usr/lib/gcc/x86_64-linux-gnu/9/../../../x86_64-linux-gnu/crti.o /usr/lib/gcc/x86_64-linux-gnu/9/crtbeginS.o -export-dynamic --eh-frame-hdr --build-id -dynamic-linker /lib64/ld-linux-x86-64.so.2 -m elf_x86_64 -L/home/aron/opt/zlib_intel/lib -L/home/aron/opt/hdf5_intel/lib -L/home/aron/opt/mpich_intel/lib -o cmTC_cbb69 -L/home/aron/opt/intel/compilers_and_libraries_2020.3.275/linux/mpi/intel64/libfabric/lib -L/home/aron/opt/intel/compilers_and_libraries_2020.3.275/linux/ipp/lib/intel64 -L/home/aron/opt/intel/compilers_and_libraries_2020.3.275/linux/compiler/lib/intel64_lin -L/home/aron/opt/intel/compilers_and_libraries_2020.3.275/linux/mkl/lib/intel64_lin -L/home/aron/opt/intel/compilers_and_libraries_2020.3.275/linux/tbb/lib/intel64/gcc4.8 -L/home/aron/opt/intel/compilers_and_libraries_2020.3.275/linux/tbb/lib/intel64/gcc4.8 -L/home/aron/opt/intel/compilers_and_libraries_2020.3.275/linux/daal/lib/intel64_lin -L/home/aron/opt/intel/compilers_and_libraries_2020.3.275/linux/daal/../tbb/lib/intel64_lin/gcc4.4 -L/home/aron/opt/intel/compilers_and_libraries_2020.3.275/linux/daal/../tbb/lib/intel64_lin/gcc4.8 -L/home/aron/opt/intel/compilers_and_libraries_2020.3.275/linux/compiler/lib/intel64_lin -L/home/aron/opt/intel/compilers_and_libraries_2020.3.275/linux/mpi/intel64/libfabric/lib/../lib/ -L/usr/lib/gcc/x86_64-linux-gnu/9/ -L/usr/lib/gcc/x86_64-linux-gnu/9/../../../x86_64-linux-gnu/ -L/usr/lib/gcc/x86_64-linux-gnu/9/../../../../lib64 -L/usr/lib/gcc/x86_64-linux-gnu/9/../../../../lib/ -L/lib/x86_64-linux-gnu/ -L/lib/../lib64 -L/lib/../lib/ -L/usr/lib/x86_64-linux-gnu/ -L/usr/lib/../lib64 -L/usr/lib/../lib/ -L/home/aron/opt/intel/compilers_and_libraries_2020.3.275/linux/mpi/intel64/libfabric/lib/ -L/home/aron/opt/intel/compilers_and_libraries_2020.3.275/linux/ipp/lib/intel64/ -L/home/aron/opt/intel/compilers_and_libraries_2020.3.275/linux/compiler/lib/intel64_lin/ -L/home/aron/opt/intel/compilers_and_libraries_2020.3.275/linux/mkl/lib/intel64_lin/ -L/home/aron/opt/intel/compilers_and_libraries_2020.3.275/linux/tbb/lib/intel64/gcc4.8/ -L/home/aron/opt/intel/compilers_and_libraries_2020.3.275/linux/daal/lib/intel64_lin/ -L/home/aron/opt/intel/compilers_and_libraries_2020.3.275/linux/daal/../tbb/lib/intel64_lin/gcc4.8/ -L/usr/lib/gcc/x86_64-linux-gnu/9/../../../ -L/lib64 -L/lib/ -L/usr/lib64 -L/usr/lib CMakeFiles/cmTC_cbb69.dir/CMakeCXXCompilerABI.cpp.o -lmpicxx -rpath /home/aron/opt/mpich_intel/lib --enable-new-dtags -lmpi -Bdynamic -Bstatic -limf -lsvml -lirng -Bdynamic -lstdc++ -lm -Bstatic -lipgo -ldecimal --as-needed -Bdynamic -lcilkrts --no-as-needed -lstdc++ -lgcc -lgcc_s -Bstatic -lirc -lsvml -Bdynamic -lc -lgcc -lgcc_s -Bstatic -lirc_s -Bdynamic -ldl -lc /usr/lib/gcc/x86_64-linux-gnu/9/crtendS.o /usr/lib/gcc/x86_64-linux-gnu/9/../../../x86_64-linux-gnu/crtn.o]
    arg [ld] ==> ignore
    arg [/usr/lib/gcc/x86_64-linux-gnu/9/../../../x86_64-linux-gnu/Scrt1.o] ==> ignore
    arg [/usr/lib/gcc/x86_64-linux-gnu/9/../../../x86_64-linux-gnu/crti.o] ==> ignore
    arg [/usr/lib/gcc/x86_64-linux-gnu/9/crtbeginS.o] ==> ignore
    arg [-export-dynamic] ==> ignore
    arg [--eh-frame-hdr] ==> ignore
    arg [--build-id] ==> ignore
    arg [-dynamic-linker] ==> ignore
    arg [/lib64/ld-linux-x86-64.so.2] ==> ignore
    arg [-m] ==> ignore
    arg [elf_x86_64] ==> ignore
    arg [-L/home/aron/opt/zlib_intel/lib] ==> dir [/home/aron/opt/zlib_intel/lib]
    arg [-L/home/aron/opt/hdf5_intel/lib] ==> dir [/home/aron/opt/hdf5_intel/lib]
    arg [-L/home/aron/opt/mpich_intel/lib] ==> dir [/home/aron/opt/mpich_intel/lib]
    arg [-o] ==> ignore
    arg [cmTC_cbb69] ==> ignore
    arg [-L/home/aron/opt/intel/compilers_and_libraries_2020.3.275/linux/mpi/intel64/libfabric/lib] ==> dir [/home/aron/opt/intel/compilers_and_libraries_2020.3.275/linux/mpi/intel64/libfabric/lib]
    arg [-L/home/aron/opt/intel/compilers_and_libraries_2020.3.275/linux/ipp/lib/intel64] ==> dir [/home/aron/opt/intel/compilers_and_libraries_2020.3.275/linux/ipp/lib/intel64]
    arg [-L/home/aron/opt/intel/compilers_and_libraries_2020.3.275/linux/compiler/lib/intel64_lin] ==> dir [/home/aron/opt/intel/compilers_and_libraries_2020.3.275/linux/compiler/lib/intel64_lin]
    arg [-L/home/aron/opt/intel/compilers_and_libraries_2020.3.275/linux/mkl/lib/intel64_lin] ==> dir [/home/aron/opt/intel/compilers_and_libraries_2020.3.275/linux/mkl/lib/intel64_lin]
    arg [-L/home/aron/opt/intel/compilers_and_libraries_2020.3.275/linux/tbb/lib/intel64/gcc4.8] ==> dir [/home/aron/opt/intel/compilers_and_libraries_2020.3.275/linux/tbb/lib/intel64/gcc4.8]
    arg [-L/home/aron/opt/intel/compilers_and_libraries_2020.3.275/linux/tbb/lib/intel64/gcc4.8] ==> dir [/home/aron/opt/intel/compilers_and_libraries_2020.3.275/linux/tbb/lib/intel64/gcc4.8]
    arg [-L/home/aron/opt/intel/compilers_and_libraries_2020.3.275/linux/daal/lib/intel64_lin] ==> dir [/home/aron/opt/intel/compilers_and_libraries_2020.3.275/linux/daal/lib/intel64_lin]
    arg [-L/home/aron/opt/intel/compilers_and_libraries_2020.3.275/linux/daal/../tbb/lib/intel64_lin/gcc4.4] ==> dir [/home/aron/opt/intel/compilers_and_libraries_2020.3.275/linux/daal/../tbb/lib/intel64_lin/gcc4.4]
    arg [-L/home/aron/opt/intel/compilers_and_libraries_2020.3.275/linux/daal/../tbb/lib/intel64_lin/gcc4.8] ==> dir [/home/aron/opt/intel/compilers_and_libraries_2020.3.275/linux/daal/../tbb/lib/intel64_lin/gcc4.8]
    arg [-L/home/aron/opt/intel/compilers_and_libraries_2020.3.275/linux/compiler/lib/intel64_lin] ==> dir [/home/aron/opt/intel/compilers_and_libraries_2020.3.275/linux/compiler/lib/intel64_lin]
    arg [-L/home/aron/opt/intel/compilers_and_libraries_2020.3.275/linux/mpi/intel64/libfabric/lib/../lib/] ==> dir [/home/aron/opt/intel/compilers_and_libraries_2020.3.275/linux/mpi/intel64/libfabric/lib/../lib/]
    arg [-L/usr/lib/gcc/x86_64-linux-gnu/9/] ==> dir [/usr/lib/gcc/x86_64-linux-gnu/9/]
    arg [-L/usr/lib/gcc/x86_64-linux-gnu/9/../../../x86_64-linux-gnu/] ==> dir [/usr/lib/gcc/x86_64-linux-gnu/9/../../../x86_64-linux-gnu/]
    arg [-L/usr/lib/gcc/x86_64-linux-gnu/9/../../../../lib64] ==> dir [/usr/lib/gcc/x86_64-linux-gnu/9/../../../../lib64]
    arg [-L/usr/lib/gcc/x86_64-linux-gnu/9/../../../../lib/] ==> dir [/usr/lib/gcc/x86_64-linux-gnu/9/../../../../lib/]
    arg [-L/lib/x86_64-linux-gnu/] ==> dir [/lib/x86_64-linux-gnu/]
    arg [-L/lib/../lib64] ==> dir [/lib/../lib64]
    arg [-L/lib/../lib/] ==> dir [/lib/../lib/]
    arg [-L/usr/lib/x86_64-linux-gnu/] ==> dir [/usr/lib/x86_64-linux-gnu/]
    arg [-L/usr/lib/../lib64] ==> dir [/usr/lib/../lib64]
    arg [-L/usr/lib/../lib/] ==> dir [/usr/lib/../lib/]
    arg [-L/home/aron/opt/intel/compilers_and_libraries_2020.3.275/linux/mpi/intel64/libfabric/lib/] ==> dir [/home/aron/opt/intel/compilers_and_libraries_2020.3.275/linux/mpi/intel64/libfabric/lib/]
    arg [-L/home/aron/opt/intel/compilers_and_libraries_2020.3.275/linux/ipp/lib/intel64/] ==> dir [/home/aron/opt/intel/compilers_and_libraries_2020.3.275/linux/ipp/lib/intel64/]
    arg [-L/home/aron/opt/intel/compilers_and_libraries_2020.3.275/linux/compiler/lib/intel64_lin/] ==> dir [/home/aron/opt/intel/compilers_and_libraries_2020.3.275/linux/compiler/lib/intel64_lin/]
    arg [-L/home/aron/opt/intel/compilers_and_libraries_2020.3.275/linux/mkl/lib/intel64_lin/] ==> dir [/home/aron/opt/intel/compilers_and_libraries_2020.3.275/linux/mkl/lib/intel64_lin/]
    arg [-L/home/aron/opt/intel/compilers_and_libraries_2020.3.275/linux/tbb/lib/intel64/gcc4.8/] ==> dir [/home/aron/opt/intel/compilers_and_libraries_2020.3.275/linux/tbb/lib/intel64/gcc4.8/]
    arg [-L/home/aron/opt/intel/compilers_and_libraries_2020.3.275/linux/daal/lib/intel64_lin/] ==> dir [/home/aron/opt/intel/compilers_and_libraries_2020.3.275/linux/daal/lib/intel64_lin/]
    arg [-L/home/aron/opt/intel/compilers_and_libraries_2020.3.275/linux/daal/../tbb/lib/intel64_lin/gcc4.8/] ==> dir [/home/aron/opt/intel/compilers_and_libraries_2020.3.275/linux/daal/../tbb/lib/intel64_lin/gcc4.8/]
    arg [-L/usr/lib/gcc/x86_64-linux-gnu/9/../../../] ==> dir [/usr/lib/gcc/x86_64-linux-gnu/9/../../../]
    arg [-L/lib64] ==> dir [/lib64]
    arg [-L/lib/] ==> dir [/lib/]
    arg [-L/usr/lib64] ==> dir [/usr/lib64]
    arg [-L/usr/lib] ==> dir [/usr/lib]
    arg [CMakeFiles/cmTC_cbb69.dir/CMakeCXXCompilerABI.cpp.o] ==> ignore
    arg [-lmpicxx] ==> lib [mpicxx]
    arg [-rpath] ==> ignore
    arg [/home/aron/opt/mpich_intel/lib] ==> ignore
    arg [--enable-new-dtags] ==> ignore
    arg [-lmpi] ==> lib [mpi]
    arg [-Bdynamic] ==> ignore
    arg [-Bstatic] ==> ignore
    arg [-limf] ==> lib [imf]
    arg [-lsvml] ==> lib [svml]
    arg [-lirng] ==> lib [irng]
    arg [-Bdynamic] ==> ignore
    arg [-lstdc++] ==> lib [stdc++]
    arg [-lm] ==> lib [m]
    arg [-Bstatic] ==> ignore
    arg [-lipgo] ==> lib [ipgo]
    arg [-ldecimal] ==> lib [decimal]
    arg [--as-needed] ==> ignore
    arg [-Bdynamic] ==> ignore
    arg [-lcilkrts] ==> lib [cilkrts]
    arg [--no-as-needed] ==> ignore
    arg [-lstdc++] ==> lib [stdc++]
    arg [-lgcc] ==> lib [gcc]
    arg [-lgcc_s] ==> lib [gcc_s]
    arg [-Bstatic] ==> ignore
    arg [-lirc] ==> lib [irc]
    arg [-lsvml] ==> lib [svml]
    arg [-Bdynamic] ==> ignore
    arg [-lc] ==> lib [c]
    arg [-lgcc] ==> lib [gcc]
    arg [-lgcc_s] ==> lib [gcc_s]
    arg [-Bstatic] ==> ignore
    arg [-lirc_s] ==> lib [irc_s]
    arg [-Bdynamic] ==> ignore
    arg [-ldl] ==> lib [dl]
    arg [-lc] ==> lib [c]
    arg [/usr/lib/gcc/x86_64-linux-gnu/9/crtendS.o] ==> ignore
    arg [/usr/lib/gcc/x86_64-linux-gnu/9/../../../x86_64-linux-gnu/crtn.o] ==> ignore
  collapse library dir [/home/aron/opt/zlib_intel/lib] ==> [/home/aron/opt/zlib_intel/lib]
  collapse library dir [/home/aron/opt/hdf5_intel/lib] ==> [/home/aron/opt/hdf5_intel/lib]
  collapse library dir [/home/aron/opt/mpich_intel/lib] ==> [/home/aron/opt/mpich_intel/lib]
  collapse library dir [/home/aron/opt/intel/compilers_and_libraries_2020.3.275/linux/mpi/intel64/libfabric/lib] ==> [/home/aron/opt/intel/compilers_and_libraries_2020.3.275/linux/mpi/intel64/libfabric/lib]
  collapse library dir [/home/aron/opt/intel/compilers_and_libraries_2020.3.275/linux/ipp/lib/intel64] ==> [/home/aron/opt/intel/compilers_and_libraries_2020.3.275/linux/ipp/lib/intel64]
  collapse library dir [/home/aron/opt/intel/compilers_and_libraries_2020.3.275/linux/compiler/lib/intel64_lin] ==> [/home/aron/opt/intel/compilers_and_libraries_2020.3.275/linux/compiler/lib/intel64_lin]
  collapse library dir [/home/aron/opt/intel/compilers_and_libraries_2020.3.275/linux/mkl/lib/intel64_lin] ==> [/home/aron/opt/intel/compilers_and_libraries_2020.3.275/linux/mkl/lib/intel64_lin]
  collapse library dir [/home/aron/opt/intel/compilers_and_libraries_2020.3.275/linux/tbb/lib/intel64/gcc4.8] ==> [/home/aron/opt/intel/compilers_and_libraries_2020.3.275/linux/tbb/lib/intel64/gcc4.8]
  collapse library dir [/home/aron/opt/intel/compilers_and_libraries_2020.3.275/linux/tbb/lib/intel64/gcc4.8] ==> [/home/aron/opt/intel/compilers_and_libraries_2020.3.275/linux/tbb/lib/intel64/gcc4.8]
  collapse library dir [/home/aron/opt/intel/compilers_and_libraries_2020.3.275/linux/daal/lib/intel64_lin] ==> [/home/aron/opt/intel/compilers_and_libraries_2020.3.275/linux/daal/lib/intel64_lin]
  collapse library dir [/home/aron/opt/intel/compilers_and_libraries_2020.3.275/linux/daal/../tbb/lib/intel64_lin/gcc4.4] ==> [/home/aron/opt/intel/compilers_and_libraries_2020.3.275/linux/tbb/lib/intel64_lin/gcc4.4]
  collapse library dir [/home/aron/opt/intel/compilers_and_libraries_2020.3.275/linux/daal/../tbb/lib/intel64_lin/gcc4.8] ==> [/home/aron/opt/intel/compilers_and_libraries_2020.3.275/linux/tbb/lib/intel64_lin/gcc4.8]
  collapse library dir [/home/aron/opt/intel/compilers_and_libraries_2020.3.275/linux/compiler/lib/intel64_lin] ==> [/home/aron/opt/intel/compilers_and_libraries_2020.3.275/linux/compiler/lib/intel64_lin]
  collapse library dir [/home/aron/opt/intel/compilers_and_libraries_2020.3.275/linux/mpi/intel64/libfabric/lib/../lib/] ==> [/home/aron/opt/intel/compilers_and_libraries_2020.3.275/linux/mpi/intel64/libfabric/lib]
  collapse library dir [/usr/lib/gcc/x86_64-linux-gnu/9/] ==> [/usr/lib/gcc/x86_64-linux-gnu/9]
  collapse library dir [/usr/lib/gcc/x86_64-linux-gnu/9/../../../x86_64-linux-gnu/] ==> [/usr/lib/x86_64-linux-gnu]
  collapse library dir [/usr/lib/gcc/x86_64-linux-gnu/9/../../../../lib64] ==> [/usr/lib64]
  collapse library dir [/usr/lib/gcc/x86_64-linux-gnu/9/../../../../lib/] ==> [/usr/lib]
  collapse library dir [/lib/x86_64-linux-gnu/] ==> [/lib/x86_64-linux-gnu]
  collapse library dir [/lib/../lib64] ==> [/lib64]
  collapse library dir [/lib/../lib/] ==> [/lib]
  collapse library dir [/usr/lib/x86_64-linux-gnu/] ==> [/usr/lib/x86_64-linux-gnu]
  collapse library dir [/usr/lib/../lib64] ==> [/usr/lib64]
  collapse library dir [/usr/lib/../lib/] ==> [/usr/lib]
  collapse library dir [/home/aron/opt/intel/compilers_and_libraries_2020.3.275/linux/mpi/intel64/libfabric/lib/] ==> [/home/aron/opt/intel/compilers_and_libraries_2020.3.275/linux/mpi/intel64/libfabric/lib]
  collapse library dir [/home/aron/opt/intel/compilers_and_libraries_2020.3.275/linux/ipp/lib/intel64/] ==> [/home/aron/opt/intel/compilers_and_libraries_2020.3.275/linux/ipp/lib/intel64]
  collapse library dir [/home/aron/opt/intel/compilers_and_libraries_2020.3.275/linux/compiler/lib/intel64_lin/] ==> [/home/aron/opt/intel/compilers_and_libraries_2020.3.275/linux/compiler/lib/intel64_lin]
  collapse library dir [/home/aron/opt/intel/compilers_and_libraries_2020.3.275/linux/mkl/lib/intel64_lin/] ==> [/home/aron/opt/intel/compilers_and_libraries_2020.3.275/linux/mkl/lib/intel64_lin]
  collapse library dir [/home/aron/opt/intel/compilers_and_libraries_2020.3.275/linux/tbb/lib/intel64/gcc4.8/] ==> [/home/aron/opt/intel/compilers_and_libraries_2020.3.275/linux/tbb/lib/intel64/gcc4.8]
  collapse library dir [/home/aron/opt/intel/compilers_and_libraries_2020.3.275/linux/daal/lib/intel64_lin/] ==> [/home/aron/opt/intel/compilers_and_libraries_2020.3.275/linux/daal/lib/intel64_lin]
  collapse library dir [/home/aron/opt/intel/compilers_and_libraries_2020.3.275/linux/daal/../tbb/lib/intel64_lin/gcc4.8/] ==> [/home/aron/opt/intel/compilers_and_libraries_2020.3.275/linux/tbb/lib/intel64_lin/gcc4.8]
  collapse library dir [/usr/lib/gcc/x86_64-linux-gnu/9/../../../] ==> [/usr/lib]
  collapse library dir [/lib64] ==> [/lib64]
  collapse library dir [/lib/] ==> [/lib]
  collapse library dir [/usr/lib64] ==> [/usr/lib64]
  collapse library dir [/usr/lib] ==> [/usr/lib]
  implicit libs: [mpicxx;mpi;imf;svml;irng;stdc++;m;ipgo;decimal;cilkrts;stdc++;gcc;gcc_s;irc;svml;c;gcc;gcc_s;irc_s;dl;c]
  implicit dirs: [/home/aron/opt/zlib_intel/lib;/home/aron/opt/hdf5_intel/lib;/home/aron/opt/mpich_intel/lib;/home/aron/opt/intel/compilers_and_libraries_2020.3.275/linux/mpi/intel64/libfabric/lib;/home/aron/opt/intel/compilers_and_libraries_2020.3.275/linux/ipp/lib/intel64;/home/aron/opt/intel/compilers_and_libraries_2020.3.275/linux/compiler/lib/intel64_lin;/home/aron/opt/intel/compilers_and_libraries_2020.3.275/linux/mkl/lib/intel64_lin;/home/aron/opt/intel/compilers_and_libraries_2020.3.275/linux/tbb/lib/intel64/gcc4.8;/home/aron/opt/intel/compilers_and_libraries_2020.3.275/linux/daal/lib/intel64_lin;/home/aron/opt/intel/compilers_and_libraries_2020.3.275/linux/tbb/lib/intel64_lin/gcc4.4;/home/aron/opt/intel/compilers_and_libraries_2020.3.275/linux/tbb/lib/intel64_lin/gcc4.8;/usr/lib/gcc/x86_64-linux-gnu/9;/usr/lib/x86_64-linux-gnu;/usr/lib64;/usr/lib;/lib/x86_64-linux-gnu;/lib64;/lib]
  implicit fwks: []




Detecting CXX [-std=c++17] compiler features compiled with the following output:
Change Dir: /home/aron/git/github_schism/schism/src/ParMetis-4.0.3/build/Linux-x86_64/CMakeFiles/CMakeTmp

Run Build Command:"/bin/make" "cmTC_c447d/fast"
make[2]: Entering directory '/home/aron/git/github_schism/schism/src/ParMetis-4.0.3/build/Linux-x86_64/CMakeFiles/CMakeTmp'
/bin/make -f CMakeFiles/cmTC_c447d.dir/build.make CMakeFiles/cmTC_c447d.dir/build
make[3]: Entering directory '/home/aron/git/github_schism/schism/src/ParMetis-4.0.3/build/Linux-x86_64/CMakeFiles/CMakeTmp'
Building CXX object CMakeFiles/cmTC_c447d.dir/feature_tests.cxx.o
/home/aron/opt/mpich_intel/bin/mpicxx    -O1 -xHost -axSSE4.2 -fPIC -std=c99    -std=c++17 -o CMakeFiles/cmTC_c447d.dir/feature_tests.cxx.o -c /home/aron/git/github_schism/schism/src/ParMetis-4.0.3/build/Linux-x86_64/CMakeFiles/feature_tests.cxx
Linking CXX executable cmTC_c447d
/usr/bin/cmake -E cmake_link_script CMakeFiles/cmTC_c447d.dir/link.txt --verbose=1
/home/aron/opt/mpich_intel/bin/mpicxx  -O1 -xHost -axSSE4.2 -fPIC -std=c99     -rdynamic CMakeFiles/cmTC_c447d.dir/feature_tests.cxx.o  -o cmTC_c447d 
make[3]: Leaving directory '/home/aron/git/github_schism/schism/src/ParMetis-4.0.3/build/Linux-x86_64/CMakeFiles/CMakeTmp'
make[2]: Leaving directory '/home/aron/git/github_schism/schism/src/ParMetis-4.0.3/build/Linux-x86_64/CMakeFiles/CMakeTmp'


    Feature record: CXX_FEATURE:1cxx_aggregate_default_initializers
    Feature record: CXX_FEATURE:1cxx_alias_templates
    Feature record: CXX_FEATURE:1cxx_alignas
    Feature record: CXX_FEATURE:1cxx_alignof
    Feature record: CXX_FEATURE:1cxx_attributes
    Feature record: CXX_FEATURE:1cxx_attribute_deprecated
    Feature record: CXX_FEATURE:1cxx_auto_type
    Feature record: CXX_FEATURE:1cxx_binary_literals
    Feature record: CXX_FEATURE:1cxx_constexpr
    Feature record: CXX_FEATURE:1cxx_contextual_conversions
    Feature record: CXX_FEATURE:1cxx_decltype
    Feature record: CXX_FEATURE:1cxx_decltype_auto
    Feature record: CXX_FEATURE:1cxx_decltype_incomplete_return_types
    Feature record: CXX_FEATURE:1cxx_default_function_template_args
    Feature record: CXX_FEATURE:1cxx_defaulted_functions
    Feature record: CXX_FEATURE:1cxx_defaulted_move_initializers
    Feature record: CXX_FEATURE:1cxx_delegating_constructors
    Feature record: CXX_FEATURE:1cxx_deleted_functions
    Feature record: CXX_FEATURE:1cxx_digit_separators
    Feature record: CXX_FEATURE:1cxx_enum_forward_declarations
    Feature record: CXX_FEATURE:1cxx_explicit_conversions
    Feature record: CXX_FEATURE:1cxx_extended_friend_declarations
    Feature record: CXX_FEATURE:1cxx_extern_templates
    Feature record: CXX_FEATURE:1cxx_final
    Feature record: CXX_FEATURE:1cxx_func_identifier
    Feature record: CXX_FEATURE:1cxx_generalized_initializers
    Feature record: CXX_FEATURE:1cxx_generic_lambdas
    Feature record: CXX_FEATURE:1cxx_inheriting_constructors
    Feature record: CXX_FEATURE:1cxx_inline_namespaces
    Feature record: CXX_FEATURE:1cxx_lambdas
    Feature record: CXX_FEATURE:1cxx_lambda_init_captures
    Feature record: CXX_FEATURE:1cxx_local_type_template_args
    Feature record: CXX_FEATURE:1cxx_long_long_type
    Feature record: CXX_FEATURE:1cxx_noexcept
    Feature record: CXX_FEATURE:1cxx_nonstatic_member_init
    Feature record: CXX_FEATURE:1cxx_nullptr
    Feature record: CXX_FEATURE:1cxx_override
    Feature record: CXX_FEATURE:1cxx_range_for
    Feature record: CXX_FEATURE:1cxx_raw_string_literals
    Feature record: CXX_FEATURE:1cxx_reference_qualified_functions
    Feature record: CXX_FEATURE:1cxx_relaxed_constexpr
    Feature record: CXX_FEATURE:1cxx_return_type_deduction
    Feature record: CXX_FEATURE:1cxx_right_angle_brackets
    Feature record: CXX_FEATURE:1cxx_rvalue_references
    Feature record: CXX_FEATURE:1cxx_sizeof_member
    Feature record: CXX_FEATURE:1cxx_static_assert
    Feature record: CXX_FEATURE:1cxx_strong_enums
    Feature record: CXX_FEATURE:1cxx_template_template_parameters
    Feature record: CXX_FEATURE:1cxx_thread_local
    Feature record: CXX_FEATURE:1cxx_trailing_return_types
    Feature record: CXX_FEATURE:1cxx_unicode_literals
    Feature record: CXX_FEATURE:1cxx_uniform_initialization
    Feature record: CXX_FEATURE:1cxx_unrestricted_unions
    Feature record: CXX_FEATURE:1cxx_user_literals
    Feature record: CXX_FEATURE:1cxx_variable_templates
    Feature record: CXX_FEATURE:1cxx_variadic_macros
    Feature record: CXX_FEATURE:1cxx_variadic_templates


Detecting CXX [-std=c++14] compiler features compiled with the following output:
Change Dir: /home/aron/git/github_schism/schism/src/ParMetis-4.0.3/build/Linux-x86_64/CMakeFiles/CMakeTmp

Run Build Command:"/bin/make" "cmTC_a5956/fast"
make[2]: Entering directory '/home/aron/git/github_schism/schism/src/ParMetis-4.0.3/build/Linux-x86_64/CMakeFiles/CMakeTmp'
/bin/make -f CMakeFiles/cmTC_a5956.dir/build.make CMakeFiles/cmTC_a5956.dir/build
make[3]: Entering directory '/home/aron/git/github_schism/schism/src/ParMetis-4.0.3/build/Linux-x86_64/CMakeFiles/CMakeTmp'
Building CXX object CMakeFiles/cmTC_a5956.dir/feature_tests.cxx.o
/home/aron/opt/mpich_intel/bin/mpicxx    -O1 -xHost -axSSE4.2 -fPIC -std=c99    -std=c++14 -o CMakeFiles/cmTC_a5956.dir/feature_tests.cxx.o -c /home/aron/git/github_schism/schism/src/ParMetis-4.0.3/build/Linux-x86_64/CMakeFiles/feature_tests.cxx
Linking CXX executable cmTC_a5956
/usr/bin/cmake -E cmake_link_script CMakeFiles/cmTC_a5956.dir/link.txt --verbose=1
/home/aron/opt/mpich_intel/bin/mpicxx  -O1 -xHost -axSSE4.2 -fPIC -std=c99     -rdynamic CMakeFiles/cmTC_a5956.dir/feature_tests.cxx.o  -o cmTC_a5956 
make[3]: Leaving directory '/home/aron/git/github_schism/schism/src/ParMetis-4.0.3/build/Linux-x86_64/CMakeFiles/CMakeTmp'
make[2]: Leaving directory '/home/aron/git/github_schism/schism/src/ParMetis-4.0.3/build/Linux-x86_64/CMakeFiles/CMakeTmp'


    Feature record: CXX_FEATURE:1cxx_aggregate_default_initializers
    Feature record: CXX_FEATURE:1cxx_alias_templates
    Feature record: CXX_FEATURE:1cxx_alignas
    Feature record: CXX_FEATURE:1cxx_alignof
    Feature record: CXX_FEATURE:1cxx_attributes
    Feature record: CXX_FEATURE:1cxx_attribute_deprecated
    Feature record: CXX_FEATURE:1cxx_auto_type
    Feature record: CXX_FEATURE:1cxx_binary_literals
    Feature record: CXX_FEATURE:1cxx_constexpr
    Feature record: CXX_FEATURE:1cxx_contextual_conversions
    Feature record: CXX_FEATURE:1cxx_decltype
    Feature record: CXX_FEATURE:1cxx_decltype_auto
    Feature record: CXX_FEATURE:1cxx_decltype_incomplete_return_types
    Feature record: CXX_FEATURE:1cxx_default_function_template_args
    Feature record: CXX_FEATURE:1cxx_defaulted_functions
    Feature record: CXX_FEATURE:1cxx_defaulted_move_initializers
    Feature record: CXX_FEATURE:1cxx_delegating_constructors
    Feature record: CXX_FEATURE:1cxx_deleted_functions
    Feature record: CXX_FEATURE:1cxx_digit_separators
    Feature record: CXX_FEATURE:1cxx_enum_forward_declarations
    Feature record: CXX_FEATURE:1cxx_explicit_conversions
    Feature record: CXX_FEATURE:1cxx_extended_friend_declarations
    Feature record: CXX_FEATURE:1cxx_extern_templates
    Feature record: CXX_FEATURE:1cxx_final
    Feature record: CXX_FEATURE:1cxx_func_identifier
    Feature record: CXX_FEATURE:1cxx_generalized_initializers
    Feature record: CXX_FEATURE:1cxx_generic_lambdas
    Feature record: CXX_FEATURE:1cxx_inheriting_constructors
    Feature record: CXX_FEATURE:1cxx_inline_namespaces
    Feature record: CXX_FEATURE:1cxx_lambdas
    Feature record: CXX_FEATURE:1cxx_lambda_init_captures
    Feature record: CXX_FEATURE:1cxx_local_type_template_args
    Feature record: CXX_FEATURE:1cxx_long_long_type
    Feature record: CXX_FEATURE:1cxx_noexcept
    Feature record: CXX_FEATURE:1cxx_nonstatic_member_init
    Feature record: CXX_FEATURE:1cxx_nullptr
    Feature record: CXX_FEATURE:1cxx_override
    Feature record: CXX_FEATURE:1cxx_range_for
    Feature record: CXX_FEATURE:1cxx_raw_string_literals
    Feature record: CXX_FEATURE:1cxx_reference_qualified_functions
    Feature record: CXX_FEATURE:1cxx_relaxed_constexpr
    Feature record: CXX_FEATURE:1cxx_return_type_deduction
    Feature record: CXX_FEATURE:1cxx_right_angle_brackets
    Feature record: CXX_FEATURE:1cxx_rvalue_references
    Feature record: CXX_FEATURE:1cxx_sizeof_member
    Feature record: CXX_FEATURE:1cxx_static_assert
    Feature record: CXX_FEATURE:1cxx_strong_enums
    Feature record: CXX_FEATURE:1cxx_template_template_parameters
    Feature record: CXX_FEATURE:1cxx_thread_local
    Feature record: CXX_FEATURE:1cxx_trailing_return_types
    Feature record: CXX_FEATURE:1cxx_unicode_literals
    Feature record: CXX_FEATURE:1cxx_uniform_initialization
    Feature record: CXX_FEATURE:1cxx_unrestricted_unions
    Feature record: CXX_FEATURE:1cxx_user_literals
    Feature record: CXX_FEATURE:1cxx_variable_templates
    Feature record: CXX_FEATURE:1cxx_variadic_macros
    Feature record: CXX_FEATURE:1cxx_variadic_templates


Detecting CXX [-std=c++11] compiler features compiled with the following output:
Change Dir: /home/aron/git/github_schism/schism/src/ParMetis-4.0.3/build/Linux-x86_64/CMakeFiles/CMakeTmp

Run Build Command:"/bin/make" "cmTC_0a1b3/fast"
make[2]: Entering directory '/home/aron/git/github_schism/schism/src/ParMetis-4.0.3/build/Linux-x86_64/CMakeFiles/CMakeTmp'
/bin/make -f CMakeFiles/cmTC_0a1b3.dir/build.make CMakeFiles/cmTC_0a1b3.dir/build
make[3]: Entering directory '/home/aron/git/github_schism/schism/src/ParMetis-4.0.3/build/Linux-x86_64/CMakeFiles/CMakeTmp'
Building CXX object CMakeFiles/cmTC_0a1b3.dir/feature_tests.cxx.o
/home/aron/opt/mpich_intel/bin/mpicxx    -O1 -xHost -axSSE4.2 -fPIC -std=c99    -std=c++11 -o CMakeFiles/cmTC_0a1b3.dir/feature_tests.cxx.o -c /home/aron/git/github_schism/schism/src/ParMetis-4.0.3/build/Linux-x86_64/CMakeFiles/feature_tests.cxx
Linking CXX executable cmTC_0a1b3
/usr/bin/cmake -E cmake_link_script CMakeFiles/cmTC_0a1b3.dir/link.txt --verbose=1
/home/aron/opt/mpich_intel/bin/mpicxx  -O1 -xHost -axSSE4.2 -fPIC -std=c99     -rdynamic CMakeFiles/cmTC_0a1b3.dir/feature_tests.cxx.o  -o cmTC_0a1b3 
make[3]: Leaving directory '/home/aron/git/github_schism/schism/src/ParMetis-4.0.3/build/Linux-x86_64/CMakeFiles/CMakeTmp'
make[2]: Leaving directory '/home/aron/git/github_schism/schism/src/ParMetis-4.0.3/build/Linux-x86_64/CMakeFiles/CMakeTmp'


    Feature record: CXX_FEATURE:0cxx_aggregate_default_initializers
    Feature record: CXX_FEATURE:1cxx_alias_templates
    Feature record: CXX_FEATURE:1cxx_alignas
    Feature record: CXX_FEATURE:1cxx_alignof
    Feature record: CXX_FEATURE:1cxx_attributes
    Feature record: CXX_FEATURE:0cxx_attribute_deprecated
    Feature record: CXX_FEATURE:1cxx_auto_type
    Feature record: CXX_FEATURE:1cxx_binary_literals
    Feature record: CXX_FEATURE:1cxx_constexpr
    Feature record: CXX_FEATURE:0cxx_contextual_conversions
    Feature record: CXX_FEATURE:1cxx_decltype
    Feature record: CXX_FEATURE:0cxx_decltype_auto
    Feature record: CXX_FEATURE:1cxx_decltype_incomplete_return_types
    Feature record: CXX_FEATURE:1cxx_default_function_template_args
    Feature record: CXX_FEATURE:1cxx_defaulted_functions
    Feature record: CXX_FEATURE:1cxx_defaulted_move_initializers
    Feature record: CXX_FEATURE:1cxx_delegating_constructors
    Feature record: CXX_FEATURE:1cxx_deleted_functions
    Feature record: CXX_FEATURE:0cxx_digit_separators
    Feature record: CXX_FEATURE:1cxx_enum_forward_declarations
    Feature record: CXX_FEATURE:1cxx_explicit_conversions
    Feature record: CXX_FEATURE:1cxx_extended_friend_declarations
    Feature record: CXX_FEATURE:1cxx_extern_templates
    Feature record: CXX_FEATURE:1cxx_final
    Feature record: CXX_FEATURE:1cxx_func_identifier
    Feature record: CXX_FEATURE:1cxx_generalized_initializers
    Feature record: CXX_FEATURE:0cxx_generic_lambdas
    Feature record: CXX_FEATURE:1cxx_inheriting_constructors
    Feature record: CXX_FEATURE:1cxx_inline_namespaces
    Feature record: CXX_FEATURE:1cxx_lambdas
    Feature record: CXX_FEATURE:0cxx_lambda_init_captures
    Feature record: CXX_FEATURE:1cxx_local_type_template_args
    Feature record: CXX_FEATURE:1cxx_long_long_type
    Feature record: CXX_FEATURE:1cxx_noexcept
    Feature record: CXX_FEATURE:1cxx_nonstatic_member_init
    Feature record: CXX_FEATURE:1cxx_nullptr
    Feature record: CXX_FEATURE:1cxx_override
    Feature record: CXX_FEATURE:1cxx_range_for
    Feature record: CXX_FEATURE:1cxx_raw_string_literals
    Feature record: CXX_FEATURE:1cxx_reference_qualified_functions
    Feature record: CXX_FEATURE:0cxx_relaxed_constexpr
    Feature record: CXX_FEATURE:0cxx_return_type_deduction
    Feature record: CXX_FEATURE:1cxx_right_angle_brackets
    Feature record: CXX_FEATURE:1cxx_rvalue_references
    Feature record: CXX_FEATURE:1cxx_sizeof_member
    Feature record: CXX_FEATURE:1cxx_static_assert
    Feature record: CXX_FEATURE:1cxx_strong_enums
    Feature record: CXX_FEATURE:1cxx_template_template_parameters
    Feature record: CXX_FEATURE:1cxx_thread_local
    Feature record: CXX_FEATURE:1cxx_trailing_return_types
    Feature record: CXX_FEATURE:1cxx_unicode_literals
    Feature record: CXX_FEATURE:1cxx_uniform_initialization
    Feature record: CXX_FEATURE:1cxx_unrestricted_unions
    Feature record: CXX_FEATURE:1cxx_user_literals
    Feature record: CXX_FEATURE:0cxx_variable_templates
    Feature record: CXX_FEATURE:1cxx_variadic_macros
    Feature record: CXX_FEATURE:1cxx_variadic_templates


Detecting CXX [-std=c++98] compiler features compiled with the following output:
Change Dir: /home/aron/git/github_schism/schism/src/ParMetis-4.0.3/build/Linux-x86_64/CMakeFiles/CMakeTmp

Run Build Command:"/bin/make" "cmTC_79799/fast"
make[2]: Entering directory '/home/aron/git/github_schism/schism/src/ParMetis-4.0.3/build/Linux-x86_64/CMakeFiles/CMakeTmp'
/bin/make -f CMakeFiles/cmTC_79799.dir/build.make CMakeFiles/cmTC_79799.dir/build
make[3]: Entering directory '/home/aron/git/github_schism/schism/src/ParMetis-4.0.3/build/Linux-x86_64/CMakeFiles/CMakeTmp'
Building CXX object CMakeFiles/cmTC_79799.dir/feature_tests.cxx.o
/home/aron/opt/mpich_intel/bin/mpicxx    -O1 -xHost -axSSE4.2 -fPIC -std=c99    -std=c++98 -o CMakeFiles/cmTC_79799.dir/feature_tests.cxx.o -c /home/aron/git/github_schism/schism/src/ParMetis-4.0.3/build/Linux-x86_64/CMakeFiles/feature_tests.cxx
Linking CXX executable cmTC_79799
/usr/bin/cmake -E cmake_link_script CMakeFiles/cmTC_79799.dir/link.txt --verbose=1
/home/aron/opt/mpich_intel/bin/mpicxx  -O1 -xHost -axSSE4.2 -fPIC -std=c99     -rdynamic CMakeFiles/cmTC_79799.dir/feature_tests.cxx.o  -o cmTC_79799 
make[3]: Leaving directory '/home/aron/git/github_schism/schism/src/ParMetis-4.0.3/build/Linux-x86_64/CMakeFiles/CMakeTmp'
make[2]: Leaving directory '/home/aron/git/github_schism/schism/src/ParMetis-4.0.3/build/Linux-x86_64/CMakeFiles/CMakeTmp'


    Feature record: CXX_FEATURE:0cxx_aggregate_default_initializers
    Feature record: CXX_FEATURE:0cxx_alias_templates
    Feature record: CXX_FEATURE:0cxx_alignas
    Feature record: CXX_FEATURE:0cxx_alignof
    Feature record: CXX_FEATURE:0cxx_attributes
    Feature record: CXX_FEATURE:0cxx_attribute_deprecated
    Feature record: CXX_FEATURE:0cxx_auto_type
    Feature record: CXX_FEATURE:1cxx_binary_literals
    Feature record: CXX_FEATURE:0cxx_constexpr
    Feature record: CXX_FEATURE:0cxx_contextual_conversions
    Feature record: CXX_FEATURE:0cxx_decltype
    Feature record: CXX_FEATURE:0cxx_decltype_auto
    Feature record: CXX_FEATURE:0cxx_decltype_incomplete_return_types
    Feature record: CXX_FEATURE:0cxx_default_function_template_args
    Feature record: CXX_FEATURE:0cxx_defaulted_functions
    Feature record: CXX_FEATURE:0cxx_defaulted_move_initializers
    Feature record: CXX_FEATURE:0cxx_delegating_constructors
    Feature record: CXX_FEATURE:0cxx_deleted_functions
    Feature record: CXX_FEATURE:0cxx_digit_separators
    Feature record: CXX_FEATURE:0cxx_enum_forward_declarations
    Feature record: CXX_FEATURE:0cxx_explicit_conversions
    Feature record: CXX_FEATURE:0cxx_extended_friend_declarations
    Feature record: CXX_FEATURE:0cxx_extern_templates
    Feature record: CXX_FEATURE:0cxx_final
    Feature record: CXX_FEATURE:0cxx_func_identifier
    Feature record: CXX_FEATURE:0cxx_generalized_initializers
    Feature record: CXX_FEATURE:0cxx_generic_lambdas
    Feature record: CXX_FEATURE:0cxx_inheriting_constructors
    Feature record: CXX_FEATURE:0cxx_inline_namespaces
    Feature record: CXX_FEATURE:0cxx_lambdas
    Feature record: CXX_FEATURE:0cxx_lambda_init_captures
    Feature record: CXX_FEATURE:0cxx_local_type_template_args
    Feature record: CXX_FEATURE:0cxx_long_long_type
    Feature record: CXX_FEATURE:0cxx_noexcept
    Feature record: CXX_FEATURE:0cxx_nonstatic_member_init
    Feature record: CXX_FEATURE:0cxx_nullptr
    Feature record: CXX_FEATURE:0cxx_override
    Feature record: CXX_FEATURE:0cxx_range_for
    Feature record: CXX_FEATURE:0cxx_raw_string_literals
    Feature record: CXX_FEATURE:0cxx_reference_qualified_functions
    Feature record: CXX_FEATURE:0cxx_relaxed_constexpr
    Feature record: CXX_FEATURE:0cxx_return_type_deduction
    Feature record: CXX_FEATURE:0cxx_right_angle_brackets
    Feature record: CXX_FEATURE:0cxx_rvalue_references
    Feature record: CXX_FEATURE:0cxx_sizeof_member
    Feature record: CXX_FEATURE:0cxx_static_assert
    Feature record: CXX_FEATURE:0cxx_strong_enums
    Feature record: CXX_FEATURE:0cxx_template_template_parameters
    Feature record: CXX_FEATURE:0cxx_thread_local
    Feature record: CXX_FEATURE:0cxx_trailing_return_types
    Feature record: CXX_FEATURE:0cxx_unicode_literals
    Feature record: CXX_FEATURE:0cxx_uniform_initialization
    Feature record: CXX_FEATURE:0cxx_unrestricted_unions
    Feature record: CXX_FEATURE:0cxx_user_literals
    Feature record: CXX_FEATURE:0cxx_variable_templates
    Feature record: CXX_FEATURE:0cxx_variadic_macros
    Feature record: CXX_FEATURE:0cxx_variadic_templates
Determining if the include file execinfo.h exists passed with the following output:
Change Dir: /home/aron/git/github_schism/schism/src/ParMetis-4.0.3/build/Linux-x86_64/CMakeFiles/CMakeTmp

Run Build Command:"/bin/make" "cmTC_c7374/fast"
make[2]: Entering directory '/home/aron/git/github_schism/schism/src/ParMetis-4.0.3/build/Linux-x86_64/CMakeFiles/CMakeTmp'
/bin/make -f CMakeFiles/cmTC_c7374.dir/build.make CMakeFiles/cmTC_c7374.dir/build
make[3]: Entering directory '/home/aron/git/github_schism/schism/src/ParMetis-4.0.3/build/Linux-x86_64/CMakeFiles/CMakeTmp'
Building C object CMakeFiles/cmTC_c7374.dir/CheckIncludeFile.c.o
/home/aron/opt/mpich_intel/bin/mpicc   -O1 -xHost -axSSE4.2 -fPIC     -o CMakeFiles/cmTC_c7374.dir/CheckIncludeFile.c.o   -c /home/aron/git/github_schism/schism/src/ParMetis-4.0.3/build/Linux-x86_64/CMakeFiles/CMakeTmp/CheckIncludeFile.c
Linking C executable cmTC_c7374
/usr/bin/cmake -E cmake_link_script CMakeFiles/cmTC_c7374.dir/link.txt --verbose=1
/home/aron/opt/mpich_intel/bin/mpicc -O1 -xHost -axSSE4.2 -fPIC      -rdynamic CMakeFiles/cmTC_c7374.dir/CheckIncludeFile.c.o  -o cmTC_c7374 
make[3]: Leaving directory '/home/aron/git/github_schism/schism/src/ParMetis-4.0.3/build/Linux-x86_64/CMakeFiles/CMakeTmp'
make[2]: Leaving directory '/home/aron/git/github_schism/schism/src/ParMetis-4.0.3/build/Linux-x86_64/CMakeFiles/CMakeTmp'


Determining if the function getline exists passed with the following output:
Change Dir: /home/aron/git/github_schism/schism/src/ParMetis-4.0.3/build/Linux-x86_64/CMakeFiles/CMakeTmp

Run Build Command:"/bin/make" "cmTC_91418/fast"
make[2]: Entering directory '/home/aron/git/github_schism/schism/src/ParMetis-4.0.3/build/Linux-x86_64/CMakeFiles/CMakeTmp'
/bin/make -f CMakeFiles/cmTC_91418.dir/build.make CMakeFiles/cmTC_91418.dir/build
make[3]: Entering directory '/home/aron/git/github_schism/schism/src/ParMetis-4.0.3/build/Linux-x86_64/CMakeFiles/CMakeTmp'
Building C object CMakeFiles/cmTC_91418.dir/CheckFunctionExists.c.o
/home/aron/opt/mpich_intel/bin/mpicc   -O1 -xHost -axSSE4.2 -fPIC  -DCHECK_FUNCTION_EXISTS=getline   -o CMakeFiles/cmTC_91418.dir/CheckFunctionExists.c.o   -c /usr/share/cmake-3.13/Modules/CheckFunctionExists.c
Linking C executable cmTC_91418
/usr/bin/cmake -E cmake_link_script CMakeFiles/cmTC_91418.dir/link.txt --verbose=1
/home/aron/opt/mpich_intel/bin/mpicc -O1 -xHost -axSSE4.2 -fPIC  -DCHECK_FUNCTION_EXISTS=getline    -rdynamic CMakeFiles/cmTC_91418.dir/CheckFunctionExists.c.o  -o cmTC_91418 
make[3]: Leaving directory '/home/aron/git/github_schism/schism/src/ParMetis-4.0.3/build/Linux-x86_64/CMakeFiles/CMakeTmp'
make[2]: Leaving directory '/home/aron/git/github_schism/schism/src/ParMetis-4.0.3/build/Linux-x86_64/CMakeFiles/CMakeTmp'


