Can't find file: mpif.h
Can't find file: yowincludes.h
Can't find file: wwm_functions.h
Can't find file: wwm_functions.h
Can't find file: finclude/petscsysdef.h
Can't find file: finclude/petscmatdef.h
Can't find file: finclude/petscvecdef.h
Can't find file: finclude/petscviewerdef.h
Can't find file: finclude/petscdrawdef.h
Can't find file: finclude/petsckspdef.h
Can't find file: finclude/petscsysdef.h
Can't find file: finclude/petscaodef.h
Can't find file: finclude/petscisdef.h
Can't find file: petscversion.h
Can't find file: wwm_functions.h
Can't find file: wwm_functions.h
Can't find file: finclude/petscsys.h
Can't find file: finclude/petscvec.h
Can't find file: finclude/petscvec.h90
Can't find file: finclude/petscmat.h
Can't find file: finclude/petscksp.h
Can't find file: finclude/petscao.h
Can't find file: finclude/petscis.h
Can't find file: finclude/petscdraw.h
Can't find file: finclude/petscviewer.h
Can't find file: finclude/petscviewer.h90
Can't find file: finclude/petscviewerdef.h
Can't find file: wwm_functions.h
Can't find file: finclude/petscsysdef.h
Can't find file: finclude/petscaodef.h
Can't find file: finclude/petscisdef.h
Can't find file: finclude/petscvecdef.h
Can't find file: finclude/petscmatdef.h
Can't find file: finclude/petsckspdef.h
Can't find file: wwm_functions.h
Can't find file: finclude/petscsysdef.h
Can't find file: finclude/petscaodef.h
Can't find file: finclude/petscisdef.h
Can't find file: finclude/petscvecdef.h
Can't find file: finclude/petscmatdef.h
Can't find file: finclude/petsckspdef.h
Can't find file: wwm_functions.h
Can't find file: wwm_functions.h
Can't find file: finclude/petscsysdef.h
Can't find file: wwm_functions.h
Can't find file: wwm_functions.h
Can't find file: wwm_functions.h
Can't find file: wwm_functions.h
Can't find file: wwm_functions.h
Can't find file: wwm_functions.h
Can't find file: wwm_functions.h
Can't find file: wwm_functions.h
Can't find file: wwm_functions.h
Can't find file: wwm_functions.h
Can't find file: mpif.h
Can't find file: mpif.h
Can't find file: wwm_functions.h
Can't find file: wwm_functions.h
Can't find file: wwm_functions.h
Can't find file: wwm_functions.h
Can't find file: wwm_functions.h
Can't find file: wwm_functions.h
Can't find file: wwm_functions.h
Can't find file: wwm_functions.h
Can't find file: wwm_functions.h
Can't find file: wwm_functions.h
Can't find file: wwm_functions.h
Can't find file: wwm_functions.h
Can't find file: wwm_functions.h
Can't find file: wwm_functions.h
Can't find file: wwm_functions.h
Can't find file: wwm_functions.h
Can't find file: wwm_functions.h
Can't find file: wwm_functions.h
Can't find file: wwm_functions.h
Can't find file: wwm_functions.h
Can't find file: wwm_functions.h
Can't find file: wwm_functions.h
Can't find file: wwm_functions.h
Can't find file: wwm_functions.h
Can't find file: wwm_functions.h
Can't find file: wwm_functions.h
Can't find file: wwm_functions.h
Can't find file: wwm_functions.h
Can't find file: wwm_functions.h
Can't find file: wwm_functions.h
Can't find file: wwm_functions.h
Can't find file: wwm_functions.h
Can't find file: wwm_functions.h
Can't find file: wwm_functions.h
Can't find file: mpif.h
Can't find file: mpif.h
Can't find file: mpif.h
Can't find file: mpif.h
Can't find file: mpif.h
Can't find file: mpif.h
Can't find file: mpif.h
Can't find file: mpif.h
Can't find file: mpif.h
Can't find file: mpif.h
Can't find file: mpif.h
Can't find file: mpif.h
Can't find file: mpif.h
Can't find file: mpif.h
Can't find file: mpif.h
Can't find file: mpif.h
Can't find file: mpif.h
Can't find file: netcdf.inc
Can't find file: netcdf.inc
Can't find file: netcdf.inc
Can't find file: netcdf.inc
Can't find file: netcdf.inc
